{"/Users/andypearson/Code/postplanpro_v2/src/lib/accountBackupConstants.ts": {"path":"/Users/andypearson/Code/postplanpro_v2/src/lib/accountBackupConstants.ts","statementMap":{"0":{"start":{"line":1,"column":37},"end":{"line":1,"column":null}},"1":{"start":{"line":2,"column":38},"end":{"line":2,"column":null}},"2":{"start":{"line":4,"column":45},"end":{"line":4,"column":null}},"3":{"start":{"line":7,"column":44},"end":{"line":7,"column":null}}},"fnMap":{},"branchMap":{},"s":{"0":2,"1":2,"2":2,"3":2},"f":{},"b":{},"meta":{"lastBranch":0,"lastFunction":0,"lastStatement":4,"seen":{"s:1:37:1:Infinity":0,"s:2:38:2:Infinity":1,"s:4:45:4:Infinity":2,"s:7:44:7:Infinity":3}}}
,"/Users/andypearson/Code/postplanpro_v2/src/lib/admin.ts": {"path":"/Users/andypearson/Code/postplanpro_v2/src/lib/admin.ts","statementMap":{"0":{"start":{"line":10,"column":16},"end":{"line":10,"column":null}},"1":{"start":{"line":11,"column":1},"end":{"line":13,"column":null}},"2":{"start":{"line":12,"column":2},"end":{"line":12,"column":null}},"3":{"start":{"line":14,"column":7},"end":{"line":14,"column":null}},"4":{"start":{"line":15,"column":13},"end":{"line":15,"column":null}},"5":{"start":{"line":16,"column":1},"end":{"line":18,"column":null}},"6":{"start":{"line":17,"column":2},"end":{"line":17,"column":null}},"7":{"start":{"line":19,"column":1},"end":{"line":19,"column":null}}},"fnMap":{"0":{"name":"requireAdmin","decl":{"start":{"line":9,"column":16},"end":{"line":9,"column":29}},"loc":{"start":{"line":9,"column":58},"end":{"line":20,"column":null}},"line":9}},"branchMap":{"0":{"loc":{"start":{"line":11,"column":1},"end":{"line":13,"column":null}},"type":"if","locations":[{"start":{"line":11,"column":1},"end":{"line":13,"column":null}},{"start":{},"end":{}}],"line":11},"1":{"loc":{"start":{"line":16,"column":1},"end":{"line":18,"column":null}},"type":"if","locations":[{"start":{"line":16,"column":1},"end":{"line":18,"column":null}},{"start":{},"end":{}}],"line":16}},"s":{"0":8,"1":8,"2":1,"3":7,"4":7,"5":7,"6":2,"7":5},"f":{"0":8},"b":{"0":[1,7],"1":[2,5]},"meta":{"lastBranch":2,"lastFunction":1,"lastStatement":8,"seen":{"f:9:16:9:29":0,"s:10:16:10:Infinity":0,"b:11:1:13:Infinity:undefined:undefined:undefined:undefined":0,"s:11:1:13:Infinity":1,"s:12:2:12:Infinity":2,"s:14:7:14:Infinity":3,"s:15:13:15:Infinity":4,"b:16:1:18:Infinity:undefined:undefined:undefined:undefined":1,"s:16:1:18:Infinity":5,"s:17:2:17:Infinity":6,"s:19:1:19:Infinity":7}}}
,"/Users/andypearson/Code/postplanpro_v2/src/lib/calendarColors.ts": {"path":"/Users/andypearson/Code/postplanpro_v2/src/lib/calendarColors.ts","statementMap":{"0":{"start":{"line":2,"column":27},"end":{"line":4,"column":null}},"1":{"start":{"line":7,"column":1},"end":{"line":7,"column":null}}},"fnMap":{"0":{"name":"ruleColor","decl":{"start":{"line":6,"column":16},"end":{"line":6,"column":26}},"loc":{"start":{"line":6,"column":53},"end":{"line":8,"column":null}},"line":6}},"branchMap":{},"s":{"0":2,"1":4},"f":{"0":4},"b":{},"meta":{"lastBranch":0,"lastFunction":1,"lastStatement":2,"seen":{"s:2:27:4:Infinity":0,"f:6:16:6:26":0,"s:7:1:7:Infinity":1}}}
,"/Users/andypearson/Code/postplanpro_v2/src/lib/payload.ts": {"path":"/Users/andypearson/Code/postplanpro_v2/src/lib/payload.ts","statementMap":{"0":{"start":{"line":8,"column":1},"end":{"line":8,"column":null}},"1":{"start":{"line":8,"column":36},"end":{"line":8,"column":null}},"2":{"start":{"line":9,"column":1},"end":{"line":22,"column":null}},"3":{"start":{"line":11,"column":3},"end":{"line":11,"column":null}},"4":{"start":{"line":13,"column":3},"end":{"line":13,"column":null}},"5":{"start":{"line":15,"column":3},"end":{"line":19,"column":null}},"6":{"start":{"line":16,"column":4},"end":{"line":16,"column":null}},"7":{"start":{"line":18,"column":4},"end":{"line":18,"column":null}},"8":{"start":{"line":21,"column":3},"end":{"line":21,"column":null}},"9":{"start":{"line":26,"column":38},"end":{"line":26,"column":null}},"10":{"start":{"line":27,"column":12},"end":{"line":27,"column":null}},"11":{"start":{"line":29,"column":1},"end":{"line":32,"column":null}},"12":{"start":{"line":30,"column":2},"end":{"line":31,"column":null}},"13":{"start":{"line":30,"column":12},"end":{"line":30,"column":null}},"14":{"start":{"line":30,"column":26},"end":{"line":31,"column":null}},"15":{"start":{"line":31,"column":17},"end":{"line":31,"column":null}},"16":{"start":{"line":33,"column":1},"end":{"line":33,"column":null}},"17":{"start":{"line":37,"column":14},"end":{"line":37,"column":null}},"18":{"start":{"line":38,"column":1},"end":{"line":38,"column":null}},"19":{"start":{"line":38,"column":12},"end":{"line":38,"column":null}},"20":{"start":{"line":39,"column":14},"end":{"line":39,"column":null}},"21":{"start":{"line":40,"column":1},"end":{"line":40,"column":null}},"22":{"start":{"line":40,"column":24},"end":{"line":40,"column":null}},"23":{"start":{"line":42,"column":20},"end":{"line":42,"column":null}},"24":{"start":{"line":43,"column":1},"end":{"line":59,"column":null}},"25":{"start":{"line":43,"column":14},"end":{"line":43,"column":17}},"26":{"start":{"line":44,"column":14},"end":{"line":44,"column":null}},"27":{"start":{"line":45,"column":15},"end":{"line":45,"column":null}},"28":{"start":{"line":46,"column":2},"end":{"line":58,"column":null}},"29":{"start":{"line":47,"column":3},"end":{"line":47,"column":null}},"30":{"start":{"line":47,"column":28},"end":{"line":47,"column":null}},"31":{"start":{"line":48,"column":3},"end":{"line":50,"column":null}},"32":{"start":{"line":49,"column":4},"end":{"line":49,"column":null}},"33":{"start":{"line":51,"column":3},"end":{"line":51,"column":null}},"34":{"start":{"line":53,"column":15},"end":{"line":53,"column":null}},"35":{"start":{"line":54,"column":3},"end":{"line":56,"column":null}},"36":{"start":{"line":55,"column":4},"end":{"line":55,"column":null}},"37":{"start":{"line":57,"column":3},"end":{"line":57,"column":null}},"38":{"start":{"line":61,"column":14},"end":{"line":61,"column":null}},"39":{"start":{"line":62,"column":1},"end":{"line":65,"column":null}},"40":{"start":{"line":63,"column":2},"end":{"line":63,"column":null}},"41":{"start":{"line":63,"column":26},"end":{"line":63,"column":null}},"42":{"start":{"line":64,"column":2},"end":{"line":64,"column":null}},"43":{"start":{"line":66,"column":2},"end":{"line":66,"column":null}},"44":{"start":{"line":74,"column":39},"end":{"line":79,"column":null}},"45":{"start":{"line":80,"column":1},"end":{"line":82,"column":null}},"46":{"start":{"line":81,"column":2},"end":{"line":81,"column":null}},"47":{"start":{"line":83,"column":1},"end":{"line":85,"column":null}},"48":{"start":{"line":84,"column":2},"end":{"line":84,"column":null}},"49":{"start":{"line":86,"column":1},"end":{"line":86,"column":null}}},"fnMap":{"0":{"name":"parseValue","decl":{"start":{"line":7,"column":16},"end":{"line":7,"column":27}},"loc":{"start":{"line":7,"column":72},"end":{"line":23,"column":null}},"line":7},"1":{"name":"pathSegments","decl":{"start":{"line":25,"column":9},"end":{"line":25,"column":22}},"loc":{"start":{"line":25,"column":60},"end":{"line":34,"column":null}},"line":25},"2":{"name":"setByPath","decl":{"start":{"line":36,"column":16},"end":{"line":36,"column":26}},"loc":{"start":{"line":36,"column":92},"end":{"line":67,"column":null}},"line":36},"3":{"name":"buildPostPayload","decl":{"start":{"line":69,"column":16},"end":{"line":69,"column":null}},"loc":{"start":{"line":73,"column":27},"end":{"line":87,"column":null}},"line":73}},"branchMap":{"0":{"loc":{"start":{"line":8,"column":1},"end":{"line":8,"column":null}},"type":"if","locations":[{"start":{"line":8,"column":1},"end":{"line":8,"column":null}},{"start":{},"end":{}}],"line":8},"1":{"loc":{"start":{"line":8,"column":5},"end":{"line":8,"column":36}},"type":"binary-expr","locations":[{"start":{"line":8,"column":5},"end":{"line":8,"column":22}},{"start":{"line":8,"column":22},"end":{"line":8,"column":36}}],"line":8},"2":{"loc":{"start":{"line":9,"column":1},"end":{"line":22,"column":null}},"type":"switch","locations":[{"start":{"line":10,"column":2},"end":{"line":11,"column":null}},{"start":{"line":12,"column":2},"end":{"line":13,"column":null}},{"start":{"line":14,"column":2},"end":{"line":19,"column":null}},{"start":{"line":20,"column":2},"end":{"line":21,"column":null}}],"line":9},"3":{"loc":{"start":{"line":13,"column":10},"end":{"line":13,"column":null}},"type":"binary-expr","locations":[{"start":{"line":13,"column":10},"end":{"line":13,"column":30}},{"start":{"line":13,"column":30},"end":{"line":13,"column":null}}],"line":13},"4":{"loc":{"start":{"line":30,"column":2},"end":{"line":31,"column":null}},"type":"if","locations":[{"start":{"line":30,"column":2},"end":{"line":31,"column":null}},{"start":{"line":30,"column":26},"end":{"line":31,"column":null}}],"line":30},"5":{"loc":{"start":{"line":30,"column":26},"end":{"line":31,"column":null}},"type":"if","locations":[{"start":{"line":30,"column":26},"end":{"line":31,"column":null}},{"start":{},"end":{}}],"line":30},"6":{"loc":{"start":{"line":38,"column":1},"end":{"line":38,"column":null}},"type":"if","locations":[{"start":{"line":38,"column":1},"end":{"line":38,"column":null}},{"start":{},"end":{}}],"line":38},"7":{"loc":{"start":{"line":40,"column":1},"end":{"line":40,"column":null}},"type":"if","locations":[{"start":{"line":40,"column":1},"end":{"line":40,"column":null}},{"start":{},"end":{}}],"line":40},"8":{"loc":{"start":{"line":46,"column":2},"end":{"line":58,"column":null}},"type":"if","locations":[{"start":{"line":46,"column":2},"end":{"line":58,"column":null}},{"start":{"line":52,"column":9},"end":{"line":58,"column":null}}],"line":46},"9":{"loc":{"start":{"line":47,"column":3},"end":{"line":47,"column":null}},"type":"if","locations":[{"start":{"line":47,"column":3},"end":{"line":47,"column":null}},{"start":{},"end":{}}],"line":47},"10":{"loc":{"start":{"line":48,"column":3},"end":{"line":50,"column":null}},"type":"if","locations":[{"start":{"line":48,"column":3},"end":{"line":50,"column":null}},{"start":{},"end":{}}],"line":48},"11":{"loc":{"start":{"line":48,"column":7},"end":{"line":48,"column":57}},"type":"binary-expr","locations":[{"start":{"line":48,"column":7},"end":{"line":48,"column":27}},{"start":{"line":48,"column":27},"end":{"line":48,"column":57}}],"line":48},"12":{"loc":{"start":{"line":49,"column":15},"end":{"line":49,"column":null}},"type":"cond-expr","locations":[{"start":{"line":49,"column":42},"end":{"line":49,"column":47}},{"start":{"line":49,"column":47},"end":{"line":49,"column":null}}],"line":49},"13":{"loc":{"start":{"line":54,"column":3},"end":{"line":56,"column":null}},"type":"if","locations":[{"start":{"line":54,"column":3},"end":{"line":56,"column":null}},{"start":{},"end":{}}],"line":54},"14":{"loc":{"start":{"line":54,"column":7},"end":{"line":54,"column":57}},"type":"binary-expr","locations":[{"start":{"line":54,"column":7},"end":{"line":54,"column":27}},{"start":{"line":54,"column":27},"end":{"line":54,"column":57}}],"line":54},"15":{"loc":{"start":{"line":55,"column":15},"end":{"line":55,"column":null}},"type":"cond-expr","locations":[{"start":{"line":55,"column":42},"end":{"line":55,"column":47}},{"start":{"line":55,"column":47},"end":{"line":55,"column":null}}],"line":55},"16":{"loc":{"start":{"line":62,"column":1},"end":{"line":65,"column":null}},"type":"if","locations":[{"start":{"line":62,"column":1},"end":{"line":65,"column":null}},{"start":{},"end":{}}],"line":62},"17":{"loc":{"start":{"line":63,"column":2},"end":{"line":63,"column":null}},"type":"if","locations":[{"start":{"line":63,"column":2},"end":{"line":63,"column":null}},{"start":{},"end":{}}],"line":63}},"s":{"0":11,"1":2,"2":9,"3":2,"4":3,"5":2,"6":2,"7":1,"8":2,"9":5,"10":5,"11":5,"12":7,"13":5,"14":2,"15":2,"16":5,"17":7,"18":7,"19":2,"20":5,"21":5,"22":0,"23":5,"24":5,"25":5,"26":2,"27":2,"28":2,"29":0,"30":0,"31":0,"32":0,"33":0,"34":2,"35":2,"36":1,"37":2,"38":5,"39":5,"40":2,"41":1,"42":2,"43":3,"44":70,"45":70,"46":1,"47":70,"48":1,"49":70},"f":{"0":11,"1":5,"2":7,"3":70},"b":{"0":[2,9],"1":[11,10],"2":[9,3,2,2],"3":[3,2],"4":[5,2],"5":[2,0],"6":[2,5],"7":[0,5],"8":[0,2],"9":[0,0],"10":[0,0],"11":[0,0],"12":[0,0],"13":[1,1],"14":[2,1],"15":[0,1],"16":[2,3],"17":[1,1]},"meta":{"lastBranch":18,"lastFunction":4,"lastStatement":50,"seen":{"f:7:16:7:27":0,"b:8:1:8:Infinity:undefined:undefined:undefined:undefined":0,"s:8:1:8:Infinity":0,"b:8:5:8:22:8:22:8:36":1,"s:8:36:8:Infinity":1,"b:10:2:11:Infinity:12:2:13:Infinity:14:2:19:Infinity:20:2:21:Infinity":2,"s:9:1:22:Infinity":2,"s:11:3:11:Infinity":3,"s:13:3:13:Infinity":4,"b:13:10:13:30:13:30:13:Infinity":3,"s:15:3:19:Infinity":5,"s:16:4:16:Infinity":6,"s:18:4:18:Infinity":7,"s:21:3:21:Infinity":8,"f:25:9:25:22":1,"s:26:38:26:Infinity":9,"s:27:12:27:Infinity":10,"s:29:1:32:Infinity":11,"b:30:2:31:Infinity:30:26:31:Infinity":4,"s:30:2:31:Infinity":12,"s:30:12:30:Infinity":13,"b:30:26:31:Infinity:undefined:undefined:undefined:undefined":5,"s:30:26:31:Infinity":14,"s:31:17:31:Infinity":15,"s:33:1:33:Infinity":16,"f:36:16:36:26":2,"s:37:14:37:Infinity":17,"b:38:1:38:Infinity:undefined:undefined:undefined:undefined":6,"s:38:1:38:Infinity":18,"s:38:12:38:Infinity":19,"s:39:14:39:Infinity":20,"b:40:1:40:Infinity:undefined:undefined:undefined:undefined":7,"s:40:1:40:Infinity":21,"s:40:24:40:Infinity":22,"s:42:20:42:Infinity":23,"s:43:1:59:Infinity":24,"s:43:14:43:17":25,"s:44:14:44:Infinity":26,"s:45:15:45:Infinity":27,"b:46:2:58:Infinity:52:9:58:Infinity":8,"s:46:2:58:Infinity":28,"b:47:3:47:Infinity:undefined:undefined:undefined:undefined":9,"s:47:3:47:Infinity":29,"s:47:28:47:Infinity":30,"b:48:3:50:Infinity:undefined:undefined:undefined:undefined":10,"s:48:3:50:Infinity":31,"b:48:7:48:27:48:27:48:57":11,"s:49:4:49:Infinity":32,"b:49:42:49:47:49:47:49:Infinity":12,"s:51:3:51:Infinity":33,"s:53:15:53:Infinity":34,"b:54:3:56:Infinity:undefined:undefined:undefined:undefined":13,"s:54:3:56:Infinity":35,"b:54:7:54:27:54:27:54:57":14,"s:55:4:55:Infinity":36,"b:55:42:55:47:55:47:55:Infinity":15,"s:57:3:57:Infinity":37,"s:61:14:61:Infinity":38,"b:62:1:65:Infinity:undefined:undefined:undefined:undefined":16,"s:62:1:65:Infinity":39,"b:63:2:63:Infinity:undefined:undefined:undefined:undefined":17,"s:63:2:63:Infinity":40,"s:63:26:63:Infinity":41,"s:64:2:64:Infinity":42,"s:66:2:66:Infinity":43,"f:69:16:69:Infinity":3,"s:74:39:79:Infinity":44,"s:80:1:82:Infinity":45,"s:81:2:81:Infinity":46,"s:83:1:85:Infinity":47,"s:84:2:84:Infinity":48,"s:86:1:86:Infinity":49}}}
,"/Users/andypearson/Code/postplanpro_v2/src/lib/postColors.ts": {"path":"/Users/andypearson/Code/postplanpro_v2/src/lib/postColors.ts","statementMap":{"0":{"start":{"line":2,"column":34},"end":{"line":2,"column":null}},"1":{"start":{"line":5,"column":41},"end":{"line":5,"column":null}},"2":{"start":{"line":7,"column":36},"end":{"line":20,"column":null}},"3":{"start":{"line":22,"column":21},"end":{"line":22,"column":null}},"4":{"start":{"line":25,"column":17},"end":{"line":25,"column":null}},"5":{"start":{"line":26,"column":1},"end":{"line":26,"column":null}},"6":{"start":{"line":26,"column":15},"end":{"line":26,"column":null}},"7":{"start":{"line":27,"column":1},"end":{"line":27,"column":null}},"8":{"start":{"line":27,"column":34},"end":{"line":27,"column":null}},"9":{"start":{"line":28,"column":1},"end":{"line":28,"column":null}},"10":{"start":{"line":32,"column":15},"end":{"line":32,"column":null}},"11":{"start":{"line":33,"column":1},"end":{"line":33,"column":null}}},"fnMap":{"0":{"name":"normalizePostColor","decl":{"start":{"line":24,"column":16},"end":{"line":24,"column":35}},"loc":{"start":{"line":24,"column":84},"end":{"line":29,"column":null}},"line":24},"1":{"name":"randomTailwindPostColor","decl":{"start":{"line":31,"column":16},"end":{"line":31,"column":50}},"loc":{"start":{"line":31,"column":50},"end":{"line":34,"column":null}},"line":31}},"branchMap":{"0":{"loc":{"start":{"line":25,"column":17},"end":{"line":25,"column":null}},"type":"binary-expr","locations":[{"start":{"line":25,"column":17},"end":{"line":25,"column":34}},{"start":{"line":25,"column":34},"end":{"line":25,"column":null}}],"line":25},"1":{"loc":{"start":{"line":26,"column":1},"end":{"line":26,"column":null}},"type":"if","locations":[{"start":{"line":26,"column":1},"end":{"line":26,"column":null}},{"start":{},"end":{}}],"line":26},"2":{"loc":{"start":{"line":27,"column":1},"end":{"line":27,"column":null}},"type":"if","locations":[{"start":{"line":27,"column":1},"end":{"line":27,"column":null}},{"start":{},"end":{}}],"line":27}},"s":{"0":7,"1":7,"2":7,"3":7,"4":32,"5":32,"6":26,"7":6,"8":3,"9":3,"10":1,"11":1},"f":{"0":32,"1":1},"b":{"0":[32,24],"1":[26,6],"2":[3,3]},"meta":{"lastBranch":3,"lastFunction":2,"lastStatement":12,"seen":{"s:2:34:2:Infinity":0,"s:5:41:5:Infinity":1,"s:7:36:20:Infinity":2,"s:22:21:22:Infinity":3,"f:24:16:24:35":0,"s:25:17:25:Infinity":4,"b:25:17:25:34:25:34:25:Infinity":0,"b:26:1:26:Infinity:undefined:undefined:undefined:undefined":1,"s:26:1:26:Infinity":5,"s:26:15:26:Infinity":6,"b:27:1:27:Infinity:undefined:undefined:undefined:undefined":2,"s:27:1:27:Infinity":7,"s:27:34:27:Infinity":8,"s:28:1:28:Infinity":9,"f:31:16:31:50":1,"s:32:15:32:Infinity":10,"s:33:1:33:Infinity":11}}}
,"/Users/andypearson/Code/postplanpro_v2/src/lib/syncDiagramDefaultWithViewport.ts": {"path":"/Users/andypearson/Code/postplanpro_v2/src/lib/syncDiagramDefaultWithViewport.ts","statementMap":{"0":{"start":{"line":4,"column":14},"end":{"line":4,"column":null}},"1":{"start":{"line":11,"column":1},"end":{"line":13,"column":null}},"2":{"start":{"line":12,"column":2},"end":{"line":12,"column":null}}},"fnMap":{"0":{"name":"syncDiagramDefaultWithViewport","decl":{"start":{"line":10,"column":16},"end":{"line":10,"column":47}},"loc":{"start":{"line":10,"column":87},"end":{"line":14,"column":null}},"line":10},"1":{"name":"(anonymous_1)","decl":{"start":{"line":11,"column":9},"end":{"line":11,"column":15}},"loc":{"start":{"line":11,"column":15},"end":{"line":13,"column":2}},"line":11}},"branchMap":{},"s":{"0":0,"1":0,"2":0},"f":{"0":0,"1":0},"b":{},"meta":{"lastBranch":0,"lastFunction":2,"lastStatement":3,"seen":{"s:4:14:4:Infinity":0,"f:10:16:10:47":0,"s:11:1:13:Infinity":1,"f:11:9:11:15":1,"s:12:2:12:Infinity":2}}}
,"/Users/andypearson/Code/postplanpro_v2/src/lib/tiers.ts": {"path":"/Users/andypearson/Code/postplanpro_v2/src/lib/tiers.ts","statementMap":{"0":{"start":{"line":9,"column":41},"end":{"line":15,"column":null}},"1":{"start":{"line":18,"column":11},"end":{"line":18,"column":null}},"2":{"start":{"line":19,"column":1},"end":{"line":19,"column":null}},"3":{"start":{"line":23,"column":16},"end":{"line":23,"column":null}},"4":{"start":{"line":24,"column":1},"end":{"line":24,"column":null}},"5":{"start":{"line":28,"column":1},"end":{"line":28,"column":null}}},"fnMap":{"0":{"name":"getTierLimits","decl":{"start":{"line":17,"column":16},"end":{"line":17,"column":30}},"loc":{"start":{"line":17,"column":56},"end":{"line":20,"column":null}},"line":17},"1":{"name":"isUnlimitedTier","decl":{"start":{"line":22,"column":16},"end":{"line":22,"column":32}},"loc":{"start":{"line":22,"column":55},"end":{"line":25,"column":null}},"line":22},"2":{"name":"canAccessApp","decl":{"start":{"line":27,"column":16},"end":{"line":27,"column":29}},"loc":{"start":{"line":27,"column":52},"end":{"line":29,"column":null}},"line":27}},"branchMap":{"0":{"loc":{"start":{"line":19,"column":8},"end":{"line":19,"column":null}},"type":"binary-expr","locations":[{"start":{"line":19,"column":8},"end":{"line":19,"column":21}},{"start":{"line":19,"column":21},"end":{"line":19,"column":null}}],"line":19}},"s":{"0":20,"1":133,"2":133,"3":4,"4":4,"5":5},"f":{"0":133,"1":4,"2":5},"b":{"0":[133,1]},"meta":{"lastBranch":1,"lastFunction":3,"lastStatement":6,"seen":{"s:9:41:15:Infinity":0,"f:17:16:17:30":0,"s:18:11:18:Infinity":1,"s:19:1:19:Infinity":2,"b:19:8:19:21:19:21:19:Infinity":0,"f:22:16:22:32":1,"s:23:16:23:Infinity":3,"s:24:1:24:Infinity":4,"f:27:16:27:29":2,"s:28:1:28:Infinity":5}}}
,"/Users/andypearson/Code/postplanpro_v2/src/lib/usage.ts": {"path":"/Users/andypearson/Code/postplanpro_v2/src/lib/usage.ts","statementMap":{"0":{"start":{"line":16,"column":13},"end":{"line":16,"column":null}},"1":{"start":{"line":17,"column":11},"end":{"line":17,"column":null}},"2":{"start":{"line":18,"column":11},"end":{"line":18,"column":null}},"3":{"start":{"line":19,"column":1},"end":{"line":19,"column":null}},"4":{"start":{"line":24,"column":1},"end":{"line":24,"column":null}},"5":{"start":{"line":24,"column":15},"end":{"line":24,"column":null}},"6":{"start":{"line":25,"column":11},"end":{"line":25,"column":null}},"7":{"start":{"line":26,"column":1},"end":{"line":26,"column":null}},"8":{"start":{"line":26,"column":32},"end":{"line":26,"column":null}},"9":{"start":{"line":27,"column":11},"end":{"line":27,"column":null}},"10":{"start":{"line":28,"column":11},"end":{"line":28,"column":null}},"11":{"start":{"line":29,"column":1},"end":{"line":29,"column":null}},"12":{"start":{"line":33,"column":15},"end":{"line":33,"column":null}},"13":{"start":{"line":34,"column":16},"end":{"line":34,"column":null}},"14":{"start":{"line":35,"column":17},"end":{"line":35,"column":null}},"15":{"start":{"line":36,"column":13},"end":{"line":36,"column":null}},"16":{"start":{"line":37,"column":1},"end":{"line":37,"column":null}},"17":{"start":{"line":45,"column":1},"end":{"line":52,"column":null}},"18":{"start":{"line":57,"column":17},"end":{"line":57,"column":null}},"19":{"start":{"line":58,"column":7},"end":{"line":58,"column":null}},"20":{"start":{"line":59,"column":1},"end":{"line":59,"column":null}},"21":{"start":{"line":59,"column":17},"end":{"line":59,"column":null}},"22":{"start":{"line":60,"column":7},"end":{"line":60,"column":null}},"23":{"start":{"line":61,"column":1},"end":{"line":61,"column":null}},"24":{"start":{"line":68,"column":24},"end":{"line":68,"column":null}},"25":{"start":{"line":69,"column":1},"end":{"line":77,"column":null}},"26":{"start":{"line":85,"column":1},"end":{"line":88,"column":null}},"27":{"start":{"line":100,"column":24},"end":{"line":100,"column":null}},"28":{"start":{"line":101,"column":15},"end":{"line":105,"column":null}},"29":{"start":{"line":106,"column":20},"end":{"line":110,"column":null}},"30":{"start":{"line":111,"column":1},"end":{"line":111,"column":null}},"31":{"start":{"line":119,"column":13},"end":{"line":121,"column":null}},"32":{"start":{"line":122,"column":1},"end":{"line":125,"column":null}},"33":{"start":{"line":136,"column":14},"end":{"line":136,"column":null}},"34":{"start":{"line":137,"column":7},"end":{"line":137,"column":null}},"35":{"start":{"line":138,"column":1},"end":{"line":138,"column":null}},"36":{"start":{"line":138,"column":17},"end":{"line":138,"column":null}},"37":{"start":{"line":139,"column":7},"end":{"line":139,"column":null}},"38":{"start":{"line":140,"column":1},"end":{"line":143,"column":null}},"39":{"start":{"line":150,"column":25},"end":{"line":150,"column":null}},"40":{"start":{"line":151,"column":28},"end":{"line":151,"column":null}},"41":{"start":{"line":152,"column":48},"end":{"line":152,"column":null}},"42":{"start":{"line":153,"column":1},"end":{"line":158,"column":null}},"43":{"start":{"line":171,"column":12},"end":{"line":171,"column":null}},"44":{"start":{"line":172,"column":13},"end":{"line":172,"column":null}},"45":{"start":{"line":173,"column":1},"end":{"line":173,"column":null}},"46":{"start":{"line":173,"column":28},"end":{"line":173,"column":null}},"47":{"start":{"line":175,"column":1},"end":{"line":181,"column":null}},"48":{"start":{"line":194,"column":7},"end":{"line":194,"column":null}},"49":{"start":{"line":195,"column":1},"end":{"line":195,"column":null}},"50":{"start":{"line":195,"column":40},"end":{"line":195,"column":null}},"51":{"start":{"line":196,"column":1},"end":{"line":196,"column":null}},"52":{"start":{"line":209,"column":7},"end":{"line":209,"column":null}},"53":{"start":{"line":210,"column":1},"end":{"line":210,"column":null}},"54":{"start":{"line":210,"column":40},"end":{"line":210,"column":null}},"55":{"start":{"line":211,"column":40},"end":{"line":211,"column":null}},"56":{"start":{"line":212,"column":15},"end":{"line":212,"column":null}},"57":{"start":{"line":213,"column":1},"end":{"line":218,"column":null}},"58":{"start":{"line":214,"column":2},"end":{"line":217,"column":null}},"59":{"start":{"line":219,"column":1},"end":{"line":219,"column":null}},"60":{"start":{"line":232,"column":7},"end":{"line":232,"column":null}},"61":{"start":{"line":233,"column":1},"end":{"line":235,"column":null}},"62":{"start":{"line":234,"column":2},"end":{"line":234,"column":null}},"63":{"start":{"line":236,"column":48},"end":{"line":236,"column":null}},"64":{"start":{"line":237,"column":1},"end":{"line":242,"column":null}},"65":{"start":{"line":238,"column":2},"end":{"line":241,"column":null}},"66":{"start":{"line":243,"column":1},"end":{"line":248,"column":null}},"67":{"start":{"line":244,"column":2},"end":{"line":247,"column":null}},"68":{"start":{"line":249,"column":1},"end":{"line":249,"column":null}},"69":{"start":{"line":261,"column":7},"end":{"line":261,"column":null}},"70":{"start":{"line":262,"column":1},"end":{"line":262,"column":null}},"71":{"start":{"line":262,"column":47},"end":{"line":262,"column":null}},"72":{"start":{"line":263,"column":31},"end":{"line":263,"column":null}},"73":{"start":{"line":264,"column":1},"end":{"line":269,"column":null}},"74":{"start":{"line":265,"column":2},"end":{"line":268,"column":null}},"75":{"start":{"line":270,"column":1},"end":{"line":270,"column":null}},"76":{"start":{"line":283,"column":7},"end":{"line":283,"column":null}},"77":{"start":{"line":284,"column":15},"end":{"line":284,"column":null}},"78":{"start":{"line":286,"column":1},"end":{"line":294,"column":null}},"79":{"start":{"line":287,"column":32},"end":{"line":287,"column":null}},"80":{"start":{"line":288,"column":2},"end":{"line":293,"column":null}},"81":{"start":{"line":289,"column":3},"end":{"line":292,"column":null}},"82":{"start":{"line":296,"column":1},"end":{"line":296,"column":null}},"83":{"start":{"line":296,"column":40},"end":{"line":296,"column":null}},"84":{"start":{"line":297,"column":1},"end":{"line":306,"column":null}},"85":{"start":{"line":298,"column":2},"end":{"line":298,"column":null}},"86":{"start":{"line":298,"column":21},"end":{"line":298,"column":null}},"87":{"start":{"line":299,"column":41},"end":{"line":299,"column":null}},"88":{"start":{"line":300,"column":2},"end":{"line":305,"column":null}},"89":{"start":{"line":301,"column":3},"end":{"line":304,"column":null}},"90":{"start":{"line":307,"column":1},"end":{"line":307,"column":null}}},"fnMap":{"0":{"name":"currentMonthKey","decl":{"start":{"line":15,"column":16},"end":{"line":15,"column":42}},"loc":{"start":{"line":15,"column":42},"end":{"line":20,"column":null}},"line":15},"1":{"name":"monthKeyFromDate","decl":{"start":{"line":23,"column":16},"end":{"line":23,"column":33}},"loc":{"start":{"line":23,"column":72},"end":{"line":30,"column":null}},"line":23},"2":{"name":"monthRangeIso","decl":{"start":{"line":32,"column":9},"end":{"line":32,"column":23}},"loc":{"start":{"line":32,"column":70},"end":{"line":38,"column":null}},"line":32},"3":{"name":"countSuccessfulSendLogRowsForMonth","decl":{"start":{"line":44,"column":9},"end":{"line":44,"column":44}},"loc":{"start":{"line":44,"column":100},"end":{"line":53,"column":null}},"line":44},"4":{"name":"getSuccessfulOutputSendCountForMonth","decl":{"start":{"line":56,"column":16},"end":{"line":56,"column":53}},"loc":{"start":{"line":56,"column":109},"end":{"line":62,"column":null}},"line":56},"5":{"name":"getPostsQueuedForOutputSendInMonth","decl":{"start":{"line":67,"column":16},"end":{"line":67,"column":51}},"loc":{"start":{"line":67,"column":107},"end":{"line":78,"column":null}},"line":67},"6":{"name":"getPostQuotaSnapshotForMonth","decl":{"start":{"line":80,"column":16},"end":{"line":80,"column":null}},"loc":{"start":{"line":84,"column":50},"end":{"line":89,"column":null}},"line":84},"7":{"name":"getPostsSentAndScheduledForMonth","decl":{"start":{"line":95,"column":16},"end":{"line":95,"column":null}},"loc":{"start":{"line":99,"column":39},"end":{"line":112,"column":null}},"line":99},"8":{"name":"getUsageMonthRowAccountOnly","decl":{"start":{"line":114,"column":9},"end":{"line":114,"column":null}},"loc":{"start":{"line":118,"column":58},"end":{"line":126,"column":null}},"line":118},"9":{"name":"getUsageMonthRow","decl":{"start":{"line":131,"column":16},"end":{"line":131,"column":null}},"loc":{"start":{"line":135,"column":58},"end":{"line":144,"column":null}},"line":135},"10":{"name":"getUsageForMonth","decl":{"start":{"line":149,"column":16},"end":{"line":149,"column":33}},"loc":{"start":{"line":149,"column":96},"end":{"line":159,"column":null}},"line":149},"11":{"name":"incrementUsageMonth","decl":{"start":{"line":165,"column":16},"end":{"line":165,"column":null}},"loc":{"start":{"line":170,"column":8},"end":{"line":182,"column":null}},"line":170},"12":{"name":"isOutputSendQuotaBlockedForMonth","decl":{"start":{"line":188,"column":16},"end":{"line":188,"column":null}},"loc":{"start":{"line":193,"column":11},"end":{"line":197,"column":null}},"line":193},"13":{"name":"canSchedulePostInMonth","decl":{"start":{"line":203,"column":16},"end":{"line":203,"column":null}},"loc":{"start":{"line":208,"column":41},"end":{"line":220,"column":null}},"line":208},"14":{"name":"canUseCallbackImport","decl":{"start":{"line":225,"column":16},"end":{"line":225,"column":null}},"loc":{"start":{"line":231,"column":41},"end":{"line":250,"column":null}},"line":231},"15":{"name":"canRunImportOperation","decl":{"start":{"line":255,"column":16},"end":{"line":255,"column":null}},"loc":{"start":{"line":260,"column":41},"end":{"line":271,"column":null}},"line":260},"16":{"name":"canBulkCreate","decl":{"start":{"line":277,"column":16},"end":{"line":277,"column":null}},"loc":{"start":{"line":282,"column":41},"end":{"line":308,"column":null}},"line":282}},"branchMap":{"0":{"loc":{"start":{"line":24,"column":1},"end":{"line":24,"column":null}},"type":"if","locations":[{"start":{"line":24,"column":1},"end":{"line":24,"column":null}},{"start":{},"end":{}}],"line":24},"1":{"loc":{"start":{"line":26,"column":1},"end":{"line":26,"column":null}},"type":"if","locations":[{"start":{"line":26,"column":1},"end":{"line":26,"column":null}},{"start":{},"end":{}}],"line":26},"2":{"loc":{"start":{"line":59,"column":1},"end":{"line":59,"column":null}},"type":"if","locations":[{"start":{"line":59,"column":1},"end":{"line":59,"column":null}},{"start":{},"end":{}}],"line":59},"3":{"loc":{"start":{"line":123,"column":19},"end":{"line":123,"column":null}},"type":"binary-expr","locations":[{"start":{"line":123,"column":19},"end":{"line":123,"column":43}},{"start":{"line":123,"column":43},"end":{"line":123,"column":null}}],"line":123},"4":{"loc":{"start":{"line":124,"column":21},"end":{"line":124,"column":null}},"type":"binary-expr","locations":[{"start":{"line":124,"column":21},"end":{"line":124,"column":47}},{"start":{"line":124,"column":47},"end":{"line":124,"column":null}}],"line":124},"5":{"loc":{"start":{"line":138,"column":1},"end":{"line":138,"column":null}},"type":"if","locations":[{"start":{"line":138,"column":1},"end":{"line":138,"column":null}},{"start":{},"end":{}}],"line":138},"6":{"loc":{"start":{"line":171,"column":12},"end":{"line":171,"column":null}},"type":"binary-expr","locations":[{"start":{"line":171,"column":12},"end":{"line":171,"column":36}},{"start":{"line":171,"column":36},"end":{"line":171,"column":null}}],"line":171},"7":{"loc":{"start":{"line":172,"column":13},"end":{"line":172,"column":null}},"type":"binary-expr","locations":[{"start":{"line":172,"column":13},"end":{"line":172,"column":39}},{"start":{"line":172,"column":39},"end":{"line":172,"column":null}}],"line":172},"8":{"loc":{"start":{"line":173,"column":1},"end":{"line":173,"column":null}},"type":"if","locations":[{"start":{"line":173,"column":1},"end":{"line":173,"column":null}},{"start":{},"end":{}}],"line":173},"9":{"loc":{"start":{"line":173,"column":5},"end":{"line":173,"column":28}},"type":"binary-expr","locations":[{"start":{"line":173,"column":5},"end":{"line":173,"column":17}},{"start":{"line":173,"column":17},"end":{"line":173,"column":28}}],"line":173},"10":{"loc":{"start":{"line":195,"column":1},"end":{"line":195,"column":null}},"type":"if","locations":[{"start":{"line":195,"column":1},"end":{"line":195,"column":null}},{"start":{},"end":{}}],"line":195},"11":{"loc":{"start":{"line":210,"column":1},"end":{"line":210,"column":null}},"type":"if","locations":[{"start":{"line":210,"column":1},"end":{"line":210,"column":null}},{"start":{},"end":{}}],"line":210},"12":{"loc":{"start":{"line":213,"column":1},"end":{"line":218,"column":null}},"type":"if","locations":[{"start":{"line":213,"column":1},"end":{"line":218,"column":null}},{"start":{},"end":{}}],"line":213},"13":{"loc":{"start":{"line":233,"column":1},"end":{"line":235,"column":null}},"type":"if","locations":[{"start":{"line":233,"column":1},"end":{"line":235,"column":null}},{"start":{},"end":{}}],"line":233},"14":{"loc":{"start":{"line":233,"column":5},"end":{"line":233,"column":89}},"type":"binary-expr","locations":[{"start":{"line":233,"column":5},"end":{"line":233,"column":47}},{"start":{"line":233,"column":47},"end":{"line":233,"column":89}}],"line":233},"15":{"loc":{"start":{"line":237,"column":1},"end":{"line":242,"column":null}},"type":"if","locations":[{"start":{"line":237,"column":1},"end":{"line":242,"column":null}},{"start":{},"end":{}}],"line":237},"16":{"loc":{"start":{"line":237,"column":5},"end":{"line":237,"column":108}},"type":"binary-expr","locations":[{"start":{"line":237,"column":5},"end":{"line":237,"column":47}},{"start":{"line":237,"column":47},"end":{"line":237,"column":108}}],"line":237},"17":{"loc":{"start":{"line":243,"column":1},"end":{"line":248,"column":null}},"type":"if","locations":[{"start":{"line":243,"column":1},"end":{"line":248,"column":null}},{"start":{},"end":{}}],"line":243},"18":{"loc":{"start":{"line":243,"column":5},"end":{"line":243,"column":106}},"type":"binary-expr","locations":[{"start":{"line":243,"column":5},"end":{"line":243,"column":49}},{"start":{"line":243,"column":49},"end":{"line":243,"column":106}}],"line":243},"19":{"loc":{"start":{"line":262,"column":1},"end":{"line":262,"column":null}},"type":"if","locations":[{"start":{"line":262,"column":1},"end":{"line":262,"column":null}},{"start":{},"end":{}}],"line":262},"20":{"loc":{"start":{"line":264,"column":1},"end":{"line":269,"column":null}},"type":"if","locations":[{"start":{"line":264,"column":1},"end":{"line":269,"column":null}},{"start":{},"end":{}}],"line":264},"21":{"loc":{"start":{"line":286,"column":1},"end":{"line":294,"column":null}},"type":"if","locations":[{"start":{"line":286,"column":1},"end":{"line":294,"column":null}},{"start":{},"end":{}}],"line":286},"22":{"loc":{"start":{"line":288,"column":2},"end":{"line":293,"column":null}},"type":"if","locations":[{"start":{"line":288,"column":2},"end":{"line":293,"column":null}},{"start":{},"end":{}}],"line":288},"23":{"loc":{"start":{"line":296,"column":1},"end":{"line":296,"column":null}},"type":"if","locations":[{"start":{"line":296,"column":1},"end":{"line":296,"column":null}},{"start":{},"end":{}}],"line":296},"24":{"loc":{"start":{"line":298,"column":2},"end":{"line":298,"column":null}},"type":"if","locations":[{"start":{"line":298,"column":2},"end":{"line":298,"column":null}},{"start":{},"end":{}}],"line":298},"25":{"loc":{"start":{"line":300,"column":2},"end":{"line":305,"column":null}},"type":"if","locations":[{"start":{"line":300,"column":2},"end":{"line":305,"column":null}},{"start":{},"end":{}}],"line":300}},"s":{"0":97,"1":97,"2":97,"3":97,"4":7,"5":1,"6":6,"7":6,"8":1,"9":5,"10":5,"11":5,"12":19,"13":19,"14":19,"15":19,"16":19,"17":99,"18":99,"19":99,"20":99,"21":0,"22":99,"23":99,"24":18,"25":18,"26":9,"27":1,"28":1,"29":1,"30":1,"31":34,"32":34,"33":34,"34":34,"35":34,"36":0,"37":34,"38":34,"39":9,"40":9,"41":9,"42":9,"43":14,"44":14,"45":14,"46":0,"47":14,"48":76,"49":76,"50":0,"51":76,"52":6,"53":6,"54":1,"55":5,"56":5,"57":5,"58":0,"59":5,"60":16,"61":16,"62":0,"63":16,"64":16,"65":1,"66":15,"67":0,"68":15,"69":5,"70":5,"71":0,"72":5,"73":5,"74":1,"75":4,"76":1,"77":1,"78":1,"79":1,"80":1,"81":0,"82":1,"83":0,"84":1,"85":1,"86":0,"87":1,"88":1,"89":1,"90":0},"f":{"0":97,"1":7,"2":19,"3":99,"4":99,"5":18,"6":9,"7":1,"8":34,"9":34,"10":9,"11":14,"12":76,"13":6,"14":16,"15":5,"16":1},"b":{"0":[1,6],"1":[1,5],"2":[0,99],"3":[34,16],"4":[34,16],"5":[0,34],"6":[14,4],"7":[14,1],"8":[0,14],"9":[14,5],"10":[0,76],"11":[1,5],"12":[0,5],"13":[0,16],"14":[16,0],"15":[1,15],"16":[16,16],"17":[0,15],"18":[15,15],"19":[0,5],"20":[1,4],"21":[1,0],"22":[0,1],"23":[0,1],"24":[0,1],"25":[1,0]},"meta":{"lastBranch":26,"lastFunction":17,"lastStatement":91,"seen":{"f:15:16:15:42":0,"s:16:13:16:Infinity":0,"s:17:11:17:Infinity":1,"s:18:11:18:Infinity":2,"s:19:1:19:Infinity":3,"f:23:16:23:33":1,"b:24:1:24:Infinity:undefined:undefined:undefined:undefined":0,"s:24:1:24:Infinity":4,"s:24:15:24:Infinity":5,"s:25:11:25:Infinity":6,"b:26:1:26:Infinity:undefined:undefined:undefined:undefined":1,"s:26:1:26:Infinity":7,"s:26:32:26:Infinity":8,"s:27:11:27:Infinity":9,"s:28:11:28:Infinity":10,"s:29:1:29:Infinity":11,"f:32:9:32:23":2,"s:33:15:33:Infinity":12,"s:34:16:34:Infinity":13,"s:35:17:35:Infinity":14,"s:36:13:36:Infinity":15,"s:37:1:37:Infinity":16,"f:44:9:44:44":3,"s:45:1:52:Infinity":17,"f:56:16:56:53":4,"s:57:17:57:Infinity":18,"s:58:7:58:Infinity":19,"b:59:1:59:Infinity:undefined:undefined:undefined:undefined":2,"s:59:1:59:Infinity":20,"s:59:17:59:Infinity":21,"s:60:7:60:Infinity":22,"s:61:1:61:Infinity":23,"f:67:16:67:51":5,"s:68:24:68:Infinity":24,"s:69:1:77:Infinity":25,"f:80:16:80:Infinity":6,"s:85:1:88:Infinity":26,"f:95:16:95:Infinity":7,"s:100:24:100:Infinity":27,"s:101:15:105:Infinity":28,"s:106:20:110:Infinity":29,"s:111:1:111:Infinity":30,"f:114:9:114:Infinity":8,"s:119:13:121:Infinity":31,"s:122:1:125:Infinity":32,"b:123:19:123:43:123:43:123:Infinity":3,"b:124:21:124:47:124:47:124:Infinity":4,"f:131:16:131:Infinity":9,"s:136:14:136:Infinity":33,"s:137:7:137:Infinity":34,"b:138:1:138:Infinity:undefined:undefined:undefined:undefined":5,"s:138:1:138:Infinity":35,"s:138:17:138:Infinity":36,"s:139:7:139:Infinity":37,"s:140:1:143:Infinity":38,"f:149:16:149:33":10,"s:150:25:150:Infinity":39,"s:151:28:151:Infinity":40,"s:152:48:152:Infinity":41,"s:153:1:158:Infinity":42,"f:165:16:165:Infinity":11,"s:171:12:171:Infinity":43,"b:171:12:171:36:171:36:171:Infinity":6,"s:172:13:172:Infinity":44,"b:172:13:172:39:172:39:172:Infinity":7,"b:173:1:173:Infinity:undefined:undefined:undefined:undefined":8,"s:173:1:173:Infinity":45,"b:173:5:173:17:173:17:173:28":9,"s:173:28:173:Infinity":46,"s:175:1:181:Infinity":47,"f:188:16:188:Infinity":12,"s:194:7:194:Infinity":48,"b:195:1:195:Infinity:undefined:undefined:undefined:undefined":10,"s:195:1:195:Infinity":49,"s:195:40:195:Infinity":50,"s:196:1:196:Infinity":51,"f:203:16:203:Infinity":13,"s:209:7:209:Infinity":52,"b:210:1:210:Infinity:undefined:undefined:undefined:undefined":11,"s:210:1:210:Infinity":53,"s:210:40:210:Infinity":54,"s:211:40:211:Infinity":55,"s:212:15:212:Infinity":56,"b:213:1:218:Infinity:undefined:undefined:undefined:undefined":12,"s:213:1:218:Infinity":57,"s:214:2:217:Infinity":58,"s:219:1:219:Infinity":59,"f:225:16:225:Infinity":14,"s:232:7:232:Infinity":60,"b:233:1:235:Infinity:undefined:undefined:undefined:undefined":13,"s:233:1:235:Infinity":61,"b:233:5:233:47:233:47:233:89":14,"s:234:2:234:Infinity":62,"s:236:48:236:Infinity":63,"b:237:1:242:Infinity:undefined:undefined:undefined:undefined":15,"s:237:1:242:Infinity":64,"b:237:5:237:47:237:47:237:108":16,"s:238:2:241:Infinity":65,"b:243:1:248:Infinity:undefined:undefined:undefined:undefined":17,"s:243:1:248:Infinity":66,"b:243:5:243:49:243:49:243:106":18,"s:244:2:247:Infinity":67,"s:249:1:249:Infinity":68,"f:255:16:255:Infinity":15,"s:261:7:261:Infinity":69,"b:262:1:262:Infinity:undefined:undefined:undefined:undefined":19,"s:262:1:262:Infinity":70,"s:262:47:262:Infinity":71,"s:263:31:263:Infinity":72,"b:264:1:269:Infinity:undefined:undefined:undefined:undefined":20,"s:264:1:269:Infinity":73,"s:265:2:268:Infinity":74,"s:270:1:270:Infinity":75,"f:277:16:277:Infinity":16,"s:283:7:283:Infinity":76,"s:284:15:284:Infinity":77,"b:286:1:294:Infinity:undefined:undefined:undefined:undefined":21,"s:286:1:294:Infinity":78,"s:287:32:287:Infinity":79,"b:288:2:293:Infinity:undefined:undefined:undefined:undefined":22,"s:288:2:293:Infinity":80,"s:289:3:292:Infinity":81,"b:296:1:296:Infinity:undefined:undefined:undefined:undefined":23,"s:296:1:296:Infinity":82,"s:296:40:296:Infinity":83,"s:297:1:306:Infinity":84,"b:298:2:298:Infinity:undefined:undefined:undefined:undefined":24,"s:298:2:298:Infinity":85,"s:298:21:298:Infinity":86,"s:299:41:299:Infinity":87,"b:300:2:305:Infinity:undefined:undefined:undefined:undefined":25,"s:300:2:305:Infinity":88,"s:301:3:304:Infinity":89,"s:307:1:307:Infinity":90}}}
,"/Users/andypearson/Code/postplanpro_v2/src/lib/db/index.ts": {"path":"/Users/andypearson/Code/postplanpro_v2/src/lib/db/index.ts","statementMap":{"0":{"start":{"line":7,"column":18},"end":{"line":7,"column":null}},"1":{"start":{"line":9,"column":35},"end":{"line":9,"column":null}},"2":{"start":{"line":12,"column":17},"end":{"line":12,"column":null}},"3":{"start":{"line":13,"column":1},"end":{"line":13,"column":null}},"4":{"start":{"line":18,"column":14},"end":{"line":18,"column":null}},"5":{"start":{"line":19,"column":15},"end":{"line":19,"column":null}},"6":{"start":{"line":19,"column":32},"end":{"line":19,"column":55}},"7":{"start":{"line":20,"column":1},"end":{"line":20,"column":null}},"8":{"start":{"line":20,"column":36},"end":{"line":20,"column":null}},"9":{"start":{"line":22,"column":1},"end":{"line":22,"column":null}},"10":{"start":{"line":23,"column":1},"end":{"line":23,"column":null}},"11":{"start":{"line":24,"column":1},"end":{"line":82,"column":null}},"12":{"start":{"line":25,"column":2},"end":{"line":25,"column":null}},"13":{"start":{"line":26,"column":2},"end":{"line":28,"column":null}},"14":{"start":{"line":29,"column":2},"end":{"line":29,"column":null}},"15":{"start":{"line":30,"column":2},"end":{"line":47,"column":null}},"16":{"start":{"line":48,"column":2},"end":{"line":50,"column":null}},"17":{"start":{"line":51,"column":2},"end":{"line":51,"column":null}},"18":{"start":{"line":52,"column":2},"end":{"line":52,"column":null}},"19":{"start":{"line":53,"column":2},"end":{"line":57,"column":null}},"20":{"start":{"line":58,"column":2},"end":{"line":58,"column":null}},"21":{"start":{"line":59,"column":2},"end":{"line":61,"column":null}},"22":{"start":{"line":62,"column":2},"end":{"line":62,"column":null}},"23":{"start":{"line":63,"column":18},"end":{"line":70,"column":null}},"24":{"start":{"line":71,"column":2},"end":{"line":71,"column":null}},"25":{"start":{"line":71,"column":29},"end":{"line":71,"column":null}},"26":{"start":{"line":72,"column":2},"end":{"line":72,"column":null}},"27":{"start":{"line":74,"column":2},"end":{"line":78,"column":null}},"28":{"start":{"line":75,"column":3},"end":{"line":75,"column":null}},"29":{"start":{"line":79,"column":2},"end":{"line":79,"column":null}},"30":{"start":{"line":81,"column":2},"end":{"line":81,"column":null}},"31":{"start":{"line":86,"column":1},"end":{"line":282,"column":null}},"32":{"start":{"line":87,"column":17},"end":{"line":87,"column":null}},"33":{"start":{"line":88,"column":14},"end":{"line":88,"column":null}},"34":{"start":{"line":89,"column":2},"end":{"line":89,"column":null}},"35":{"start":{"line":89,"column":24},"end":{"line":89,"column":null}},"36":{"start":{"line":90,"column":2},"end":{"line":90,"column":null}},"37":{"start":{"line":91,"column":2},"end":{"line":91,"column":null}},"38":{"start":{"line":95,"column":23},"end":{"line":97,"column":null}},"39":{"start":{"line":98,"column":2},"end":{"line":107,"column":null}},"40":{"start":{"line":99,"column":26},"end":{"line":99,"column":null}},"41":{"start":{"line":102,"column":3},"end":{"line":106,"column":null}},"42":{"start":{"line":102,"column":35},"end":{"line":102,"column":58}},"43":{"start":{"line":103,"column":4},"end":{"line":105,"column":null}},"44":{"start":{"line":109,"column":2},"end":{"line":109,"column":null}},"45":{"start":{"line":110,"column":2},"end":{"line":114,"column":null}},"46":{"start":{"line":111,"column":3},"end":{"line":111,"column":null}},"47":{"start":{"line":115,"column":2},"end":{"line":119,"column":null}},"48":{"start":{"line":116,"column":3},"end":{"line":116,"column":null}},"49":{"start":{"line":120,"column":2},"end":{"line":124,"column":null}},"50":{"start":{"line":121,"column":3},"end":{"line":121,"column":null}},"51":{"start":{"line":125,"column":2},"end":{"line":129,"column":null}},"52":{"start":{"line":126,"column":3},"end":{"line":126,"column":null}},"53":{"start":{"line":130,"column":2},"end":{"line":134,"column":null}},"54":{"start":{"line":131,"column":3},"end":{"line":131,"column":null}},"55":{"start":{"line":135,"column":2},"end":{"line":139,"column":null}},"56":{"start":{"line":136,"column":3},"end":{"line":136,"column":null}},"57":{"start":{"line":140,"column":2},"end":{"line":144,"column":null}},"58":{"start":{"line":141,"column":3},"end":{"line":141,"column":null}},"59":{"start":{"line":145,"column":2},"end":{"line":149,"column":null}},"60":{"start":{"line":146,"column":3},"end":{"line":146,"column":null}},"61":{"start":{"line":150,"column":2},"end":{"line":154,"column":null}},"62":{"start":{"line":151,"column":3},"end":{"line":151,"column":null}},"63":{"start":{"line":155,"column":2},"end":{"line":159,"column":null}},"64":{"start":{"line":156,"column":3},"end":{"line":156,"column":null}},"65":{"start":{"line":160,"column":2},"end":{"line":164,"column":null}},"66":{"start":{"line":161,"column":3},"end":{"line":161,"column":null}},"67":{"start":{"line":165,"column":2},"end":{"line":169,"column":null}},"68":{"start":{"line":166,"column":3},"end":{"line":166,"column":null}},"69":{"start":{"line":170,"column":2},"end":{"line":174,"column":null}},"70":{"start":{"line":171,"column":3},"end":{"line":171,"column":null}},"71":{"start":{"line":175,"column":2},"end":{"line":179,"column":null}},"72":{"start":{"line":176,"column":3},"end":{"line":176,"column":null}},"73":{"start":{"line":180,"column":2},"end":{"line":184,"column":null}},"74":{"start":{"line":181,"column":3},"end":{"line":181,"column":null}},"75":{"start":{"line":186,"column":2},"end":{"line":207,"column":null}},"76":{"start":{"line":187,"column":20},"end":{"line":187,"column":null}},"77":{"start":{"line":188,"column":3},"end":{"line":201,"column":null}},"78":{"start":{"line":188,"column":28},"end":{"line":188,"column":45}},"79":{"start":{"line":189,"column":26},"end":{"line":191,"column":null}},"80":{"start":{"line":192,"column":4},"end":{"line":200,"column":null}},"81":{"start":{"line":193,"column":5},"end":{"line":193,"column":null}},"82":{"start":{"line":194,"column":23},"end":{"line":196,"column":null}},"83":{"start":{"line":197,"column":5},"end":{"line":199,"column":null}},"84":{"start":{"line":198,"column":6},"end":{"line":198,"column":null}},"85":{"start":{"line":202,"column":3},"end":{"line":204,"column":null}},"86":{"start":{"line":202,"column":28},"end":{"line":202,"column":49}},"87":{"start":{"line":203,"column":4},"end":{"line":203,"column":null}},"88":{"start":{"line":209,"column":19},"end":{"line":211,"column":null}},"89":{"start":{"line":212,"column":2},"end":{"line":216,"column":null}},"90":{"start":{"line":212,"column":28},"end":{"line":212,"column":51}},"91":{"start":{"line":213,"column":3},"end":{"line":215,"column":null}},"92":{"start":{"line":217,"column":2},"end":{"line":243,"column":null}},"93":{"start":{"line":217,"column":27},"end":{"line":217,"column":45}},"94":{"start":{"line":218,"column":29},"end":{"line":218,"column":null}},"95":{"start":{"line":221,"column":20},"end":{"line":221,"column":null}},"96":{"start":{"line":222,"column":3},"end":{"line":224,"column":null}},"97":{"start":{"line":223,"column":4},"end":{"line":223,"column":null}},"98":{"start":{"line":225,"column":50},"end":{"line":238,"column":null}},"99":{"start":{"line":239,"column":30},"end":{"line":239,"column":null}},"100":{"start":{"line":240,"column":3},"end":{"line":242,"column":null}},"101":{"start":{"line":241,"column":4},"end":{"line":241,"column":null}},"102":{"start":{"line":245,"column":2},"end":{"line":250,"column":null}},"103":{"start":{"line":246,"column":3},"end":{"line":246,"column":null}},"104":{"start":{"line":248,"column":3},"end":{"line":248,"column":null}},"105":{"start":{"line":249,"column":3},"end":{"line":249,"column":null}},"106":{"start":{"line":253,"column":38},"end":{"line":255,"column":null}},"107":{"start":{"line":256,"column":2},"end":{"line":281,"column":null}},"108":{"start":{"line":257,"column":22},"end":{"line":257,"column":null}},"109":{"start":{"line":258,"column":3},"end":{"line":260,"column":null}},"110":{"start":{"line":261,"column":23},"end":{"line":263,"column":null}},"111":{"start":{"line":264,"column":73},"end":{"line":270,"column":null}},"112":{"start":{"line":271,"column":3},"end":{"line":280,"column":null}},"113":{"start":{"line":272,"column":4},"end":{"line":279,"column":null}},"114":{"start":{"line":283,"column":1},"end":{"line":283,"column":null}},"115":{"start":{"line":288,"column":1},"end":{"line":288,"column":null}},"116":{"start":{"line":293,"column":1},"end":{"line":296,"column":null}},"117":{"start":{"line":294,"column":2},"end":{"line":294,"column":null}},"118":{"start":{"line":295,"column":2},"end":{"line":295,"column":null}}},"fnMap":{"0":{"name":"resolveDbPath","decl":{"start":{"line":11,"column":9},"end":{"line":11,"column":33}},"loc":{"start":{"line":11,"column":33},"end":{"line":14,"column":null}},"line":11},"1":{"name":"migratePostWebhookIdNullable","decl":{"start":{"line":17,"column":9},"end":{"line":17,"column":38}},"loc":{"start":{"line":17,"column":67},"end":{"line":83,"column":null}},"line":17},"2":{"name":"(anonymous_2)","decl":{"start":{"line":19,"column":25},"end":{"line":19,"column":26}},"loc":{"start":{"line":19,"column":32},"end":{"line":19,"column":55}},"line":19},"3":{"name":"getDb","decl":{"start":{"line":85,"column":9},"end":{"line":85,"column":36}},"loc":{"start":{"line":85,"column":36},"end":{"line":284,"column":null}},"line":85},"4":{"name":"(anonymous_4)","decl":{"start":{"line":102,"column":28},"end":{"line":102,"column":29}},"loc":{"start":{"line":102,"column":35},"end":{"line":102,"column":58}},"line":102},"5":{"name":"(anonymous_5)","decl":{"start":{"line":188,"column":21},"end":{"line":188,"column":22}},"loc":{"start":{"line":188,"column":28},"end":{"line":188,"column":45}},"line":188},"6":{"name":"(anonymous_6)","decl":{"start":{"line":202,"column":21},"end":{"line":202,"column":22}},"loc":{"start":{"line":202,"column":28},"end":{"line":202,"column":49}},"line":202},"7":{"name":"(anonymous_7)","decl":{"start":{"line":212,"column":21},"end":{"line":212,"column":22}},"loc":{"start":{"line":212,"column":28},"end":{"line":212,"column":51}},"line":212},"8":{"name":"(anonymous_8)","decl":{"start":{"line":217,"column":20},"end":{"line":217,"column":21}},"loc":{"start":{"line":217,"column":27},"end":{"line":217,"column":45}},"line":217},"9":{"name":"(anonymous_9)","decl":{"start":{"line":271,"column":20},"end":{"line":271,"column":21}},"loc":{"start":{"line":271,"column":38},"end":{"line":280,"column":4}},"line":271},"10":{"name":"getDatabase","decl":{"start":{"line":287,"column":16},"end":{"line":287,"column":49}},"loc":{"start":{"line":287,"column":49},"end":{"line":289,"column":null}},"line":287},"11":{"name":"closeDatabaseForTesting","decl":{"start":{"line":292,"column":16},"end":{"line":292,"column":48}},"loc":{"start":{"line":292,"column":48},"end":{"line":297,"column":null}},"line":292}},"branchMap":{"0":{"loc":{"start":{"line":13,"column":8},"end":{"line":13,"column":null}},"type":"cond-expr","locations":[{"start":{"line":13,"column":40},"end":{"line":13,"column":50}},{"start":{"line":13,"column":50},"end":{"line":13,"column":null}}],"line":13},"1":{"loc":{"start":{"line":13,"column":8},"end":{"line":13,"column":40}},"type":"binary-expr","locations":[{"start":{"line":13,"column":8},"end":{"line":13,"column":19}},{"start":{"line":13,"column":19},"end":{"line":13,"column":40}}],"line":13},"2":{"loc":{"start":{"line":20,"column":1},"end":{"line":20,"column":null}},"type":"if","locations":[{"start":{"line":20,"column":1},"end":{"line":20,"column":null}},{"start":{},"end":{}}],"line":20},"3":{"loc":{"start":{"line":20,"column":5},"end":{"line":20,"column":36}},"type":"binary-expr","locations":[{"start":{"line":20,"column":5},"end":{"line":20,"column":15}},{"start":{"line":20,"column":15},"end":{"line":20,"column":36}}],"line":20},"4":{"loc":{"start":{"line":86,"column":1},"end":{"line":282,"column":null}},"type":"if","locations":[{"start":{"line":86,"column":1},"end":{"line":282,"column":null}},{"start":{},"end":{}}],"line":86},"5":{"loc":{"start":{"line":89,"column":2},"end":{"line":89,"column":null}},"type":"if","locations":[{"start":{"line":89,"column":2},"end":{"line":89,"column":null}},{"start":{},"end":{}}],"line":89},"6":{"loc":{"start":{"line":98,"column":2},"end":{"line":107,"column":null}},"type":"if","locations":[{"start":{"line":98,"column":2},"end":{"line":107,"column":null}},{"start":{},"end":{}}],"line":98},"7":{"loc":{"start":{"line":102,"column":3},"end":{"line":106,"column":null}},"type":"if","locations":[{"start":{"line":102,"column":3},"end":{"line":106,"column":null}},{"start":{},"end":{}}],"line":102},"8":{"loc":{"start":{"line":188,"column":3},"end":{"line":201,"column":null}},"type":"if","locations":[{"start":{"line":188,"column":3},"end":{"line":201,"column":null}},{"start":{},"end":{}}],"line":188},"9":{"loc":{"start":{"line":192,"column":4},"end":{"line":200,"column":null}},"type":"if","locations":[{"start":{"line":192,"column":4},"end":{"line":200,"column":null}},{"start":{},"end":{}}],"line":192},"10":{"loc":{"start":{"line":197,"column":5},"end":{"line":199,"column":null}},"type":"if","locations":[{"start":{"line":197,"column":5},"end":{"line":199,"column":null}},{"start":{},"end":{}}],"line":197},"11":{"loc":{"start":{"line":202,"column":3},"end":{"line":204,"column":null}},"type":"if","locations":[{"start":{"line":202,"column":3},"end":{"line":204,"column":null}},{"start":{},"end":{}}],"line":202},"12":{"loc":{"start":{"line":212,"column":2},"end":{"line":216,"column":null}},"type":"if","locations":[{"start":{"line":212,"column":2},"end":{"line":216,"column":null}},{"start":{},"end":{}}],"line":212},"13":{"loc":{"start":{"line":217,"column":2},"end":{"line":243,"column":null}},"type":"if","locations":[{"start":{"line":217,"column":2},"end":{"line":243,"column":null}},{"start":{},"end":{}}],"line":217},"14":{"loc":{"start":{"line":256,"column":2},"end":{"line":281,"column":null}},"type":"if","locations":[{"start":{"line":256,"column":2},"end":{"line":281,"column":null}},{"start":{},"end":{}}],"line":256},"15":{"loc":{"start":{"line":293,"column":1},"end":{"line":296,"column":null}},"type":"if","locations":[{"start":{"line":293,"column":1},"end":{"line":296,"column":null}},{"start":{},"end":{}}],"line":293}},"s":{"0":36,"1":36,"2":46,"3":46,"4":46,"5":46,"6":138,"7":46,"8":46,"9":0,"10":0,"11":0,"12":0,"13":0,"14":0,"15":0,"16":0,"17":0,"18":0,"19":0,"20":0,"21":0,"22":0,"23":0,"24":0,"25":0,"26":0,"27":0,"28":0,"29":0,"30":0,"31":530,"32":46,"33":46,"34":46,"35":0,"36":46,"37":46,"38":46,"39":46,"40":6,"41":6,"42":12,"43":0,"44":46,"45":46,"46":46,"47":46,"48":46,"49":46,"50":46,"51":46,"52":46,"53":46,"54":46,"55":46,"56":46,"57":46,"58":46,"59":46,"60":46,"61":46,"62":46,"63":46,"64":46,"65":46,"66":46,"67":46,"68":46,"69":46,"70":46,"71":46,"72":46,"73":46,"74":46,"75":46,"76":46,"77":46,"78":494,"79":46,"80":46,"81":0,"82":0,"83":0,"84":0,"85":46,"86":352,"87":46,"88":46,"89":46,"90":92,"91":0,"92":46,"93":368,"94":46,"95":46,"96":46,"97":24,"98":46,"99":46,"100":46,"101":552,"102":46,"103":46,"104":0,"105":0,"106":46,"107":46,"108":40,"109":40,"110":40,"111":40,"112":40,"113":200,"114":530,"115":530,"116":40,"117":10,"118":10},"f":{"0":46,"1":46,"2":138,"3":530,"4":12,"5":494,"6":352,"7":92,"8":368,"9":200,"10":530,"11":40},"b":{"0":[46,0],"1":[46,46],"2":[46,0],"3":[46,46],"4":[46,484],"5":[0,46],"6":[6,40],"7":[0,6],"8":[46,0],"9":[0,46],"10":[0,0],"11":[46,0],"12":[0,46],"13":[46,0],"14":[40,6],"15":[10,30]},"meta":{"lastBranch":16,"lastFunction":12,"lastStatement":119,"seen":{"s:7:18:7:Infinity":0,"s:9:35:9:Infinity":1,"f:11:9:11:33":0,"s:12:17:12:Infinity":2,"s:13:1:13:Infinity":3,"b:13:40:13:50:13:50:13:Infinity":0,"b:13:8:13:19:13:19:13:40":1,"f:17:9:17:38":1,"s:18:14:18:Infinity":4,"s:19:15:19:Infinity":5,"f:19:25:19:26":2,"s:19:32:19:55":6,"b:20:1:20:Infinity:undefined:undefined:undefined:undefined":2,"s:20:1:20:Infinity":7,"b:20:5:20:15:20:15:20:36":3,"s:20:36:20:Infinity":8,"s:22:1:22:Infinity":9,"s:23:1:23:Infinity":10,"s:24:1:82:Infinity":11,"s:25:2:25:Infinity":12,"s:26:2:28:Infinity":13,"s:29:2:29:Infinity":14,"s:30:2:47:Infinity":15,"s:48:2:50:Infinity":16,"s:51:2:51:Infinity":17,"s:52:2:52:Infinity":18,"s:53:2:57:Infinity":19,"s:58:2:58:Infinity":20,"s:59:2:61:Infinity":21,"s:62:2:62:Infinity":22,"s:63:18:70:Infinity":23,"s:71:2:71:Infinity":24,"s:71:29:71:Infinity":25,"s:72:2:72:Infinity":26,"s:74:2:78:Infinity":27,"s:75:3:75:Infinity":28,"s:79:2:79:Infinity":29,"s:81:2:81:Infinity":30,"f:85:9:85:36":3,"b:86:1:282:Infinity:undefined:undefined:undefined:undefined":4,"s:86:1:282:Infinity":31,"s:87:17:87:Infinity":32,"s:88:14:88:Infinity":33,"b:89:2:89:Infinity:undefined:undefined:undefined:undefined":5,"s:89:2:89:Infinity":34,"s:89:24:89:Infinity":35,"s:90:2:90:Infinity":36,"s:91:2:91:Infinity":37,"s:95:23:97:Infinity":38,"b:98:2:107:Infinity:undefined:undefined:undefined:undefined":6,"s:98:2:107:Infinity":39,"s:99:26:99:Infinity":40,"b:102:3:106:Infinity:undefined:undefined:undefined:undefined":7,"s:102:3:106:Infinity":41,"f:102:28:102:29":4,"s:102:35:102:58":42,"s:103:4:105:Infinity":43,"s:109:2:109:Infinity":44,"s:110:2:114:Infinity":45,"s:111:3:111:Infinity":46,"s:115:2:119:Infinity":47,"s:116:3:116:Infinity":48,"s:120:2:124:Infinity":49,"s:121:3:121:Infinity":50,"s:125:2:129:Infinity":51,"s:126:3:126:Infinity":52,"s:130:2:134:Infinity":53,"s:131:3:131:Infinity":54,"s:135:2:139:Infinity":55,"s:136:3:136:Infinity":56,"s:140:2:144:Infinity":57,"s:141:3:141:Infinity":58,"s:145:2:149:Infinity":59,"s:146:3:146:Infinity":60,"s:150:2:154:Infinity":61,"s:151:3:151:Infinity":62,"s:155:2:159:Infinity":63,"s:156:3:156:Infinity":64,"s:160:2:164:Infinity":65,"s:161:3:161:Infinity":66,"s:165:2:169:Infinity":67,"s:166:3:166:Infinity":68,"s:170:2:174:Infinity":69,"s:171:3:171:Infinity":70,"s:175:2:179:Infinity":71,"s:176:3:176:Infinity":72,"s:180:2:184:Infinity":73,"s:181:3:181:Infinity":74,"s:186:2:207:Infinity":75,"s:187:20:187:Infinity":76,"b:188:3:201:Infinity:undefined:undefined:undefined:undefined":8,"s:188:3:201:Infinity":77,"f:188:21:188:22":5,"s:188:28:188:45":78,"s:189:26:191:Infinity":79,"b:192:4:200:Infinity:undefined:undefined:undefined:undefined":9,"s:192:4:200:Infinity":80,"s:193:5:193:Infinity":81,"s:194:23:196:Infinity":82,"b:197:5:199:Infinity:undefined:undefined:undefined:undefined":10,"s:197:5:199:Infinity":83,"s:198:6:198:Infinity":84,"b:202:3:204:Infinity:undefined:undefined:undefined:undefined":11,"s:202:3:204:Infinity":85,"f:202:21:202:22":6,"s:202:28:202:49":86,"s:203:4:203:Infinity":87,"s:209:19:211:Infinity":88,"b:212:2:216:Infinity:undefined:undefined:undefined:undefined":12,"s:212:2:216:Infinity":89,"f:212:21:212:22":7,"s:212:28:212:51":90,"s:213:3:215:Infinity":91,"b:217:2:243:Infinity:undefined:undefined:undefined:undefined":13,"s:217:2:243:Infinity":92,"f:217:20:217:21":8,"s:217:27:217:45":93,"s:218:29:218:Infinity":94,"s:221:20:221:Infinity":95,"s:222:3:224:Infinity":96,"s:223:4:223:Infinity":97,"s:225:50:238:Infinity":98,"s:239:30:239:Infinity":99,"s:240:3:242:Infinity":100,"s:241:4:241:Infinity":101,"s:245:2:250:Infinity":102,"s:246:3:246:Infinity":103,"s:248:3:248:Infinity":104,"s:249:3:249:Infinity":105,"s:253:38:255:Infinity":106,"b:256:2:281:Infinity:undefined:undefined:undefined:undefined":14,"s:256:2:281:Infinity":107,"s:257:22:257:Infinity":108,"s:258:3:260:Infinity":109,"s:261:23:263:Infinity":110,"s:264:73:270:Infinity":111,"s:271:3:280:Infinity":112,"f:271:20:271:21":9,"s:272:4:279:Infinity":113,"s:283:1:283:Infinity":114,"f:287:16:287:49":10,"s:288:1:288:Infinity":115,"f:292:16:292:48":11,"b:293:1:296:Infinity:undefined:undefined:undefined:undefined":15,"s:293:1:296:Infinity":116,"s:294:2:294:Infinity":117,"s:295:2:295:Infinity":118}}}
,"/Users/andypearson/Code/postplanpro_v2/src/lib/db/postWebhooks.ts": {"path":"/Users/andypearson/Code/postplanpro_v2/src/lib/db/postWebhooks.ts","statementMap":{"0":{"start":{"line":11,"column":14},"end":{"line":11,"column":null}},"1":{"start":{"line":14,"column":1},"end":{"line":16,"column":null}},"2":{"start":{"line":15,"column":2},"end":{"line":15,"column":null}},"3":{"start":{"line":15,"column":25},"end":{"line":15,"column":37}},"4":{"start":{"line":17,"column":1},"end":{"line":20,"column":null}},"5":{"start":{"line":18,"column":2},"end":{"line":18,"column":null}},"6":{"start":{"line":19,"column":2},"end":{"line":19,"column":null}},"7":{"start":{"line":21,"column":1},"end":{"line":21,"column":null}},"8":{"start":{"line":34,"column":1},"end":{"line":34,"column":null}},"9":{"start":{"line":35,"column":1},"end":{"line":41,"column":null}},"10":{"start":{"line":36,"column":2},"end":{"line":39,"column":null}},"11":{"start":{"line":40,"column":2},"end":{"line":40,"column":null}},"12":{"start":{"line":42,"column":16},"end":{"line":42,"column":null}},"13":{"start":{"line":43,"column":1},"end":{"line":45,"column":null}},"14":{"start":{"line":44,"column":2},"end":{"line":44,"column":null}},"15":{"start":{"line":46,"column":1},"end":{"line":50,"column":null}}},"fnMap":{"0":{"name":"getWebhookIdsForPost","decl":{"start":{"line":6,"column":16},"end":{"line":6,"column":null}},"loc":{"start":{"line":10,"column":12},"end":{"line":22,"column":null}},"line":10},"1":{"name":"(anonymous_1)","decl":{"start":{"line":15,"column":18},"end":{"line":15,"column":19}},"loc":{"start":{"line":15,"column":25},"end":{"line":15,"column":37}},"line":15},"2":{"name":"setPostWebhooks","decl":{"start":{"line":28,"column":16},"end":{"line":28,"column":null}},"loc":{"start":{"line":33,"column":8},"end":{"line":51,"column":null}},"line":33}},"branchMap":{"0":{"loc":{"start":{"line":14,"column":1},"end":{"line":16,"column":null}},"type":"if","locations":[{"start":{"line":14,"column":1},"end":{"line":16,"column":null}},{"start":{},"end":{}}],"line":14},"1":{"loc":{"start":{"line":17,"column":1},"end":{"line":20,"column":null}},"type":"if","locations":[{"start":{"line":17,"column":1},"end":{"line":20,"column":null}},{"start":{},"end":{}}],"line":17},"2":{"loc":{"start":{"line":35,"column":1},"end":{"line":41,"column":null}},"type":"if","locations":[{"start":{"line":35,"column":1},"end":{"line":41,"column":null}},{"start":{},"end":{}}],"line":35}},"s":{"0":73,"1":73,"2":1,"3":2,"4":72,"5":72,"6":72,"7":0,"8":18,"9":18,"10":1,"11":1,"12":17,"13":17,"14":18,"15":17},"f":{"0":73,"1":2,"2":18},"b":{"0":[1,72],"1":[72,0],"2":[1,17]},"meta":{"lastBranch":3,"lastFunction":3,"lastStatement":16,"seen":{"f:6:16:6:Infinity":0,"s:11:14:11:Infinity":0,"b:14:1:16:Infinity:undefined:undefined:undefined:undefined":0,"s:14:1:16:Infinity":1,"s:15:2:15:Infinity":2,"f:15:18:15:19":1,"s:15:25:15:37":3,"b:17:1:20:Infinity:undefined:undefined:undefined:undefined":1,"s:17:1:20:Infinity":4,"s:18:2:18:Infinity":5,"s:19:2:19:Infinity":6,"s:21:1:21:Infinity":7,"f:28:16:28:Infinity":2,"s:34:1:34:Infinity":8,"b:35:1:41:Infinity:undefined:undefined:undefined:undefined":2,"s:35:1:41:Infinity":9,"s:36:2:39:Infinity":10,"s:40:2:40:Infinity":11,"s:42:16:42:Infinity":12,"s:43:1:45:Infinity":13,"s:44:2:44:Infinity":14,"s:46:1:50:Infinity":15}}}
,"/Users/andypearson/Code/postplanpro_v2/src/lib/db/schema.ts": {"path":"/Users/andypearson/Code/postplanpro_v2/src/lib/db/schema.ts","statementMap":{"0":{"start":{"line":1,"column":22},"end":{"line":241,"column":1}}},"fnMap":{},"branchMap":{},"s":{"0":36},"f":{},"b":{},"meta":{"lastBranch":0,"lastFunction":0,"lastStatement":1,"seen":{"s:1:22:241:1":0}}}
,"/Users/andypearson/Code/postplanpro_v2/src/lib/db/webhookMutations.ts": {"path":"/Users/andypearson/Code/postplanpro_v2/src/lib/db/webhookMutations.ts","statementMap":{"0":{"start":{"line":4,"column":1},"end":{"line":4,"column":null}},"1":{"start":{"line":4,"column":20},"end":{"line":4,"column":null}},"2":{"start":{"line":5,"column":1},"end":{"line":14,"column":null}},"3":{"start":{"line":6,"column":14},"end":{"line":6,"column":null}},"4":{"start":{"line":7,"column":2},"end":{"line":11,"column":null}},"5":{"start":{"line":9,"column":57},"end":{"line":9,"column":142}},"6":{"start":{"line":10,"column":18},"end":{"line":10,"column":108}},"7":{"start":{"line":13,"column":2},"end":{"line":13,"column":null}},"8":{"start":{"line":24,"column":12},"end":{"line":24,"column":null}},"9":{"start":{"line":25,"column":7},"end":{"line":25,"column":null}},"10":{"start":{"line":26,"column":1},"end":{"line":35,"column":null}},"11":{"start":{"line":27,"column":2},"end":{"line":27,"column":null}},"12":{"start":{"line":28,"column":18},"end":{"line":28,"column":null}},"13":{"start":{"line":29,"column":23},"end":{"line":29,"column":null}},"14":{"start":{"line":30,"column":2},"end":{"line":32,"column":null}},"15":{"start":{"line":31,"column":3},"end":{"line":31,"column":null}},"16":{"start":{"line":31,"column":19},"end":{"line":31,"column":null}},"17":{"start":{"line":34,"column":2},"end":{"line":34,"column":null}},"18":{"start":{"line":36,"column":1},"end":{"line":36,"column":null}}},"fnMap":{"0":{"name":"parseHeadersJson","decl":{"start":{"line":3,"column":16},"end":{"line":3,"column":33}},"loc":{"start":{"line":3,"column":100},"end":{"line":15,"column":null}},"line":3},"1":{"name":"(anonymous_1)","decl":{"start":{"line":9,"column":13},"end":{"line":9,"column":14}},"loc":{"start":{"line":9,"column":57},"end":{"line":9,"column":142}},"line":9},"2":{"name":"(anonymous_2)","decl":{"start":{"line":10,"column":10},"end":{"line":10,"column":11}},"loc":{"start":{"line":10,"column":18},"end":{"line":10,"column":108}},"line":10},"3":{"name":"insertWebhookRecord","decl":{"start":{"line":17,"column":16},"end":{"line":17,"column":null}},"loc":{"start":{"line":23,"column":59},"end":{"line":37,"column":null}},"line":23}},"branchMap":{"0":{"loc":{"start":{"line":4,"column":1},"end":{"line":4,"column":null}},"type":"if","locations":[{"start":{"line":4,"column":1},"end":{"line":4,"column":null}},{"start":{},"end":{}}],"line":4},"1":{"loc":{"start":{"line":7,"column":9},"end":{"line":11,"column":null}},"type":"cond-expr","locations":[{"start":{"line":8,"column":5},"end":{"line":10,"column":null}},{"start":{"line":11,"column":5},"end":{"line":11,"column":null}}],"line":7},"2":{"loc":{"start":{"line":9,"column":57},"end":{"line":9,"column":142}},"type":"binary-expr","locations":[{"start":{"line":9,"column":57},"end":{"line":9,"column":70}},{"start":{"line":9,"column":70},"end":{"line":9,"column":95}},{"start":{"line":9,"column":95},"end":{"line":9,"column":142}}],"line":9},"3":{"loc":{"start":{"line":10,"column":68},"end":{"line":10,"column":104}},"type":"binary-expr","locations":[{"start":{"line":10,"column":68},"end":{"line":10,"column":102}},{"start":{"line":10,"column":102},"end":{"line":10,"column":104}}],"line":10},"4":{"loc":{"start":{"line":31,"column":3},"end":{"line":31,"column":null}},"type":"if","locations":[{"start":{"line":31,"column":3},"end":{"line":31,"column":null}},{"start":{},"end":{}}],"line":31},"5":{"loc":{"start":{"line":31,"column":73},"end":{"line":31,"column":92}},"type":"binary-expr","locations":[{"start":{"line":31,"column":73},"end":{"line":31,"column":90}},{"start":{"line":31,"column":90},"end":{"line":31,"column":92}}],"line":31}},"s":{"0":2,"1":0,"2":2,"3":2,"4":2,"5":2,"6":2,"7":0,"8":1,"9":1,"10":1,"11":1,"12":1,"13":1,"14":1,"15":1,"16":1,"17":0,"18":1},"f":{"0":2,"1":2,"2":2,"3":1},"b":{"0":[0,2],"1":[2,0],"2":[2,2,2],"3":[2,0],"4":[1,0],"5":[1,0]},"meta":{"lastBranch":6,"lastFunction":4,"lastStatement":19,"seen":{"f:3:16:3:33":0,"b:4:1:4:Infinity:undefined:undefined:undefined:undefined":0,"s:4:1:4:Infinity":0,"s:4:20:4:Infinity":1,"s:5:1:14:Infinity":2,"s:6:14:6:Infinity":3,"s:7:2:11:Infinity":4,"b:8:5:10:Infinity:11:5:11:Infinity":1,"f:9:13:9:14":1,"s:9:57:9:142":5,"b:9:57:9:70:9:70:9:95:9:95:9:142":2,"f:10:10:10:11":2,"s:10:18:10:108":6,"b:10:68:10:102:10:102:10:104":3,"s:13:2:13:Infinity":7,"f:17:16:17:Infinity":3,"s:24:12:24:Infinity":8,"s:25:7:25:Infinity":9,"s:26:1:35:Infinity":10,"s:27:2:27:Infinity":11,"s:28:18:28:Infinity":12,"s:29:23:29:Infinity":13,"s:30:2:32:Infinity":14,"b:31:3:31:Infinity:undefined:undefined:undefined:undefined":4,"s:31:3:31:Infinity":15,"s:31:19:31:Infinity":16,"b:31:73:31:90:31:90:31:92":5,"s:34:2:34:Infinity":17,"s:36:1:36:Infinity":18}}}
,"/Users/andypearson/Code/postplanpro_v2/src/lib/importers/importerUtils.ts": {"path":"/Users/andypearson/Code/postplanpro_v2/src/lib/importers/importerUtils.ts","statementMap":{"0":{"start":{"line":3,"column":32},"end":{"line":18,"column":null}},"1":{"start":{"line":24,"column":1},"end":{"line":24,"column":null}},"2":{"start":{"line":24,"column":51},"end":{"line":24,"column":null}},"3":{"start":{"line":25,"column":24},"end":{"line":25,"column":null}},"4":{"start":{"line":27,"column":2},"end":{"line":27,"column":null}},"5":{"start":{"line":27,"column":19},"end":{"line":27,"column":null}},"6":{"start":{"line":28,"column":2},"end":{"line":31,"column":null}},"7":{"start":{"line":29,"column":3},"end":{"line":29,"column":null}},"8":{"start":{"line":29,"column":40},"end":{"line":29,"column":69}},"9":{"start":{"line":30,"column":3},"end":{"line":30,"column":null}},"10":{"start":{"line":32,"column":2},"end":{"line":38,"column":null}},"11":{"start":{"line":33,"column":3},"end":{"line":37,"column":null}},"12":{"start":{"line":34,"column":17},"end":{"line":34,"column":null}},"13":{"start":{"line":35,"column":4},"end":{"line":35,"column":null}},"14":{"start":{"line":36,"column":4},"end":{"line":36,"column":null}},"15":{"start":{"line":36,"column":66},"end":{"line":36,"column":null}},"16":{"start":{"line":40,"column":1},"end":{"line":40,"column":null}},"17":{"start":{"line":41,"column":1},"end":{"line":41,"column":null}},"18":{"start":{"line":44,"column":26},"end":{"line":44,"column":null}},"19":{"start":{"line":48,"column":1},"end":{"line":48,"column":null}},"20":{"start":{"line":48,"column":18},"end":{"line":48,"column":null}},"21":{"start":{"line":49,"column":1},"end":{"line":51,"column":null}},"22":{"start":{"line":50,"column":2},"end":{"line":50,"column":null}},"23":{"start":{"line":52,"column":1},"end":{"line":54,"column":null}},"24":{"start":{"line":53,"column":2},"end":{"line":53,"column":null}},"25":{"start":{"line":55,"column":1},"end":{"line":61,"column":null}},"26":{"start":{"line":56,"column":39},"end":{"line":56,"column":null}},"27":{"start":{"line":57,"column":2},"end":{"line":59,"column":null}},"28":{"start":{"line":58,"column":3},"end":{"line":58,"column":null}},"29":{"start":{"line":60,"column":2},"end":{"line":60,"column":null}},"30":{"start":{"line":62,"column":1},"end":{"line":62,"column":null}},"31":{"start":{"line":66,"column":1},"end":{"line":69,"column":null}},"32":{"start":{"line":68,"column":29},"end":{"line":68,"column":42}},"33":{"start":{"line":68,"column":56},"end":{"line":68,"column":132}},"34":{"start":{"line":73,"column":1},"end":{"line":80,"column":null}},"35":{"start":{"line":74,"column":25},"end":{"line":74,"column":54}},"36":{"start":{"line":74,"column":68},"end":{"line":79,"column":4}}},"fnMap":{"0":{"name":"sampleKeys","decl":{"start":{"line":23,"column":16},"end":{"line":23,"column":27}},"loc":{"start":{"line":23,"column":54},"end":{"line":42,"column":null}},"line":23},"1":{"name":"walk","decl":{"start":{"line":26,"column":10},"end":{"line":26,"column":15}},"loc":{"start":{"line":26,"column":45},"end":{"line":39,"column":null}},"line":26},"2":{"name":"(anonymous_2)","decl":{"start":{"line":29,"column":27},"end":{"line":29,"column":28}},"loc":{"start":{"line":29,"column":40},"end":{"line":29,"column":69}},"line":29},"3":{"name":"sampleForPreview","decl":{"start":{"line":47,"column":16},"end":{"line":47,"column":33}},"loc":{"start":{"line":47,"column":56},"end":{"line":63,"column":null}},"line":47},"4":{"name":"filterRulesJson","decl":{"start":{"line":65,"column":16},"end":{"line":65,"column":32}},"loc":{"start":{"line":65,"column":84},"end":{"line":70,"column":null}},"line":65},"5":{"name":"(anonymous_5)","decl":{"start":{"line":68,"column":22},"end":{"line":68,"column":23}},"loc":{"start":{"line":68,"column":29},"end":{"line":68,"column":42}},"line":68},"6":{"name":"(anonymous_6)","decl":{"start":{"line":68,"column":48},"end":{"line":68,"column":49}},"loc":{"start":{"line":68,"column":56},"end":{"line":68,"column":132}},"line":68},"7":{"name":"customMappingJson","decl":{"start":{"line":72,"column":16},"end":{"line":72,"column":34}},"loc":{"start":{"line":72,"column":69},"end":{"line":81,"column":null}},"line":72},"8":{"name":"(anonymous_8)","decl":{"start":{"line":74,"column":18},"end":{"line":74,"column":19}},"loc":{"start":{"line":74,"column":25},"end":{"line":74,"column":54}},"line":74},"9":{"name":"(anonymous_9)","decl":{"start":{"line":74,"column":60},"end":{"line":74,"column":61}},"loc":{"start":{"line":74,"column":68},"end":{"line":79,"column":4}},"line":74}},"branchMap":{"0":{"loc":{"start":{"line":24,"column":1},"end":{"line":24,"column":null}},"type":"if","locations":[{"start":{"line":24,"column":1},"end":{"line":24,"column":null}},{"start":{},"end":{}}],"line":24},"1":{"loc":{"start":{"line":24,"column":5},"end":{"line":24,"column":51}},"type":"binary-expr","locations":[{"start":{"line":24,"column":5},"end":{"line":24,"column":23}},{"start":{"line":24,"column":23},"end":{"line":24,"column":51}}],"line":24},"2":{"loc":{"start":{"line":27,"column":2},"end":{"line":27,"column":null}},"type":"if","locations":[{"start":{"line":27,"column":2},"end":{"line":27,"column":null}},{"start":{},"end":{}}],"line":27},"3":{"loc":{"start":{"line":28,"column":2},"end":{"line":31,"column":null}},"type":"if","locations":[{"start":{"line":28,"column":2},"end":{"line":31,"column":null}},{"start":{},"end":{}}],"line":28},"4":{"loc":{"start":{"line":32,"column":2},"end":{"line":38,"column":null}},"type":"if","locations":[{"start":{"line":32,"column":2},"end":{"line":38,"column":null}},{"start":{},"end":{}}],"line":32},"5":{"loc":{"start":{"line":34,"column":17},"end":{"line":34,"column":null}},"type":"cond-expr","locations":[{"start":{"line":34,"column":26},"end":{"line":34,"column":45}},{"start":{"line":34,"column":45},"end":{"line":34,"column":null}}],"line":34},"6":{"loc":{"start":{"line":36,"column":4},"end":{"line":36,"column":null}},"type":"if","locations":[{"start":{"line":36,"column":4},"end":{"line":36,"column":null}},{"start":{},"end":{}}],"line":36},"7":{"loc":{"start":{"line":36,"column":8},"end":{"line":36,"column":66}},"type":"binary-expr","locations":[{"start":{"line":36,"column":8},"end":{"line":36,"column":33}},{"start":{"line":36,"column":33},"end":{"line":36,"column":47}},{"start":{"line":36,"column":47},"end":{"line":36,"column":66}}],"line":36},"8":{"loc":{"start":{"line":48,"column":1},"end":{"line":48,"column":null}},"type":"if","locations":[{"start":{"line":48,"column":1},"end":{"line":48,"column":null}},{"start":{},"end":{}}],"line":48},"9":{"loc":{"start":{"line":49,"column":1},"end":{"line":51,"column":null}},"type":"if","locations":[{"start":{"line":49,"column":1},"end":{"line":51,"column":null}},{"start":{},"end":{}}],"line":49},"10":{"loc":{"start":{"line":50,"column":9},"end":{"line":50,"column":null}},"type":"cond-expr","locations":[{"start":{"line":50,"column":43},"end":{"line":50,"column":49}},{"start":{"line":50,"column":49},"end":{"line":50,"column":null}}],"line":50},"11":{"loc":{"start":{"line":52,"column":1},"end":{"line":54,"column":null}},"type":"if","locations":[{"start":{"line":52,"column":1},"end":{"line":54,"column":null}},{"start":{},"end":{}}],"line":52},"12":{"loc":{"start":{"line":55,"column":1},"end":{"line":61,"column":null}},"type":"if","locations":[{"start":{"line":55,"column":1},"end":{"line":61,"column":null}},{"start":{},"end":{}}],"line":55},"13":{"loc":{"start":{"line":68,"column":108},"end":{"line":68,"column":130}},"type":"binary-expr","locations":[{"start":{"line":68,"column":108},"end":{"line":68,"column":127}},{"start":{"line":68,"column":127},"end":{"line":68,"column":130}}],"line":68},"14":{"loc":{"start":{"line":74,"column":25},"end":{"line":74,"column":54}},"type":"binary-expr","locations":[{"start":{"line":74,"column":25},"end":{"line":74,"column":42}},{"start":{"line":74,"column":42},"end":{"line":74,"column":54}}],"line":74}},"s":{"0":5,"1":11,"2":5,"3":6,"4":10,"5":0,"6":10,"7":1,"8":2,"9":1,"10":9,"11":9,"12":11,"13":11,"14":11,"15":2,"16":6,"17":6,"18":5,"19":16,"20":2,"21":14,"22":4,"23":10,"24":1,"25":9,"26":4,"27":4,"28":4,"29":4,"30":5,"31":4,"32":4,"33":3,"34":3,"35":5,"36":3},"f":{"0":11,"1":10,"2":2,"3":16,"4":4,"5":4,"6":3,"7":3,"8":5,"9":3},"b":{"0":[5,6],"1":[11,9],"2":[0,10],"3":[1,9],"4":[9,0],"5":[4,7],"6":[2,9],"7":[11,3,3],"8":[2,14],"9":[4,10],"10":[3,1],"11":[1,9],"12":[4,5],"13":[3,0],"14":[5,4]},"meta":{"lastBranch":15,"lastFunction":10,"lastStatement":37,"seen":{"s:3:32:18:Infinity":0,"f:23:16:23:27":0,"b:24:1:24:Infinity:undefined:undefined:undefined:undefined":0,"s:24:1:24:Infinity":1,"b:24:5:24:23:24:23:24:51":1,"s:24:51:24:Infinity":2,"s:25:24:25:Infinity":3,"f:26:10:26:15":1,"b:27:2:27:Infinity:undefined:undefined:undefined:undefined":2,"s:27:2:27:Infinity":4,"s:27:19:27:Infinity":5,"b:28:2:31:Infinity:undefined:undefined:undefined:undefined":3,"s:28:2:31:Infinity":6,"s:29:3:29:Infinity":7,"f:29:27:29:28":2,"s:29:40:29:69":8,"s:30:3:30:Infinity":9,"b:32:2:38:Infinity:undefined:undefined:undefined:undefined":4,"s:32:2:38:Infinity":10,"s:33:3:37:Infinity":11,"s:34:17:34:Infinity":12,"b:34:26:34:45:34:45:34:Infinity":5,"s:35:4:35:Infinity":13,"b:36:4:36:Infinity:undefined:undefined:undefined:undefined":6,"s:36:4:36:Infinity":14,"b:36:8:36:33:36:33:36:47:36:47:36:66":7,"s:36:66:36:Infinity":15,"s:40:1:40:Infinity":16,"s:41:1:41:Infinity":17,"s:44:26:44:Infinity":18,"f:47:16:47:33":3,"b:48:1:48:Infinity:undefined:undefined:undefined:undefined":8,"s:48:1:48:Infinity":19,"s:48:18:48:Infinity":20,"b:49:1:51:Infinity:undefined:undefined:undefined:undefined":9,"s:49:1:51:Infinity":21,"s:50:2:50:Infinity":22,"b:50:43:50:49:50:49:50:Infinity":10,"b:52:1:54:Infinity:undefined:undefined:undefined:undefined":11,"s:52:1:54:Infinity":23,"s:53:2:53:Infinity":24,"b:55:1:61:Infinity:undefined:undefined:undefined:undefined":12,"s:55:1:61:Infinity":25,"s:56:39:56:Infinity":26,"s:57:2:59:Infinity":27,"s:58:3:58:Infinity":28,"s:60:2:60:Infinity":29,"s:62:1:62:Infinity":30,"f:65:16:65:32":4,"s:66:1:69:Infinity":31,"f:68:22:68:23":5,"s:68:29:68:42":32,"f:68:48:68:49":6,"s:68:56:68:132":33,"b:68:108:68:127:68:127:68:130":13,"f:72:16:72:34":7,"s:73:1:80:Infinity":34,"f:74:18:74:19":8,"s:74:25:74:54":35,"b:74:25:74:42:74:42:74:54":14,"f:74:60:74:61":9,"s:74:68:79:4":36}}}
[...]
y":59,"s:116:13:116:Infinity":60,"s:117:17:117:Infinity":61,"b:117:17:117:61:117:61:117:Infinity":16,"s:118:18:118:Infinity":62,"b:118:18:118:63:118:63:118:Infinity":17,"s:119:19:119:Infinity":63,"s:120:3:120:Infinity":64,"s:123:2:123:Infinity":65,"f:125:16:125:23":10,"s:126:20:126:Infinity":66,"b:127:2:127:Infinity:undefined:undefined:undefined:undefined":18,"s:127:2:127:Infinity":67,"s:127:18:127:Infinity":68,"s:128:15:128:Infinity":69,"s:129:21:129:Infinity":70,"s:130:18:130:Infinity":71,"b:130:32:130:132:130:132:130:Infinity":19,"b:130:65:130:126:130:126:130:132":20,"f:130:91:130:92":11,"s:130:98:130:106":72,"b:131:2:131:Infinity:undefined:undefined:undefined:undefined":21,"s:131:2:131:Infinity":73,"s:131:28:131:Infinity":74,"s:133:8:133:Infinity":75,"s:134:19:136:Infinity":76,"b:137:2:137:Infinity:undefined:undefined:undefined:undefined":22,"s:137:2:137:Infinity":77,"s:137:17:137:Infinity":78,"s:138:24:138:Infinity":79,"b:138:24:138:42:138:42:138:Infinity":23,"s:139:25:141:Infinity":80,"f:140:90:140:96":12,"s:140:96:140:99":81,"b:142:2:142:Infinity:undefined:undefined:undefined:undefined":24,"s:142:2:142:Infinity":82,"s:142:43:142:Infinity":83,"s:143:20:143:Infinity":84,"b:145:2:150:Infinity:147:9:150:Infinity":25,"s:145:2:150:Infinity":85,"s:146:3:146:Infinity":86,"s:148:17:148:Infinity":87,"s:149:3:149:Infinity":88,"f:149:29:149:30":13,"s:149:36:149:50":89,"b:151:2:151:Infinity:undefined:undefined:undefined:undefined":26,"s:151:2:151:Infinity":90,"s:151:45:151:Infinity":91,"s:153:25:153:Infinity":92,"s:155:21:155:Infinity":93,"s:156:2:169:Infinity":94,"s:156:15:156:18":95,"s:157:18:157:Infinity":96,"s:158:3:158:Infinity":97,"s:160:3:168:Infinity":98,"s:161:21:161:Infinity":99,"b:162:4:167:Infinity:164:11:167:Infinity":27,"s:162:4:167:Infinity":100,"s:163:5:163:Infinity":101,"b:163:87:163:99:163:99:163:103":28,"s:165:21:165:Infinity":102,"s:166:5:166:Infinity":103,"b:166:135:166:147:166:147:166:149":29,"s:171:2:171:Infinity":104,"f:173:18:173:25":14,"s:174:20:174:Infinity":105,"b:175:2:175:Infinity:undefined:undefined:undefined:undefined":30,"s:175:2:175:Infinity":106,"s:175:18:175:Infinity":107,"s:176:8:176:Infinity":108,"s:177:19:179:Infinity":109,"b:180:2:180:Infinity:undefined:undefined:undefined:undefined":31,"s:180:2:180:Infinity":110,"s:180:17:180:Infinity":111,"s:181:20:181:Infinity":112,"b:182:2:182:Infinity:undefined:undefined:undefined:undefined":32,"s:182:2:182:Infinity":113,"s:182:25:182:Infinity":114,"s:184:16:186:Infinity":115,"b:187:2:187:Infinity:undefined:undefined:undefined:undefined":33,"s:187:2:187:Infinity":116,"s:187:26:187:Infinity":117,"s:189:21:189:Infinity":118,"s:190:16:190:Infinity":119,"s:191:2:199:Infinity":120,"s:192:9:192:Infinity":121,"b:193:3:198:Infinity:196:10:198:Infinity":34,"s:193:3:198:Infinity":122,"s:194:4:194:Infinity":123,"s:195:4:195:Infinity":124,"s:197:4:197:Infinity":125,"s:200:2:200:Infinity":126}}}
,"/Users/andypearson/Code/postplanpro_v2/src/routes/schedules/new/+page.server.ts": {"path":"/Users/andypearson/Code/postplanpro_v2/src/routes/schedules/new/+page.server.ts","statementMap":{"0":{"start":{"line":5,"column":36},"end":{"line":7,"column":null}},"1":{"start":{"line":6,"column":1},"end":{"line":6,"column":null}},"2":{"start":{"line":9,"column":32},"end":{"line":69,"column":null}},"3":{"start":{"line":11,"column":20},"end":{"line":11,"column":null}},"4":{"start":{"line":12,"column":2},"end":{"line":12,"column":null}},"5":{"start":{"line":12,"column":18},"end":{"line":12,"column":null}},"6":{"start":{"line":13,"column":15},"end":{"line":13,"column":null}},"7":{"start":{"line":14,"column":16},"end":{"line":14,"column":null}},"8":{"start":{"line":15,"column":23},"end":{"line":15,"column":null}},"9":{"start":{"line":16,"column":17},"end":{"line":16,"column":null}},"10":{"start":{"line":17,"column":2},"end":{"line":17,"column":null}},"11":{"start":{"line":17,"column":13},"end":{"line":17,"column":null}},"12":{"start":{"line":19,"column":8},"end":{"line":19,"column":null}},"13":{"start":{"line":20,"column":13},"end":{"line":20,"column":null}},"14":{"start":{"line":21,"column":2},"end":{"line":21,"column":null}},"15":{"start":{"line":24,"column":21},"end":{"line":24,"column":null}},"16":{"start":{"line":25,"column":2},"end":{"line":54,"column":null}},"17":{"start":{"line":26,"column":3},"end":{"line":43,"column":null}},"18":{"start":{"line":27,"column":18},"end":{"line":27,"column":null}},"19":{"start":{"line":28,"column":4},"end":{"line":40,"column":null}},"20":{"start":{"line":29,"column":5},"end":{"line":29,"column":null}},"21":{"start":{"line":29,"column":31},"end":{"line":29,"column":null}},"22":{"start":{"line":30,"column":20},"end":{"line":30,"column":null}},"23":{"start":{"line":31,"column":5},"end":{"line":39,"column":null}},"24":{"start":{"line":45,"column":20},"end":{"line":45,"column":null}},"25":{"start":{"line":45,"column":56},"end":{"line":45,"column":77}},"26":{"start":{"line":45,"column":92},"end":{"line":45,"column":114}},"27":{"start":{"line":46,"column":25},"end":{"line":46,"column":null}},"28":{"start":{"line":46,"column":74},"end":{"line":46,"column":90}},"29":{"start":{"line":46,"column":107},"end":{"line":46,"column":112}},"30":{"start":{"line":47,"column":3},"end":{"line":53,"column":null}},"31":{"start":{"line":47,"column":16},"end":{"line":47,"column":19}},"32":{"start":{"line":48,"column":16},"end":{"line":48,"column":null}},"33":{"start":{"line":49,"column":17},"end":{"line":49,"column":null}},"34":{"start":{"line":50,"column":4},"end":{"line":50,"column":null}},"35":{"start":{"line":50,"column":14},"end":{"line":50,"column":null}},"36":{"start":{"line":51,"column":19},"end":{"line":51,"column":null}},"37":{"start":{"line":52,"column":4},"end":{"line":52,"column":null}},"38":{"start":{"line":57,"column":20},"end":{"line":57,"column":null}},"39":{"start":{"line":57,"column":56},"end":{"line":57,"column":82}},"40":{"start":{"line":57,"column":97},"end":{"line":57,"column":124}},"41":{"start":{"line":58,"column":2},"end":{"line":65,"column":null}},"42":{"start":{"line":59,"column":16},"end":{"line":59,"column":null}},"43":{"start":{"line":60,"column":3},"end":{"line":60,"column":null}},"44":{"start":{"line":60,"column":13},"end":{"line":60,"column":null}},"45":{"start":{"line":61,"column":17},"end":{"line":61,"column":null}},"46":{"start":{"line":62,"column":18},"end":{"line":62,"column":null}},"47":{"start":{"line":63,"column":19},"end":{"line":63,"column":null}},"48":{"start":{"line":64,"column":3},"end":{"line":64,"column":null}},"49":{"start":{"line":67,"column":2},"end":{"line":67,"column":null}}},"fnMap":{"0":{"name":"(anonymous_0)","decl":{"start":{"line":5,"column":36},"end":{"line":5,"column":48}},"loc":{"start":{"line":5,"column":48},"end":{"line":7,"column":null}},"line":5},"1":{"name":"(anonymous_1)","decl":{"start":{"line":10,"column":9},"end":{"line":10,"column":16}},"loc":{"start":{"line":10,"column":40},"end":{"line":68,"column":null}},"line":10},"2":{"name":"(anonymous_2)","decl":{"start":{"line":28,"column":18},"end":{"line":28,"column":19}},"loc":{"start":{"line":28,"column":28},"end":{"line":40,"column":5}},"line":28},"3":{"name":"(anonymous_3)","decl":{"start":{"line":45,"column":47},"end":{"line":45,"column":48}},"loc":{"start":{"line":45,"column":56},"end":{"line":45,"column":77}},"line":45},"4":{"name":"(anonymous_4)","decl":{"start":{"line":45,"column":83},"end":{"line":45,"column":84}},"loc":{"start":{"line":45,"column":92},"end":{"line":45,"column":114}},"line":45},"5":{"name":"(anonymous_5)","decl":{"start":{"line":46,"column":67},"end":{"line":46,"column":68}},"loc":{"start":{"line":46,"column":74},"end":{"line":46,"column":90}},"line":46},"6":{"name":"(anonymous_6)","decl":{"start":{"line":46,"column":97},"end":{"line":46,"column":98}},"loc":{"start":{"line":46,"column":107},"end":{"line":46,"column":112}},"line":46},"7":{"name":"(anonymous_7)","decl":{"start":{"line":57,"column":47},"end":{"line":57,"column":48}},"loc":{"start":{"line":57,"column":56},"end":{"line":57,"column":82}},"line":57},"8":{"name":"(anonymous_8)","decl":{"start":{"line":57,"column":88},"end":{"line":57,"column":89}},"loc":{"start":{"line":57,"column":97},"end":{"line":57,"column":124}},"line":57}},"branchMap":{"0":{"loc":{"start":{"line":12,"column":2},"end":{"line":12,"column":null}},"type":"if","locations":[{"start":{"line":12,"column":2},"end":{"line":12,"column":null}},{"start":{},"end":{}}],"line":12},"1":{"loc":{"start":{"line":15,"column":23},"end":{"line":15,"column":null}},"type":"binary-expr","locations":[{"start":{"line":15,"column":23},"end":{"line":15,"column":69}},{"start":{"line":15,"column":69},"end":{"line":15,"column":null}}],"line":15},"2":{"loc":{"start":{"line":16,"column":17},"end":{"line":16,"column":null}},"type":"binary-expr","locations":[{"start":{"line":16,"column":17},"end":{"line":16,"column":57}},{"start":{"line":16,"column":57},"end":{"line":16,"column":null}}],"line":16},"3":{"loc":{"start":{"line":17,"column":2},"end":{"line":17,"column":null}},"type":"if","locations":[{"start":{"line":17,"column":2},"end":{"line":17,"column":null}},{"start":{},"end":{}}],"line":17},"4":{"loc":{"start":{"line":25,"column":2},"end":{"line":54,"column":null}},"type":"if","locations":[{"start":{"line":25,"column":2},"end":{"line":54,"column":null}},{"start":{"line":44,"column":9},"end":{"line":54,"column":null}}],"line":25},"5":{"loc":{"start":{"line":25,"column":6},"end":{"line":25,"column":39}},"type":"binary-expr","locations":[{"start":{"line":25,"column":6},"end":{"line":25,"column":19}},{"start":{"line":25,"column":19},"end":{"line":25,"column":39}}],"line":25},"6":{"loc":{"start":{"line":29,"column":5},"end":{"line":29,"column":null}},"type":"if","locations":[{"start":{"line":29,"column":5},"end":{"line":29,"column":null}},{"start":{},"end":{}}],"line":29},"7":{"loc":{"start":{"line":29,"column":9},"end":{"line":29,"column":31}},"type":"binary-expr","locations":[{"start":{"line":29,"column":9},"end":{"line":29,"column":20}},{"start":{"line":29,"column":20},"end":{"line":29,"column":31}}],"line":29},"8":{"loc":{"start":{"line":36,"column":6},"end":{"line":36,"column":null}},"type":"binary-expr","locations":[{"start":{"line":36,"column":6},"end":{"line":36,"column":20}},{"start":{"line":36,"column":20},"end":{"line":36,"column":null}}],"line":36},"9":{"loc":{"start":{"line":37,"column":6},"end":{"line":37,"column":null}},"type":"binary-expr","locations":[{"start":{"line":37,"column":6},"end":{"line":37,"column":18}},{"start":{"line":37,"column":18},"end":{"line":37,"column":null}}],"line":37},"10":{"loc":{"start":{"line":50,"column":4},"end":{"line":50,"column":null}},"type":"if","locations":[{"start":{"line":50,"column":4},"end":{"line":50,"column":null}},{"start":{},"end":{}}],"line":50},"11":{"loc":{"start":{"line":60,"column":3},"end":{"line":60,"column":null}},"type":"if","locations":[{"start":{"line":60,"column":3},"end":{"line":60,"column":null}},{"start":{},"end":{}}],"line":60},"12":{"loc":{"start":{"line":61,"column":17},"end":{"line":61,"column":null}},"type":"binary-expr","locations":[{"start":{"line":61,"column":17},"end":{"line":61,"column":61}},{"start":{"line":61,"column":61},"end":{"line":61,"column":null}}],"line":61},"13":{"loc":{"start":{"line":62,"column":18},"end":{"line":62,"column":null}},"type":"binary-expr","locations":[{"start":{"line":62,"column":18},"end":{"line":62,"column":63}},{"start":{"line":62,"column":63},"end":{"line":62,"column":null}}],"line":62}},"s":{"0":1,"1":0,"2":1,"3":2,"4":2,"5":0,"6":2,"7":2,"8":2,"9":2,"10":2,"11":0,"12":2,"13":2,"14":2,"15":2,"16":2,"17":1,"18":1,"19":1,"20":2,"21":0,"22":2,"23":2,"24":1,"25":7,"26":1,"27":1,"28":1,"29":0,"30":1,"31":1,"32":1,"33":1,"34":1,"35":0,"36":1,"37":1,"38":2,"39":9,"40":1,"41":2,"42":1,"43":1,"44":0,"45":1,"46":1,"47":1,"48":1,"49":2},"f":{"0":0,"1":2,"2":2,"3":7,"4":1,"5":1,"6":0,"7":9,"8":1},"b":{"0":[0,2],"1":[2,1],"2":[2,1],"3":[0,2],"4":[1,1],"5":[2,1],"6":[0,2],"7":[2,2],"8":[2,2],"9":[2,2],"10":[0,1],"11":[0,1],"12":[1,0],"13":[1,0]},"meta":{"lastBranch":14,"lastFunction":9,"lastStatement":50,"seen":{"s:5:36:7:Infinity":0,"f:5:36:5:48":0,"s:6:1:6:Infinity":1,"s:9:32:69:Infinity":2,"f:10:9:10:16":1,"s:11:20:11:Infinity":3,"b:12:2:12:Infinity:undefined:undefined:undefined:undefined":0,"s:12:2:12:Infinity":4,"s:12:18:12:Infinity":5,"s:13:15:13:Infinity":6,"s:14:16:14:Infinity":7,"s:15:23:15:Infinity":8,"b:15:23:15:69:15:69:15:Infinity":1,"s:16:17:16:Infinity":9,"b:16:17:16:57:16:57:16:Infinity":2,"b:17:2:17:Infinity:undefined:undefined:undefined:undefined":3,"s:17:2:17:Infinity":10,"s:17:13:17:Infinity":11,"s:19:8:19:Infinity":12,"s:20:13:20:Infinity":13,"s:21:2:21:Infinity":14,"s:24:21:24:Infinity":15,"b:25:2:54:Infinity:44:9:54:Infinity":4,"s:25:2:54:Infinity":16,"b:25:6:25:19:25:19:25:39":5,"s:26:3:43:Infinity":17,"s:27:18:27:Infinity":18,"s:28:4:40:Infinity":19,"f:28:18:28:19":2,"b:29:5:29:Infinity:undefined:undefined:undefined:undefined":6,"s:29:5:29:Infinity":20,"b:29:9:29:20:29:20:29:31":7,"s:29:31:29:Infinity":21,"s:30:20:30:Infinity":22,"s:31:5:39:Infinity":23,"b:36:6:36:20:36:20:36:Infinity":8,"b:37:6:37:18:37:18:37:Infinity":9,"s:45:20:45:Infinity":24,"f:45:47:45:48":3,"s:45:56:45:77":25,"f:45:83:45:84":4,"s:45:92:45:114":26,"s:46:25:46:Infinity":27,"f:46:67:46:68":5,"s:46:74:46:90":28,"f:46:97:46:98":6,"s:46:107:46:112":29,"s:47:3:53:Infinity":30,"s:47:16:47:19":31,"s:48:16:48:Infinity":32,"s:49:17:49:Infinity":33,"b:50:4:50:Infinity:undefined:undefined:undefined:undefined":10,"s:50:4:50:Infinity":34,"s:50:14:50:Infinity":35,"s:51:19:51:Infinity":36,"s:52:4:52:Infinity":37,"s:57:20:57:Infinity":38,"f:57:47:57:48":7,"s:57:56:57:82":39,"f:57:88:57:89":8,"s:57:97:57:124":40,"s:58:2:65:Infinity":41,"s:59:16:59:Infinity":42,"b:60:3:60:Infinity:undefined:undefined:undefined:undefined":11,"s:60:3:60:Infinity":43,"s:60:13:60:Infinity":44,"s:61:17:61:Infinity":45,"b:61:17:61:61:61:61:61:Infinity":12,"s:62:18:62:Infinity":46,"b:62:18:62:63:62:63:62:Infinity":13,"s:63:19:63:Infinity":47,"s:64:3:64:Infinity":48,"s:67:2:67:Infinity":49}}}
,"/Users/andypearson/Code/postplanpro_v2/src/routes/settings/+page.server.ts": {"path":"/Users/andypearson/Code/postplanpro_v2/src/routes/settings/+page.server.ts","statementMap":{"0":{"start":{"line":5,"column":36},"end":{"line":23,"column":null}},"1":{"start":{"line":6,"column":20},"end":{"line":6,"column":null}},"2":{"start":{"line":7,"column":1},"end":{"line":9,"column":null}},"3":{"start":{"line":8,"column":2},"end":{"line":8,"column":null}},"4":{"start":{"line":10,"column":1},"end":{"line":12,"column":null}},"5":{"start":{"line":11,"column":2},"end":{"line":11,"column":null}},"6":{"start":{"line":13,"column":1},"end":{"line":15,"column":null}},"7":{"start":{"line":14,"column":2},"end":{"line":14,"column":null}},"8":{"start":{"line":16,"column":1},"end":{"line":18,"column":null}},"9":{"start":{"line":17,"column":2},"end":{"line":17,"column":null}},"10":{"start":{"line":19,"column":1},"end":{"line":21,"column":null}},"11":{"start":{"line":20,"column":2},"end":{"line":20,"column":null}},"12":{"start":{"line":22,"column":1},"end":{"line":22,"column":null}}},"fnMap":{"0":{"name":"(anonymous_0)","decl":{"start":{"line":5,"column":36},"end":{"line":5,"column":37}},"loc":{"start":{"line":5,"column":49},"end":{"line":23,"column":null}},"line":5}},"branchMap":{"0":{"loc":{"start":{"line":6,"column":20},"end":{"line":6,"column":null}},"type":"binary-expr","locations":[{"start":{"line":6,"column":20},"end":{"line":6,"column":55}},{"start":{"line":6,"column":55},"end":{"line":6,"column":null}}],"line":6},"1":{"loc":{"start":{"line":7,"column":1},"end":{"line":9,"column":null}},"type":"if","locations":[{"start":{"line":7,"column":1},"end":{"line":9,"column":null}},{"start":{},"end":{}}],"line":7},"2":{"loc":{"start":{"line":7,"column":5},"end":{"line":7,"column":59}},"type":"binary-expr","locations":[{"start":{"line":7,"column":5},"end":{"line":7,"column":33}},{"start":{"line":7,"column":33},"end":{"line":7,"column":59}}],"line":7},"3":{"loc":{"start":{"line":10,"column":1},"end":{"line":12,"column":null}},"type":"if","locations":[{"start":{"line":10,"column":1},"end":{"line":12,"column":null}},{"start":{},"end":{}}],"line":10},"4":{"loc":{"start":{"line":10,"column":5},"end":{"line":10,"column":58}},"type":"binary-expr","locations":[{"start":{"line":10,"column":5},"end":{"line":10,"column":32}},{"start":{"line":10,"column":32},"end":{"line":10,"column":58}}],"line":10},"5":{"loc":{"start":{"line":13,"column":1},"end":{"line":15,"column":null}},"type":"if","locations":[{"start":{"line":13,"column":1},"end":{"line":15,"column":null}},{"start":{},"end":{}}],"line":13},"6":{"loc":{"start":{"line":16,"column":1},"end":{"line":18,"column":null}},"type":"if","locations":[{"start":{"line":16,"column":1},"end":{"line":18,"column":null}},{"start":{},"end":{}}],"line":16},"7":{"loc":{"start":{"line":19,"column":1},"end":{"line":21,"column":null}},"type":"if","locations":[{"start":{"line":19,"column":1},"end":{"line":21,"column":null}},{"start":{},"end":{}}],"line":19}},"s":{"0":1,"1":6,"2":6,"3":1,"4":5,"5":1,"6":4,"7":1,"8":3,"9":1,"10":2,"11":1,"12":1},"f":{"0":6},"b":{"0":[6,1],"1":[1,5],"2":[6,5],"3":[1,4],"4":[5,4],"5":[1,3],"6":[1,2],"7":[1,1]},"meta":{"lastBranch":8,"lastFunction":1,"lastStatement":13,"seen":{"s:5:36:23:Infinity":0,"f:5:36:5:37":0,"s:6:20:6:Infinity":1,"b:6:20:6:55:6:55:6:Infinity":0,"b:7:1:9:Infinity:undefined:undefined:undefined:undefined":1,"s:7:1:9:Infinity":2,"b:7:5:7:33:7:33:7:59":2,"s:8:2:8:Infinity":3,"b:10:1:12:Infinity:undefined:undefined:undefined:undefined":3,"s:10:1:12:Infinity":4,"b:10:5:10:32:10:32:10:58":4,"s:11:2:11:Infinity":5,"b:13:1:15:Infinity:undefined:undefined:undefined:undefined":5,"s:13:1:15:Infinity":6,"s:14:2:14:Infinity":7,"b:16:1:18:Infinity:undefined:undefined:undefined:undefined":6,"s:16:1:18:Infinity":8,"s:17:2:17:Infinity":9,"b:19:1:21:Infinity:undefined:undefined:undefined:undefined":7,"s:19:1:21:Infinity":10,"s:20:2:20:Infinity":11,"s:22:1:22:Infinity":12}}}
,"/Users/andypearson/Code/postplanpro_v2/src/routes/users/+page.ts": {"path":"/Users/andypearson/Code/postplanpro_v2/src/routes/users/+page.ts","statementMap":{"0":{"start":{"line":4,"column":1},"end":{"line":4,"column":null}}},"fnMap":{"0":{"name":"load","decl":{"start":{"line":3,"column":16},"end":{"line":3,"column":23}},"loc":{"start":{"line":3,"column":23},"end":{"line":5,"column":null}},"line":3}},"branchMap":{},"s":{"0":0},"f":{"0":0},"b":{},"meta":{"lastBranch":0,"lastFunction":1,"lastStatement":1,"seen":{"f:3:16:3:23":0,"s:4:1:4:Infinity":0}}}
,"/Users/andypearson/Code/postplanpro_v2/src/routes/webhooks/+page.server.ts": {"path":"/Users/andypearson/Code/postplanpro_v2/src/routes/webhooks/+page.server.ts","statementMap":{"0":{"start":{"line":5,"column":36},"end":{"line":7,"column":null}},"1":{"start":{"line":6,"column":1},"end":{"line":6,"column":null}}},"fnMap":{"0":{"name":"(anonymous_0)","decl":{"start":{"line":5,"column":36},"end":{"line":5,"column":42}},"loc":{"start":{"line":5,"column":42},"end":{"line":7,"column":null}},"line":5}},"branchMap":{},"s":{"0":0,"1":0},"f":{"0":0},"b":{},"meta":{"lastBranch":0,"lastFunction":1,"lastStatement":2,"seen":{"s:5:36:7:Infinity":0,"f:5:36:5:42":0,"s:6:1:6:Infinity":1}}}
,"/Users/andypearson/Code/postplanpro_v2/src/routes/welcome/+page.server.ts": {"path":"/Users/andypearson/Code/postplanpro_v2/src/routes/welcome/+page.server.ts","statementMap":{"0":{"start":{"line":5,"column":36},"end":{"line":7,"column":null}},"1":{"start":{"line":6,"column":1},"end":{"line":6,"column":null}}},"fnMap":{"0":{"name":"(anonymous_0)","decl":{"start":{"line":5,"column":36},"end":{"line":5,"column":48}},"loc":{"start":{"line":5,"column":48},"end":{"line":7,"column":null}},"line":5}},"branchMap":{},"s":{"0":1,"1":1},"f":{"0":1},"b":{},"meta":{"lastBranch":0,"lastFunction":1,"lastStatement":2,"seen":{"s:5:36:7:Infinity":0,"f:5:36:5:48":0,"s:6:1:6:Infinity":1}}}
}
