{"/Users/andypearson/Code/postplanpro_v2/src/lib/calendarColors.ts": {"path":"/Users/andypearson/Code/postplanpro_v2/src/lib/calendarColors.ts","statementMap":{"0":{"start":{"line":2,"column":27},"end":{"line":4,"column":null}},"1":{"start":{"line":7,"column":1},"end":{"line":7,"column":null}}},"fnMap":{"0":{"name":"ruleColor","decl":{"start":{"line":6,"column":16},"end":{"line":6,"column":26}},"loc":{"start":{"line":6,"column":53},"end":{"line":8,"column":null}},"line":6}},"branchMap":{},"s":{"0":2,"1":4},"f":{"0":4},"b":{},"meta":{"lastBranch":0,"lastFunction":1,"lastStatement":2,"seen":{"s:2:27:4:Infinity":0,"f:6:16:6:26":0,"s:7:1:7:Infinity":1}}}
,"/Users/andypearson/Code/postplanpro_v2/src/lib/index.ts": {"path":"/Users/andypearson/Code/postplanpro_v2/src/lib/index.ts","statementMap":{},"fnMap":{},"branchMap":{},"s":{},"f":{},"b":{},"meta":{"lastBranch":0,"lastFunction":0,"lastStatement":0,"seen":{}}}
,"/Users/andypearson/Code/postplanpro_v2/src/lib/payload.ts": {"path":"/Users/andypearson/Code/postplanpro_v2/src/lib/payload.ts","statementMap":{"0":{"start":{"line":8,"column":1},"end":{"line":8,"column":null}},"1":{"start":{"line":8,"column":36},"end":{"line":8,"column":null}},"2":{"start":{"line":9,"column":1},"end":{"line":22,"column":null}},"3":{"start":{"line":11,"column":3},"end":{"line":11,"column":null}},"4":{"start":{"line":13,"column":3},"end":{"line":13,"column":null}},"5":{"start":{"line":15,"column":3},"end":{"line":19,"column":null}},"6":{"start":{"line":16,"column":4},"end":{"line":16,"column":null}},"7":{"start":{"line":18,"column":4},"end":{"line":18,"column":null}},"8":{"start":{"line":21,"column":3},"end":{"line":21,"column":null}},"9":{"start":{"line":26,"column":38},"end":{"line":26,"column":null}},"10":{"start":{"line":27,"column":12},"end":{"line":27,"column":null}},"11":{"start":{"line":29,"column":1},"end":{"line":32,"column":null}},"12":{"start":{"line":30,"column":2},"end":{"line":31,"column":null}},"13":{"start":{"line":30,"column":12},"end":{"line":30,"column":null}},"14":{"start":{"line":30,"column":26},"end":{"line":31,"column":null}},"15":{"start":{"line":31,"column":17},"end":{"line":31,"column":null}},"16":{"start":{"line":33,"column":1},"end":{"line":33,"column":null}},"17":{"start":{"line":37,"column":14},"end":{"line":37,"column":null}},"18":{"start":{"line":38,"column":1},"end":{"line":38,"column":null}},"19":{"start":{"line":38,"column":12},"end":{"line":38,"column":null}},"20":{"start":{"line":39,"column":14},"end":{"line":39,"column":null}},"21":{"start":{"line":40,"column":1},"end":{"line":40,"column":null}},"22":{"start":{"line":40,"column":24},"end":{"line":40,"column":null}},"23":{"start":{"line":42,"column":20},"end":{"line":42,"column":null}},"24":{"start":{"line":43,"column":1},"end":{"line":59,"column":null}},"25":{"start":{"line":43,"column":14},"end":{"line":43,"column":17}},"26":{"start":{"line":44,"column":14},"end":{"line":44,"column":null}},"27":{"start":{"line":45,"column":15},"end":{"line":45,"column":null}},"28":{"start":{"line":46,"column":2},"end":{"line":58,"column":null}},"29":{"start":{"line":47,"column":3},"end":{"line":47,"column":null}},"30":{"start":{"line":47,"column":28},"end":{"line":47,"column":null}},"31":{"start":{"line":48,"column":3},"end":{"line":50,"column":null}},"32":{"start":{"line":49,"column":4},"end":{"line":49,"column":null}},"33":{"start":{"line":51,"column":3},"end":{"line":51,"column":null}},"34":{"start":{"line":53,"column":15},"end":{"line":53,"column":null}},"35":{"start":{"line":54,"column":3},"end":{"line":56,"column":null}},"36":{"start":{"line":55,"column":4},"end":{"line":55,"column":null}},"37":{"start":{"line":57,"column":3},"end":{"line":57,"column":null}},"38":{"start":{"line":61,"column":14},"end":{"line":61,"column":null}},"39":{"start":{"line":62,"column":1},"end":{"line":65,"column":null}},"40":{"start":{"line":63,"column":2},"end":{"line":63,"column":null}},"41":{"start":{"line":63,"column":26},"end":{"line":63,"column":null}},"42":{"start":{"line":64,"column":2},"end":{"line":64,"column":null}},"43":{"start":{"line":66,"column":2},"end":{"line":66,"column":null}},"44":{"start":{"line":74,"column":39},"end":{"line":79,"column":null}},"45":{"start":{"line":80,"column":1},"end":{"line":82,"column":null}},"46":{"start":{"line":81,"column":2},"end":{"line":81,"column":null}},"47":{"start":{"line":83,"column":1},"end":{"line":85,"column":null}},"48":{"start":{"line":84,"column":2},"end":{"line":84,"column":null}},"49":{"start":{"line":86,"column":1},"end":{"line":86,"column":null}}},"fnMap":{"0":{"name":"parseValue","decl":{"start":{"line":7,"column":16},"end":{"line":7,"column":27}},"loc":{"start":{"line":7,"column":72},"end":{"line":23,"column":null}},"line":7},"1":{"name":"pathSegments","decl":{"start":{"line":25,"column":9},"end":{"line":25,"column":22}},"loc":{"start":{"line":25,"column":60},"end":{"line":34,"column":null}},"line":25},"2":{"name":"setByPath","decl":{"start":{"line":36,"column":16},"end":{"line":36,"column":26}},"loc":{"start":{"line":36,"column":92},"end":{"line":67,"column":null}},"line":36},"3":{"name":"buildPostPayload","decl":{"start":{"line":69,"column":16},"end":{"line":69,"column":null}},"loc":{"start":{"line":73,"column":27},"end":{"line":87,"column":null}},"line":73}},"branchMap":{"0":{"loc":{"start":{"line":8,"column":1},"end":{"line":8,"column":null}},"type":"if","locations":[{"start":{"line":8,"column":1},"end":{"line":8,"column":null}},{"start":{},"end":{}}],"line":8},"1":{"loc":{"start":{"line":8,"column":5},"end":{"line":8,"column":36}},"type":"binary-expr","locations":[{"start":{"line":8,"column":5},"end":{"line":8,"column":22}},{"start":{"line":8,"column":22},"end":{"line":8,"column":36}}],"line":8},"2":{"loc":{"start":{"line":9,"column":1},"end":{"line":22,"column":null}},"type":"switch","locations":[{"start":{"line":10,"column":2},"end":{"line":11,"column":null}},{"start":{"line":12,"column":2},"end":{"line":13,"column":null}},{"start":{"line":14,"column":2},"end":{"line":19,"column":null}},{"start":{"line":20,"column":2},"end":{"line":21,"column":null}}],"line":9},"3":{"loc":{"start":{"line":13,"column":10},"end":{"line":13,"column":null}},"type":"binary-expr","locations":[{"start":{"line":13,"column":10},"end":{"line":13,"column":30}},{"start":{"line":13,"column":30},"end":{"line":13,"column":null}}],"line":13},"4":{"loc":{"start":{"line":30,"column":2},"end":{"line":31,"column":null}},"type":"if","locations":[{"start":{"line":30,"column":2},"end":{"line":31,"column":null}},{"start":{"line":30,"column":26},"end":{"line":31,"column":null}}],"line":30},"5":{"loc":{"start":{"line":30,"column":26},"end":{"line":31,"column":null}},"type":"if","locations":[{"start":{"line":30,"column":26},"end":{"line":31,"column":null}},{"start":{},"end":{}}],"line":30},"6":{"loc":{"start":{"line":38,"column":1},"end":{"line":38,"column":null}},"type":"if","locations":[{"start":{"line":38,"column":1},"end":{"line":38,"column":null}},{"start":{},"end":{}}],"line":38},"7":{"loc":{"start":{"line":40,"column":1},"end":{"line":40,"column":null}},"type":"if","locations":[{"start":{"line":40,"column":1},"end":{"line":40,"column":null}},{"start":{},"end":{}}],"line":40},"8":{"loc":{"start":{"line":46,"column":2},"end":{"line":58,"column":null}},"type":"if","locations":[{"start":{"line":46,"column":2},"end":{"line":58,"column":null}},{"start":{"line":52,"column":9},"end":{"line":58,"column":null}}],"line":46},"9":{"loc":{"start":{"line":47,"column":3},"end":{"line":47,"column":null}},"type":"if","locations":[{"start":{"line":47,"column":3},"end":{"line":47,"column":null}},{"start":{},"end":{}}],"line":47},"10":{"loc":{"start":{"line":48,"column":3},"end":{"line":50,"column":null}},"type":"if","locations":[{"start":{"line":48,"column":3},"end":{"line":50,"column":null}},{"start":{},"end":{}}],"line":48},"11":{"loc":{"start":{"line":48,"column":7},"end":{"line":48,"column":57}},"type":"binary-expr","locations":[{"start":{"line":48,"column":7},"end":{"line":48,"column":27}},{"start":{"line":48,"column":27},"end":{"line":48,"column":57}}],"line":48},"12":{"loc":{"start":{"line":49,"column":15},"end":{"line":49,"column":null}},"type":"cond-expr","locations":[{"start":{"line":49,"column":42},"end":{"line":49,"column":47}},{"start":{"line":49,"column":47},"end":{"line":49,"column":null}}],"line":49},"13":{"loc":{"start":{"line":54,"column":3},"end":{"line":56,"column":null}},"type":"if","locations":[{"start":{"line":54,"column":3},"end":{"line":56,"column":null}},{"start":{},"end":{}}],"line":54},"14":{"loc":{"start":{"line":54,"column":7},"end":{"line":54,"column":57}},"type":"binary-expr","locations":[{"start":{"line":54,"column":7},"end":{"line":54,"column":27}},{"start":{"line":54,"column":27},"end":{"line":54,"column":57}}],"line":54},"15":{"loc":{"start":{"line":55,"column":15},"end":{"line":55,"column":null}},"type":"cond-expr","locations":[{"start":{"line":55,"column":42},"end":{"line":55,"column":47}},{"start":{"line":55,"column":47},"end":{"line":55,"column":null}}],"line":55},"16":{"loc":{"start":{"line":62,"column":1},"end":{"line":65,"column":null}},"type":"if","locations":[{"start":{"line":62,"column":1},"end":{"line":65,"column":null}},{"start":{},"end":{}}],"line":62},"17":{"loc":{"start":{"line":63,"column":2},"end":{"line":63,"column":null}},"type":"if","locations":[{"start":{"line":63,"column":2},"end":{"line":63,"column":null}},{"start":{},"end":{}}],"line":63}},"s":{"0":0,"1":0,"2":0,"3":0,"4":0,"5":0,"6":0,"7":0,"8":0,"9":0,"10":0,"11":0,"12":0,"13":0,"14":0,"15":0,"16":0,"17":0,"18":0,"19":0,"20":0,"21":0,"22":0,"23":0,"24":0,"25":0,"26":0,"27":0,"28":0,"29":0,"30":0,"31":0,"32":0,"33":0,"34":0,"35":0,"36":0,"37":0,"38":0,"39":0,"40":0,"41":0,"42":0,"43":0,"44":0,"45":0,"46":0,"47":0,"48":0,"49":0},"f":{"0":0,"1":0,"2":0,"3":0},"b":{"0":[0,0],"1":[0,0],"2":[0,0,0,0],"3":[0,0],"4":[0,0],"5":[0,0],"6":[0,0],"7":[0,0],"8":[0,0],"9":[0,0],"10":[0,0],"11":[0,0],"12":[0,0],"13":[0,0],"14":[0,0],"15":[0,0],"16":[0,0],"17":[0,0]},"meta":{"lastBranch":18,"lastFunction":4,"lastStatement":50,"seen":{"f:7:16:7:27":0,"b:8:1:8:Infinity:undefined:undefined:undefined:undefined":0,"s:8:1:8:Infinity":0,"b:8:5:8:22:8:22:8:36":1,"s:8:36:8:Infinity":1,"b:10:2:11:Infinity:12:2:13:Infinity:14:2:19:Infinity:20:2:21:Infinity":2,"s:9:1:22:Infinity":2,"s:11:3:11:Infinity":3,"s:13:3:13:Infinity":4,"b:13:10:13:30:13:30:13:Infinity":3,"s:15:3:19:Infinity":5,"s:16:4:16:Infinity":6,"s:18:4:18:Infinity":7,"s:21:3:21:Infinity":8,"f:25:9:25:22":1,"s:26:38:26:Infinity":9,"s:27:12:27:Infinity":10,"s:29:1:32:Infinity":11,"b:30:2:31:Infinity:30:26:31:Infinity":4,"s:30:2:31:Infinity":12,"s:30:12:30:Infinity":13,"b:30:26:31:Infinity:undefined:undefined:undefined:undefined":5,"s:30:26:31:Infinity":14,"s:31:17:31:Infinity":15,"s:33:1:33:Infinity":16,"f:36:16:36:26":2,"s:37:14:37:Infinity":17,"b:38:1:38:Infinity:undefined:undefined:undefined:undefined":6,"s:38:1:38:Infinity":18,"s:38:12:38:Infinity":19,"s:39:14:39:Infinity":20,"b:40:1:40:Infinity:undefined:undefined:undefined:undefined":7,"s:40:1:40:Infinity":21,"s:40:24:40:Infinity":22,"s:42:20:42:Infinity":23,"s:43:1:59:Infinity":24,"s:43:14:43:17":25,"s:44:14:44:Infinity":26,"s:45:15:45:Infinity":27,"b:46:2:58:Infinity:52:9:58:Infinity":8,"s:46:2:58:Infinity":28,"b:47:3:47:Infinity:undefined:undefined:undefined:undefined":9,"s:47:3:47:Infinity":29,"s:47:28:47:Infinity":30,"b:48:3:50:Infinity:undefined:undefined:undefined:undefined":10,"s:48:3:50:Infinity":31,"b:48:7:48:27:48:27:48:57":11,"s:49:4:49:Infinity":32,"b:49:42:49:47:49:47:49:Infinity":12,"s:51:3:51:Infinity":33,"s:53:15:53:Infinity":34,"b:54:3:56:Infinity:undefined:undefined:undefined:undefined":13,"s:54:3:56:Infinity":35,"b:54:7:54:27:54:27:54:57":14,"s:55:4:55:Infinity":36,"b:55:42:55:47:55:47:55:Infinity":15,"s:57:3:57:Infinity":37,"s:61:14:61:Infinity":38,"b:62:1:65:Infinity:undefined:undefined:undefined:undefined":16,"s:62:1:65:Infinity":39,"b:63:2:63:Infinity:undefined:undefined:undefined:undefined":17,"s:63:2:63:Infinity":40,"s:63:26:63:Infinity":41,"s:64:2:64:Infinity":42,"s:66:2:66:Infinity":43,"f:69:16:69:Infinity":3,"s:74:39:79:Infinity":44,"s:80:1:82:Infinity":45,"s:81:2:81:Infinity":46,"s:83:1:85:Infinity":47,"s:84:2:84:Infinity":48,"s:86:1:86:Infinity":49}}}
,"/Users/andypearson/Code/postplanpro_v2/src/lib/postColors.ts": {"path":"/Users/andypearson/Code/postplanpro_v2/src/lib/postColors.ts","statementMap":{"0":{"start":{"line":2,"column":34},"end":{"line":2,"column":null}},"1":{"start":{"line":4,"column":36},"end":{"line":17,"column":null}},"2":{"start":{"line":19,"column":21},"end":{"line":19,"column":null}},"3":{"start":{"line":22,"column":17},"end":{"line":22,"column":null}},"4":{"start":{"line":23,"column":1},"end":{"line":23,"column":null}},"5":{"start":{"line":23,"column":15},"end":{"line":23,"column":null}},"6":{"start":{"line":24,"column":1},"end":{"line":24,"column":null}},"7":{"start":{"line":24,"column":34},"end":{"line":24,"column":null}},"8":{"start":{"line":25,"column":1},"end":{"line":25,"column":null}},"9":{"start":{"line":29,"column":15},"end":{"line":29,"column":null}},"10":{"start":{"line":30,"column":1},"end":{"line":30,"column":null}}},"fnMap":{"0":{"name":"normalizePostColor","decl":{"start":{"line":21,"column":16},"end":{"line":21,"column":35}},"loc":{"start":{"line":21,"column":84},"end":{"line":26,"column":null}},"line":21},"1":{"name":"randomTailwindPostColor","decl":{"start":{"line":28,"column":16},"end":{"line":28,"column":50}},"loc":{"start":{"line":28,"column":50},"end":{"line":31,"column":null}},"line":28}},"branchMap":{"0":{"loc":{"start":{"line":22,"column":17},"end":{"line":22,"column":null}},"type":"binary-expr","locations":[{"start":{"line":22,"column":17},"end":{"line":22,"column":34}},{"start":{"line":22,"column":34},"end":{"line":22,"column":null}}],"line":22},"1":{"loc":{"start":{"line":23,"column":1},"end":{"line":23,"column":null}},"type":"if","locations":[{"start":{"line":23,"column":1},"end":{"line":23,"column":null}},{"start":{},"end":{}}],"line":23},"2":{"loc":{"start":{"line":24,"column":1},"end":{"line":24,"column":null}},"type":"if","locations":[{"start":{"line":24,"column":1},"end":{"line":24,"column":null}},{"start":{},"end":{}}],"line":24}},"s":{"0":1,"1":1,"2":1,"3":9,"4":9,"5":4,"6":5,"7":3,"8":2,"9":1,"10":1},"f":{"0":9,"1":1},"b":{"0":[9,2],"1":[4,5],"2":[3,2]},"meta":{"lastBranch":3,"lastFunction":2,"lastStatement":11,"seen":{"s:2:34:2:Infinity":0,"s:4:36:17:Infinity":1,"s:19:21:19:Infinity":2,"f:21:16:21:35":0,"s:22:17:22:Infinity":3,"b:22:17:22:34:22:34:22:Infinity":0,"b:23:1:23:Infinity:undefined:undefined:undefined:undefined":1,"s:23:1:23:Infinity":4,"s:23:15:23:Infinity":5,"b:24:1:24:Infinity:undefined:undefined:undefined:undefined":2,"s:24:1:24:Infinity":6,"s:24:34:24:Infinity":7,"s:25:1:25:Infinity":8,"f:28:16:28:50":1,"s:29:15:29:Infinity":9,"s:30:1:30:Infinity":10}}}
,"/Users/andypearson/Code/postplanpro_v2/src/lib/db/index.ts": {"path":"/Users/andypearson/Code/postplanpro_v2/src/lib/db/index.ts","statementMap":{"0":{"start":{"line":7,"column":18},"end":{"line":7,"column":null}},"1":{"start":{"line":9,"column":15},"end":{"line":9,"column":null}},"2":{"start":{"line":11,"column":35},"end":{"line":11,"column":null}},"3":{"start":{"line":14,"column":1},"end":{"line":154,"column":null}},"4":{"start":{"line":15,"column":14},"end":{"line":15,"column":null}},"5":{"start":{"line":16,"column":2},"end":{"line":16,"column":null}},"6":{"start":{"line":16,"column":24},"end":{"line":16,"column":null}},"7":{"start":{"line":17,"column":2},"end":{"line":17,"column":null}},"8":{"start":{"line":18,"column":2},"end":{"line":18,"column":null}},"9":{"start":{"line":22,"column":23},"end":{"line":24,"column":null}},"10":{"start":{"line":25,"column":2},"end":{"line":34,"column":null}},"11":{"start":{"line":26,"column":26},"end":{"line":26,"column":null}},"12":{"start":{"line":29,"column":3},"end":{"line":33,"column":null}},"13":{"start":{"line":29,"column":35},"end":{"line":29,"column":58}},"14":{"start":{"line":30,"column":4},"end":{"line":32,"column":null}},"15":{"start":{"line":36,"column":2},"end":{"line":36,"column":null}},"16":{"start":{"line":37,"column":2},"end":{"line":41,"column":null}},"17":{"start":{"line":38,"column":3},"end":{"line":38,"column":null}},"18":{"start":{"line":42,"column":2},"end":{"line":46,"column":null}},"19":{"start":{"line":43,"column":3},"end":{"line":43,"column":null}},"20":{"start":{"line":47,"column":2},"end":{"line":51,"column":null}},"21":{"start":{"line":48,"column":3},"end":{"line":48,"column":null}},"22":{"start":{"line":52,"column":2},"end":{"line":56,"column":null}},"23":{"start":{"line":53,"column":3},"end":{"line":53,"column":null}},"24":{"start":{"line":57,"column":2},"end":{"line":61,"column":null}},"25":{"start":{"line":58,"column":3},"end":{"line":58,"column":null}},"26":{"start":{"line":62,"column":2},"end":{"line":66,"column":null}},"27":{"start":{"line":63,"column":3},"end":{"line":63,"column":null}},"28":{"start":{"line":67,"column":2},"end":{"line":71,"column":null}},"29":{"start":{"line":68,"column":3},"end":{"line":68,"column":null}},"30":{"start":{"line":72,"column":2},"end":{"line":76,"column":null}},"31":{"start":{"line":73,"column":3},"end":{"line":73,"column":null}},"32":{"start":{"line":77,"column":2},"end":{"line":81,"column":null}},"33":{"start":{"line":78,"column":3},"end":{"line":78,"column":null}},"34":{"start":{"line":82,"column":2},"end":{"line":86,"column":null}},"35":{"start":{"line":83,"column":3},"end":{"line":83,"column":null}},"36":{"start":{"line":88,"column":19},"end":{"line":90,"column":null}},"37":{"start":{"line":91,"column":2},"end":{"line":95,"column":null}},"38":{"start":{"line":91,"column":28},"end":{"line":91,"column":51}},"39":{"start":{"line":92,"column":3},"end":{"line":94,"column":null}},"40":{"start":{"line":96,"column":2},"end":{"line":122,"column":null}},"41":{"start":{"line":96,"column":27},"end":{"line":96,"column":45}},"42":{"start":{"line":97,"column":29},"end":{"line":97,"column":null}},"43":{"start":{"line":100,"column":20},"end":{"line":100,"column":null}},"44":{"start":{"line":101,"column":3},"end":{"line":103,"column":null}},"45":{"start":{"line":102,"column":4},"end":{"line":102,"column":null}},"46":{"start":{"line":104,"column":50},"end":{"line":117,"column":null}},"47":{"start":{"line":118,"column":30},"end":{"line":118,"column":null}},"48":{"start":{"line":119,"column":3},"end":{"line":121,"column":null}},"49":{"start":{"line":120,"column":4},"end":{"line":120,"column":null}},"50":{"start":{"line":125,"column":38},"end":{"line":127,"column":null}},"51":{"start":{"line":128,"column":2},"end":{"line":153,"column":null}},"52":{"start":{"line":129,"column":22},"end":{"line":129,"column":null}},"53":{"start":{"line":130,"column":3},"end":{"line":132,"column":null}},"54":{"start":{"line":133,"column":23},"end":{"line":135,"column":null}},"55":{"start":{"line":136,"column":73},"end":{"line":142,"column":null}},"56":{"start":{"line":143,"column":3},"end":{"line":152,"column":null}},"57":{"start":{"line":144,"column":4},"end":{"line":151,"column":null}},"58":{"start":{"line":155,"column":1},"end":{"line":155,"column":null}},"59":{"start":{"line":160,"column":1},"end":{"line":160,"column":null}},"60":{"start":{"line":2,"column":38},"end":{"line":2,"column":null}},"61":{"start":{"line":4,"column":30},"end":{"line":4,"column":null}}},"fnMap":{"0":{"name":"getDb","decl":{"start":{"line":13,"column":9},"end":{"line":13,"column":36}},"loc":{"start":{"line":13,"column":36},"end":{"line":156,"column":null}},"line":13},"1":{"name":"(anonymous_1)","decl":{"start":{"line":29,"column":28},"end":{"line":29,"column":29}},"loc":{"start":{"line":29,"column":35},"end":{"line":29,"column":58}},"line":29},"2":{"name":"(anonymous_2)","decl":{"start":{"line":91,"column":21},"end":{"line":91,"column":22}},"loc":{"start":{"line":91,"column":28},"end":{"line":91,"column":51}},"line":91},"3":{"name":"(anonymous_3)","decl":{"start":{"line":96,"column":20},"end":{"line":96,"column":21}},"loc":{"start":{"line":96,"column":27},"end":{"line":96,"column":45}},"line":96},"4":{"name":"(anonymous_4)","decl":{"start":{"line":143,"column":20},"end":{"line":143,"column":21}},"loc":{"start":{"line":143,"column":38},"end":{"line":152,"column":4}},"line":143},"5":{"name":"getDatabase","decl":{"start":{"line":159,"column":16},"end":{"line":159,"column":49}},"loc":{"start":{"line":159,"column":49},"end":{"line":161,"column":null}},"line":159}},"branchMap":{"0":{"loc":{"start":{"line":9,"column":15},"end":{"line":9,"column":null}},"type":"binary-expr","locations":[{"start":{"line":9,"column":15},"end":{"line":9,"column":44}},{"start":{"line":9,"column":44},"end":{"line":9,"column":null}}],"line":9},"1":{"loc":{"start":{"line":14,"column":1},"end":{"line":154,"column":null}},"type":"if","locations":[{"start":{"line":14,"column":1},"end":{"line":154,"column":null}},{"start":{},"end":{}}],"line":14},"2":{"loc":{"start":{"line":16,"column":2},"end":{"line":16,"column":null}},"type":"if","locations":[{"start":{"line":16,"column":2},"end":{"line":16,"column":null}},{"start":{},"end":{}}],"line":16},"3":{"loc":{"start":{"line":25,"column":2},"end":{"line":34,"column":null}},"type":"if","locations":[{"start":{"line":25,"column":2},"end":{"line":34,"column":null}},{"start":{},"end":{}}],"line":25},"4":{"loc":{"start":{"line":29,"column":3},"end":{"line":33,"column":null}},"type":"if","locations":[{"start":{"line":29,"column":3},"end":{"line":33,"column":null}},{"start":{},"end":{}}],"line":29},"5":{"loc":{"start":{"line":91,"column":2},"end":{"line":95,"column":null}},"type":"if","locations":[{"start":{"line":91,"column":2},"end":{"line":95,"column":null}},{"start":{},"end":{}}],"line":91},"6":{"loc":{"start":{"line":96,"column":2},"end":{"line":122,"column":null}},"type":"if","locations":[{"start":{"line":96,"column":2},"end":{"line":122,"column":null}},{"start":{},"end":{}}],"line":96},"7":{"loc":{"start":{"line":128,"column":2},"end":{"line":153,"column":null}},"type":"if","locations":[{"start":{"line":128,"column":2},"end":{"line":153,"column":null}},{"start":{},"end":{}}],"line":128}},"s":{"0":20,"1":20,"2":20,"3":31,"4":6,"5":6,"6":0,"7":6,"8":6,"9":6,"10":6,"11":6,"12":6,"13":12,"14":0,"15":6,"16":6,"17":6,"18":6,"19":6,"20":6,"21":6,"22":6,"23":6,"24":6,"25":6,"26":6,"27":6,"28":6,"29":6,"30":6,"31":6,"32":6,"33":6,"34":6,"35":6,"36":6,"37":6,"38":12,"39":0,"40":6,"41":84,"42":6,"43":6,"44":6,"45":4,"46":6,"47":6,"48":6,"49":72,"50":6,"51":6,"52":0,"53":0,"54":0,"55":0,"56":0,"57":0,"58":31,"59":31,"60":13,"61":13},"f":{"0":31,"1":12,"2":12,"3":84,"4":0,"5":31},"b":{"0":[20,20],"1":[6,25],"2":[0,6],"3":[6,0],"4":[0,6],"5":[0,6],"6":[6,0],"7":[0,6]},"meta":{"lastBranch":8,"lastFunction":6,"lastStatement":60,"seen":{"s:7:18:7:Infinity":0,"s:9:15:9:Infinity":1,"b:9:15:9:44:9:44:9:Infinity":0,"s:11:35:11:Infinity":2,"f:13:9:13:36":0,"b:14:1:154:Infinity:undefined:undefined:undefined:undefined":1,"s:14:1:154:Infinity":3,"s:15:14:15:Infinity":4,"b:16:2:16:Infinity:undefined:undefined:undefined:undefined":2,"s:16:2:16:Infinity":5,"s:16:24:16:Infinity":6,"s:17:2:17:Infinity":7,"s:18:2:18:Infinity":8,"s:22:23:24:Infinity":9,"b:25:2:34:Infinity:undefined:undefined:undefined:undefined":3,"s:25:2:34:Infinity":10,"s:26:26:26:Infinity":11,"b:29:3:33:Infinity:undefined:undefined:undefined:undefined":4,"s:29:3:33:Infinity":12,"f:29:28:29:29":1,"s:29:35:29:58":13,"s:30:4:32:Infinity":14,"s:36:2:36:Infinity":15,"s:37:2:41:Infinity":16,"s:38:3:38:Infinity":17,"s:42:2:46:Infinity":18,"s:43:3:43:Infinity":19,"s:47:2:51:Infinity":20,"s:48:3:48:Infinity":21,"s:52:2:56:Infinity":22,"s:53:3:53:Infinity":23,"s:57:2:61:Infinity":24,"s:58:3:58:Infinity":25,"s:62:2:66:Infinity":26,"s:63:3:63:Infinity":27,"s:67:2:71:Infinity":28,"s:68:3:68:Infinity":29,"s:72:2:76:Infinity":30,"s:73:3:73:Infinity":31,"s:77:2:81:Infinity":32,"s:78:3:78:Infinity":33,"s:82:2:86:Infinity":34,"s:83:3:83:Infinity":35,"s:88:19:90:Infinity":36,"b:91:2:95:Infinity:undefined:undefined:undefined:undefined":5,"s:91:2:95:Infinity":37,"f:91:21:91:22":2,"s:91:28:91:51":38,"s:92:3:94:Infinity":39,"b:96:2:122:Infinity:undefined:undefined:undefined:undefined":6,"s:96:2:122:Infinity":40,"f:96:20:96:21":3,"s:96:27:96:45":41,"s:97:29:97:Infinity":42,"s:100:20:100:Infinity":43,"s:101:3:103:Infinity":44,"s:102:4:102:Infinity":45,"s:104:50:117:Infinity":46,"s:118:30:118:Infinity":47,"s:119:3:121:Infinity":48,"s:120:4:120:Infinity":49,"s:125:38:127:Infinity":50,"b:128:2:153:Infinity:undefined:undefined:undefined:undefined":7,"s:128:2:153:Infinity":51,"s:129:22:129:Infinity":52,"s:130:3:132:Infinity":53,"s:133:23:135:Infinity":54,"s:136:73:142:Infinity":55,"s:143:3:152:Infinity":56,"f:143:20:143:21":4,"s:144:4:151:Infinity":57,"s:155:1:155:Infinity":58,"f:159:16:159:49":5,"s:160:1:160:Infinity":59}}}
,"/Users/andypearson/Code/postplanpro_v2/src/lib/db/postWebhooks.ts": {"path":"/Users/andypearson/Code/postplanpro_v2/src/lib/db/postWebhooks.ts","statementMap":{"0":{"start":{"line":11,"column":14},"end":{"line":11,"column":null}},"1":{"start":{"line":14,"column":1},"end":{"line":16,"column":null}},"2":{"start":{"line":15,"column":2},"end":{"line":15,"column":null}},"3":{"start":{"line":15,"column":25},"end":{"line":15,"column":37}},"4":{"start":{"line":17,"column":1},"end":{"line":20,"column":null}},"5":{"start":{"line":18,"column":2},"end":{"line":18,"column":null}},"6":{"start":{"line":19,"column":2},"end":{"line":19,"column":null}},"7":{"start":{"line":21,"column":1},"end":{"line":21,"column":null}},"8":{"start":{"line":34,"column":1},"end":{"line":34,"column":null}},"9":{"start":{"line":34,"column":30},"end":{"line":34,"column":null}},"10":{"start":{"line":35,"column":1},"end":{"line":35,"column":null}},"11":{"start":{"line":36,"column":16},"end":{"line":36,"column":null}},"12":{"start":{"line":37,"column":1},"end":{"line":39,"column":null}},"13":{"start":{"line":38,"column":2},"end":{"line":38,"column":null}},"14":{"start":{"line":40,"column":1},"end":{"line":44,"column":null}}},"fnMap":{"0":{"name":"getWebhookIdsForPost","decl":{"start":{"line":6,"column":16},"end":{"line":6,"column":null}},"loc":{"start":{"line":10,"column":12},"end":{"line":22,"column":null}},"line":10},"1":{"name":"(anonymous_1)","decl":{"start":{"line":15,"column":18},"end":{"line":15,"column":19}},"loc":{"start":{"line":15,"column":25},"end":{"line":15,"column":37}},"line":15},"2":{"name":"setPostWebhooks","decl":{"start":{"line":28,"column":16},"end":{"line":28,"column":null}},"loc":{"start":{"line":33,"column":8},"end":{"line":45,"column":null}},"line":33}},"branchMap":{"0":{"loc":{"start":{"line":14,"column":1},"end":{"line":16,"column":null}},"type":"if","locations":[{"start":{"line":14,"column":1},"end":{"line":16,"column":null}},{"start":{},"end":{}}],"line":14},"1":{"loc":{"start":{"line":17,"column":1},"end":{"line":20,"column":null}},"type":"if","locations":[{"start":{"line":17,"column":1},"end":{"line":20,"column":null}},{"start":{},"end":{}}],"line":17},"2":{"loc":{"start":{"line":34,"column":1},"end":{"line":34,"column":null}},"type":"if","locations":[{"start":{"line":34,"column":1},"end":{"line":34,"column":null}},{"start":{},"end":{}}],"line":34}},"s":{"0":0,"1":0,"2":0,"3":0,"4":0,"5":0,"6":0,"7":0,"8":2,"9":0,"10":2,"11":2,"12":2,"13":2,"14":2},"f":{"0":0,"1":0,"2":2},"b":{"0":[0,0],"1":[0,0],"2":[0,2]},"meta":{"lastBranch":3,"lastFunction":3,"lastStatement":15,"seen":{"f:6:16:6:Infinity":0,"s:11:14:11:Infinity":0,"b:14:1:16:Infinity:undefined:undefined:undefined:undefined":0,"s:14:1:16:Infinity":1,"s:15:2:15:Infinity":2,"f:15:18:15:19":1,"s:15:25:15:37":3,"b:17:1:20:Infinity:undefined:undefined:undefined:undefined":1,"s:17:1:20:Infinity":4,"s:18:2:18:Infinity":5,"s:19:2:19:Infinity":6,"s:21:1:21:Infinity":7,"f:28:16:28:Infinity":2,"b:34:1:34:Infinity:undefined:undefined:undefined:undefined":2,"s:34:1:34:Infinity":8,"s:34:30:34:Infinity":9,"s:35:1:35:Infinity":10,"s:36:16:36:Infinity":11,"s:37:1:39:Infinity":12,"s:38:2:38:Infinity":13,"s:40:1:44:Infinity":14}}}
,"/Users/andypearson/Code/postplanpro_v2/src/lib/db/schema.ts": {"path":"/Users/andypearson/Code/postplanpro_v2/src/lib/db/schema.ts","statementMap":{"0":{"start":{"line":1,"column":22},"end":{"line":218,"column":1}}},"fnMap":{},"branchMap":{},"s":{"0":20},"f":{},"b":{},"meta":{"lastBranch":0,"lastFunction":0,"lastStatement":1,"seen":{"s:1:22:218:1":0}}}
,"/Users/andypearson/Code/postplanpro_v2/src/lib/importers/importerUtils.ts": {"path":"/Users/andypearson/Code/postplanpro_v2/src/lib/importers/importerUtils.ts","statementMap":{"0":{"start":{"line":3,"column":32},"end":{"line":18,"column":null}},"1":{"start":{"line":24,"column":1},"end":{"line":24,"column":null}},"2":{"start":{"line":24,"column":51},"end":{"line":24,"column":null}},"3":{"start":{"line":25,"column":24},"end":{"line":25,"column":null}},"4":{"start":{"line":27,"column":2},"end":{"line":27,"column":null}},"5":{"start":{"line":27,"column":19},"end":{"line":27,"column":null}},"6":{"start":{"line":28,"column":2},"end":{"line":31,"column":null}},"7":{"start":{"line":29,"column":3},"end":{"line":29,"column":null}},"8":{"start":{"line":29,"column":40},"end":{"line":29,"column":69}},"9":{"start":{"line":30,"column":3},"end":{"line":30,"column":null}},"10":{"start":{"line":32,"column":2},"end":{"line":38,"column":null}},"11":{"start":{"line":33,"column":3},"end":{"line":37,"column":null}},"12":{"start":{"line":34,"column":17},"end":{"line":34,"column":null}},"13":{"start":{"line":35,"column":4},"end":{"line":35,"column":null}},"14":{"start":{"line":36,"column":4},"end":{"line":36,"column":null}},"15":{"start":{"line":36,"column":66},"end":{"line":36,"column":null}},"16":{"start":{"line":40,"column":1},"end":{"line":40,"column":null}},"17":{"start":{"line":41,"column":1},"end":{"line":41,"column":null}},"18":{"start":{"line":44,"column":26},"end":{"line":44,"column":null}},"19":{"start":{"line":48,"column":1},"end":{"line":48,"column":null}},"20":{"start":{"line":48,"column":18},"end":{"line":48,"column":null}},"21":{"start":{"line":49,"column":1},"end":{"line":51,"column":null}},"22":{"start":{"line":50,"column":2},"end":{"line":50,"column":null}},"23":{"start":{"line":52,"column":1},"end":{"line":54,"column":null}},"24":{"start":{"line":53,"column":2},"end":{"line":53,"column":null}},"25":{"start":{"line":55,"column":1},"end":{"line":61,"column":null}},"26":{"start":{"line":56,"column":39},"end":{"line":56,"column":null}},"27":{"start":{"line":57,"column":2},"end":{"line":59,"column":null}},"28":{"start":{"line":58,"column":3},"end":{"line":58,"column":null}},"29":{"start":{"line":60,"column":2},"end":{"line":60,"column":null}},"30":{"start":{"line":62,"column":1},"end":{"line":62,"column":null}},"31":{"start":{"line":66,"column":1},"end":{"line":69,"column":null}},"32":{"start":{"line":68,"column":29},"end":{"line":68,"column":42}},"33":{"start":{"line":68,"column":56},"end":{"line":68,"column":132}},"34":{"start":{"line":73,"column":1},"end":{"line":80,"column":null}},"35":{"start":{"line":74,"column":25},"end":{"line":74,"column":54}},"36":{"start":{"line":74,"column":68},"end":{"line":79,"column":4}}},"fnMap":{"0":{"name":"sampleKeys","decl":{"start":{"line":23,"column":16},"end":{"line":23,"column":27}},"loc":{"start":{"line":23,"column":54},"end":{"line":42,"column":null}},"line":23},"1":{"name":"walk","decl":{"start":{"line":26,"column":10},"end":{"line":26,"column":15}},"loc":{"start":{"line":26,"column":45},"end":{"line":39,"column":null}},"line":26},"2":{"name":"(anonymous_2)","decl":{"start":{"line":29,"column":27},"end":{"line":29,"column":28}},"loc":{"start":{"line":29,"column":40},"end":{"line":29,"column":69}},"line":29},"3":{"name":"sampleForPreview","decl":{"start":{"line":47,"column":16},"end":{"line":47,"column":33}},"loc":{"start":{"line":47,"column":56},"end":{"line":63,"column":null}},"line":47},"4":{"name":"filterRulesJson","decl":{"start":{"line":65,"column":16},"end":{"line":65,"column":32}},"loc":{"start":{"line":65,"column":84},"end":{"line":70,"column":null}},"line":65},"5":{"name":"(anonymous_5)","decl":{"start":{"line":68,"column":22},"end":{"line":68,"column":23}},"loc":{"start":{"line":68,"column":29},"end":{"line":68,"column":42}},"line":68},"6":{"name":"(anonymous_6)","decl":{"start":{"line":68,"column":48},"end":{"line":68,"column":49}},"loc":{"start":{"line":68,"column":56},"end":{"line":68,"column":132}},"line":68},"7":{"name":"customMappingJson","decl":{"start":{"line":72,"column":16},"end":{"line":72,"column":34}},"loc":{"start":{"line":72,"column":69},"end":{"line":81,"column":null}},"line":72},"8":{"name":"(anonymous_8)","decl":{"start":{"line":74,"column":18},"end":{"line":74,"column":19}},"loc":{"start":{"line":74,"column":25},"end":{"line":74,"column":54}},"line":74},"9":{"name":"(anonymous_9)","decl":{"start":{"line":74,"column":60},"end":{"line":74,"column":61}},"loc":{"start":{"line":74,"column":68},"end":{"line":79,"column":4}},"line":74}},"branchMap":{"0":{"loc":{"start":{"line":24,"column":1},"end":{"line":24,"column":null}},"type":"if","locations":[{"start":{"line":24,"column":1},"end":{"line":24,"column":null}},{"start":{},"end":{}}],"line":24},"1":{"loc":{"start":{"line":24,"column":5},"end":{"line":24,"column":51}},"type":"binary-expr","locations":[{"start":{"line":24,"column":5},"end":{"line":24,"column":23}},{"start":{"line":24,"column":23},"end":{"line":24,"column":51}}],"line":24},"2":{"loc":{"start":{"line":27,"column":2},"end":{"line":27,"column":null}},"type":"if","locations":[{"start":{"line":27,"column":2},"end":{"line":27,"column":null}},{"start":{},"end":{}}],"line":27},"3":{"loc":{"start":{"line":28,"column":2},"end":{"line":31,"column":null}},"type":"if","locations":[{"start":{"line":28,"column":2},"end":{"line":31,"column":null}},{"start":{},"end":{}}],"line":28},"4":{"loc":{"start":{"line":32,"column":2},"end":{"line":38,"column":null}},"type":"if","locations":[{"start":{"line":32,"column":2},"end":{"line":38,"column":null}},{"start":{},"end":{}}],"line":32},"5":{"loc":{"start":{"line":34,"column":17},"end":{"line":34,"column":null}},"type":"cond-expr","locations":[{"start":{"line":34,"column":26},"end":{"line":34,"column":45}},{"start":{"line":34,"column":45},"end":{"line":34,"column":null}}],"line":34},"6":{"loc":{"start":{"line":36,"column":4},"end":{"line":36,"column":null}},"type":"if","locations":[{"start":{"line":36,"column":4},"end":{"line":36,"column":null}},{"start":{},"end":{}}],"line":36},"7":{"loc":{"start":{"line":36,"column":8},"end":{"line":36,"column":66}},"type":"binary-expr","locations":[{"start":{"line":36,"column":8},"end":{"line":36,"column":33}},{"start":{"line":36,"column":33},"end":{"line":36,"column":47}},{"start":{"line":36,"column":47},"end":{"line":36,"column":66}}],"line":36},"8":{"loc":{"start":{"line":48,"column":1},"end":{"line":48,"column":null}},"type":"if","locations":[{"start":{"line":48,"column":1},"end":{"line":48,"column":null}},{"start":{},"end":{}}],"line":48},"9":{"loc":{"start":{"line":49,"column":1},"end":{"line":51,"column":null}},"type":"if","locations":[{"start":{"line":49,"column":1},"end":{"line":51,"column":null}},{"start":{},"end":{}}],"line":49},"10":{"loc":{"start":{"line":50,"column":9},"end":{"line":50,"column":null}},"type":"cond-expr","locations":[{"start":{"line":50,"column":43},"end":{"line":50,"column":49}},{"start":{"line":50,"column":49},"end":{"line":50,"column":null}}],"line":50},"11":{"loc":{"start":{"line":52,"column":1},"end":{"line":54,"column":null}},"type":"if","locations":[{"start":{"line":52,"column":1},"end":{"line":54,"column":null}},{"start":{},"end":{}}],"line":52},"12":{"loc":{"start":{"line":55,"column":1},"end":{"line":61,"column":null}},"type":"if","locations":[{"start":{"line":55,"column":1},"end":{"line":61,"column":null}},{"start":{},"end":{}}],"line":55},"13":{"loc":{"start":{"line":68,"column":108},"end":{"line":68,"column":130}},"type":"binary-expr","locations":[{"start":{"line":68,"column":108},"end":{"line":68,"column":127}},{"start":{"line":68,"column":127},"end":{"line":68,"column":130}}],"line":68},"14":{"loc":{"start":{"line":74,"column":25},"end":{"line":74,"column":54}},"type":"binary-expr","locations":[{"start":{"line":74,"column":25},"end":{"line":74,"column":42}},{"start":{"line":74,"column":42},"end":{"line":74,"column":54}}],"line":74}},"s":{"0":5,"1":10,"2":5,"3":5,"4":8,"5":0,"6":8,"7":1,"8":2,"9":1,"10":7,"11":7,"12":9,"13":9,"14":9,"15":1,"16":5,"17":5,"18":5,"19":13,"20":2,"21":11,"22":3,"23":8,"24":1,"25":7,"26":2,"27":2,"28":2,"29":2,"30":5,"31":3,"32":4,"33":3,"34":2,"35":5,"36":3},"f":{"0":10,"1":8,"2":2,"3":13,"4":3,"5":4,"6":3,"7":2,"8":5,"9":3},"b":{"0":[5,5],"1":[10,8],"2":[0,8],"3":[1,7],"4":[7,0],"5":[3,6],"6":[1,8],"7":[9,2,2],"8":[2,11],"9":[3,8],"10":[2,1],"11":[1,7],"12":[2,5],"13":[3,0],"14":[5,4]},"meta":{"lastBranch":15,"lastFunction":10,"lastStatement":37,"seen":{"s:3:32:18:Infinity":0,"f:23:16:23:27":0,"b:24:1:24:Infinity:undefined:undefined:undefined:undefined":0,"s:24:1:24:Infinity":1,"b:24:5:24:23:24:23:24:51":1,"s:24:51:24:Infinity":2,"s:25:24:25:Infinity":3,"f:26:10:26:15":1,"b:27:2:27:Infinity:undefined:undefined:undefined:undefined":2,"s:27:2:27:Infinity":4,"s:27:19:27:Infinity":5,"b:28:2:31:Infinity:undefined:undefined:undefined:undefined":3,"s:28:2:31:Infinity":6,"s:29:3:29:Infinity":7,"f:29:27:29:28":2,"s:29:40:29:69":8,"s:30:3:30:Infinity":9,"b:32:2:38:Infinity:undefined:undefined:undefined:undefined":4,"s:32:2:38:Infinity":10,"s:33:3:37:Infinity":11,"s:34:17:34:Infinity":12,"b:34:26:34:45:34:45:34:Infinity":5,"s:35:4:35:Infinity":13,"b:36:4:36:Infinity:undefined:undefined:undefined:undefined":6,"s:36:4:36:Infinity":14,"b:36:8:36:33:36:33:36:47:36:47:36:66":7,"s:36:66:36:Infinity":15,"s:40:1:40:Infinity":16,"s:41:1:41:Infinity":17,"s:44:26:44:Infinity":18,"f:47:16:47:33":3,"b:48:1:48:Infinity:undefined:undefined:undefined:undefined":8,"s:48:1:48:Infinity":19,"s:48:18:48:Infinity":20,"b:49:1:51:Infinity:undefined:undefined:undefined:undefined":9,"s:49:1:51:Infinity":21,"s:50:2:50:Infinity":22,"b:50:43:50:49:50:49:50:Infinity":10,"b:52:1:54:Infinity:undefined:undefined:undefined:undefined":11,"s:52:1:54:Infinity":23,"s:53:2:53:Infinity":24,"b:55:1:61:Infinity:undefined:undefined:undefined:undefined":12,"s:55:1:61:Infinity":25,"s:56:39:56:Infinity":26,"s:57:2:59:Infinity":27,"s:58:3:58:Infinity":28,"s:60:2:60:Infinity":29,"s:62:1:62:Infinity":30,"f:65:16:65:32":4,"s:66:1:69:Infinity":31,"f:68:22:68:23":5,"s:68:29:68:42":32,"f:68:48:68:49":6,"s:68:56:68:132":33,"b:68:108:68:127:68:127:68:130":13,"f:72:16:72:34":7,"s:73:1:80:Infinity":34,"f:74:18:74:19":8,"s:74:25:74:54":35,"b:74:25:74:42:74:42:74:54":14,"f:74:60:74:61":9,"s:74:68:79:4":36}}}
,"/Users/andypearson/Code/postplanpro_v2/src/lib/scheduler/generateSlots.ts": {"path":"/Users/andypearson/Code/postplanpro_v2/src/lib/scheduler/generateSlots.ts","statementMap":{"0":{"start":{"line":4,"column":27},"end":{"line":4,"column":null}},"1":{"start":{"line":5,"column":24},"end":{"line":5,"column":null}},"2":{"start":{"line":20,"column":11},"end":{"line":20,"column":null}},"3":{"start":{"line":22,"column":15},"end":{"line":22,"column":null}},"4":{"start":{"line":23,"column":1},"end":{"line":27,"column":null}},"5":{"start":{"line":24,"column":12},"end":{"line":24,"column":null}},"6":{"start":{"line":25,"column":12},"end":{"line":25,"column":null}},"7":{"start":{"line":26,"column":2},"end":{"line":26,"column":null}},"8":{"start":{"line":29,"column":14},"end":{"line":29,"column":null}},"9":{"start":{"line":30,"column":1},"end":{"line":36,"column":null}},"10":{"start":{"line":31,"column":10},"end":{"line":31,"column":null}},"11":{"start":{"line":32,"column":12},"end":{"line":32,"column":null}},"12":{"start":{"line":33,"column":2},"end":{"line":33,"column":null}},"13":{"start":{"line":33,"column":34},"end":{"line":33,"column":null}},"14":{"start":{"line":34,"column":2},"end":{"line":34,"column":null}},"15":{"start":{"line":34,"column":36},"end":{"line":34,"column":null}},"16":{"start":{"line":35,"column":2},"end":{"line":35,"column":null}},"17":{"start":{"line":37,"column":1},"end":{"line":37,"column":null}},"18":{"start":{"line":41,"column":17},"end":{"line":41,"column":null}},"19":{"start":{"line":42,"column":11},"end":{"line":42,"column":null}},"20":{"start":{"line":43,"column":1},"end":{"line":43,"column":null}},"21":{"start":{"line":44,"column":1},"end":{"line":44,"column":null}},"22":{"start":{"line":49,"column":17},"end":{"line":49,"column":null}},"23":{"start":{"line":50,"column":11},"end":{"line":50,"column":null}},"24":{"start":{"line":51,"column":11},"end":{"line":51,"column":null}},"25":{"start":{"line":52,"column":1},"end":{"line":62,"column":null}},"26":{"start":{"line":66,"column":11},"end":{"line":66,"column":null}},"27":{"start":{"line":67,"column":1},"end":{"line":83,"column":null}},"28":{"start":{"line":69,"column":3},"end":{"line":69,"column":null}},"29":{"start":{"line":70,"column":3},"end":{"line":70,"column":null}},"30":{"start":{"line":72,"column":3},"end":{"line":72,"column":null}},"31":{"start":{"line":73,"column":3},"end":{"line":73,"column":null}},"32":{"start":{"line":75,"column":3},"end":{"line":75,"column":null}},"33":{"start":{"line":76,"column":3},"end":{"line":76,"column":null}},"34":{"start":{"line":79,"column":3},"end":{"line":79,"column":null}},"35":{"start":{"line":80,"column":3},"end":{"line":80,"column":null}},"36":{"start":{"line":82,"column":3},"end":{"line":82,"column":null}},"37":{"start":{"line":84,"column":1},"end":{"line":84,"column":null}},"38":{"start":{"line":92,"column":16},"end":{"line":92,"column":null}},"39":{"start":{"line":93,"column":15},"end":{"line":93,"column":null}},"40":{"start":{"line":94,"column":13},"end":{"line":94,"column":null}},"41":{"start":{"line":95,"column":25},"end":{"line":95,"column":null}},"42":{"start":{"line":96,"column":13},"end":{"line":96,"column":null}},"43":{"start":{"line":98,"column":1},"end":{"line":219,"column":null}},"44":{"start":{"line":100,"column":14},"end":{"line":100,"column":null}},"45":{"start":{"line":101,"column":3},"end":{"line":101,"column":null}},"46":{"start":{"line":101,"column":12},"end":{"line":101,"column":null}},"47":{"start":{"line":102,"column":13},"end":{"line":102,"column":null}},"48":{"start":{"line":103,"column":3},"end":{"line":103,"column":null}},"49":{"start":{"line":103,"column":41},"end":{"line":103,"column":null}},"50":{"start":{"line":104,"column":3},"end":{"line":104,"column":null}},"51":{"start":{"line":107,"column":15},"end":{"line":107,"column":null}},"52":{"start":{"line":108,"column":3},"end":{"line":108,"column":null}},"53":{"start":{"line":108,"column":14},"end":{"line":108,"column":null}},"54":{"start":{"line":110,"column":17},"end":{"line":110,"column":null}},"55":{"start":{"line":111,"column":3},"end":{"line":111,"column":null}},"56":{"start":{"line":111,"column":27},"end":{"line":111,"column":null}},"57":{"start":{"line":112,"column":3},"end":{"line":124,"column":null}},"58":{"start":{"line":113,"column":60},"end":{"line":113,"column":null}},"59":{"start":{"line":114,"column":4},"end":{"line":114,"column":null}},"60":{"start":{"line":114,"column":13},"end":{"line":114,"column":null}},"61":{"start":{"line":115,"column":21},"end":{"line":115,"column":null}},"62":{"start":{"line":116,"column":4},"end":{"line":121,"column":null}},"63":{"start":{"line":116,"column":17},"end":{"line":116,"column":20}},"64":{"start":{"line":117,"column":18},"end":{"line":117,"column":null}},"65":{"start":{"line":118,"column":15},"end":{"line":118,"column":null}},"66":{"start":{"line":119,"column":5},"end":{"line":119,"column":null}},"67":{"start":{"line":119,"column":25},"end":{"line":119,"column":null}},"68":{"start":{"line":120,"column":5},"end":{"line":120,"column":null}},"69":{"start":{"line":125,"column":3},"end":{"line":125,"column":null}},"70":{"start":{"line":128,"column":16},"end":{"line":128,"column":null}},"71":{"start":{"line":129,"column":11},"end":{"line":129,"column":null}},"72":{"start":{"line":130,"column":3},"end":{"line":132,"column":null}},"73":{"start":{"line":131,"column":4},"end":{"line":131,"column":null}},"74":{"start":{"line":133,"column":3},"end":{"line":138,"column":null}},"75":{"start":{"line":133,"column":16},"end":{"line":133,"column":19}},"76":{"start":{"line":134,"column":4},"end":{"line":134,"column":null}},"77":{"start":{"line":134,"column":24},"end":{"line":134,"column":null}},"78":{"start":{"line":135,"column":4},"end":{"line":135,"column":null}},"79":{"start":{"line":137,"column":4},"end":{"line":137,"column":null}},"80":{"start":{"line":139,"column":3},"end":{"line":139,"column":null}},"81":{"start":{"line":142,"column":21},"end":{"line":142,"column":null}},"82":{"start":{"line":143,"column":16},"end":{"line":143,"column":null}},"83":{"start":{"line":145,"column":11},"end":{"line":145,"column":null}},"84":{"start":{"line":146,"column":3},"end":{"line":149,"column":null}},"85":{"start":{"line":147,"column":4},"end":{"line":147,"column":null}},"86":{"start":{"line":148,"column":4},"end":{"line":148,"column":null}},"87":{"start":{"line":150,"column":23},"end":{"line":150,"column":null}},"88":{"start":{"line":151,"column":3},"end":{"line":157,"column":null}},"89":{"start":{"line":151,"column":16},"end":{"line":151,"column":19}},"90":{"start":{"line":152,"column":4},"end":{"line":152,"column":null}},"91":{"start":{"line":152,"column":24},"end":{"line":152,"column":null}},"92":{"start":{"line":153,"column":4},"end":{"line":153,"column":null}},"93":{"start":{"line":156,"column":4},"end":{"line":156,"column":null}},"94":{"start":{"line":158,"column":3},"end":{"line":158,"column":null}},"95":{"start":{"line":161,"column":18},"end":{"line":161,"column":null}},"96":{"start":{"line":162,"column":16},"end":{"line":162,"column":null}},"97":{"start":{"line":163,"column":11},"end":{"line":163,"column":null}},"98":{"start":{"line":164,"column":11},"end":{"line":164,"column":null}},"99":{"start":{"line":165,"column":11},"end":{"line":165,"column":null}},"100":{"start":{"line":166,"column":3},"end":{"line":166,"column":null}},"101":{"start":{"line":167,"column":3},"end":{"line":174,"column":null}},"102":{"start":{"line":168,"column":4},"end":{"line":168,"column":null}},"103":{"start":{"line":169,"column":4},"end":{"line":172,"column":null}},"104":{"start":{"line":170,"column":5},"end":{"line":170,"column":null}},"105":{"start":{"line":171,"column":5},"end":{"line":171,"column":null}},"106":{"start":{"line":173,"column":4},"end":{"line":173,"column":null}},"107":{"start":{"line":175,"column":3},"end":{"line":184,"column":null}},"108":{"start":{"line":175,"column":16},"end":{"line":175,"column":19}},"109":{"start":{"line":176,"column":4},"end":{"line":176,"column":null}},"110":{"start":{"line":176,"column":24},"end":{"line":176,"column":null}},"111":{"start":{"line":177,"column":4},"end":{"line":177,"column":null}},"112":{"start":{"line":178,"column":4},"end":{"line":178,"column":null}},"113":{"start":{"line":179,"column":4},"end":{"line":182,"column":null}},"114":{"start":{"line":180,"column":5},"end":{"line":180,"column":null}},"115":{"start":{"line":181,"column":5},"end":{"line":181,"column":null}},"116":{"start":{"line":183,"column":4},"end":{"line":183,"column":null}},"117":{"start":{"line":185,"column":3},"end":{"line":185,"column":null}},"118":{"start":{"line":188,"column":17},"end":{"line":188,"column":null}},"119":{"start":{"line":189,"column":18},"end":{"line":189,"column":null}},"120":{"start":{"line":190,"column":16},"end":{"line":190,"column":null}},"121":{"start":{"line":191,"column":11},"end":{"line":191,"column":null}},"122":{"start":{"line":192,"column":11},"end":{"line":192,"column":null}},"123":{"start":{"line":193,"column":3},"end":{"line":193,"column":null}},"124":{"start":{"line":194,"column":3},"end":{"line":197,"column":null}},"125":{"start":{"line":195,"column":4},"end":{"line":195,"column":null}},"126":{"start":{"line":196,"column":4},"end":{"line":196,"column":null}},"127":{"start":{"line":198,"column":3},"end":{"line":203,"column":null}},"128":{"start":{"line":198,"column":16},"end":{"line":198,"column":19}},"129":{"start":{"line":199,"column":4},"end":{"line":199,"column":null}},"130":{"start":{"line":199,"column":24},"end":{"line":199,"column":null}},"131":{"start":{"line":200,"column":4},"end":{"line":200,"column":null}},"132":{"start":{"line":201,"column":4},"end":{"line":201,"column":null}},"133":{"start":{"line":202,"column":4},"end":{"line":202,"column":null}},"134":{"start":{"line":204,"column":3},"end":{"line":204,"column":null}},"135":{"start":{"line":207,"column":18},"end":{"line":207,"column":null}},"136":{"start":{"line":208,"column":16},"end":{"line":208,"column":null}},"137":{"start":{"line":209,"column":11},"end":{"line":209,"column":null}},"138":{"start":{"line":210,"column":3},"end":{"line":214,"column":null}},"139":{"start":{"line":210,"column":16},"end":{"line":210,"column":19}},"140":{"start":{"line":211,"column":4},"end":{"line":211,"column":null}},"141":{"start":{"line":211,"column":24},"end":{"line":211,"column":null}},"142":{"start":{"line":212,"column":4},"end":{"line":212,"column":null}},"143":{"start":{"line":213,"column":4},"end":{"line":213,"column":null}},"144":{"start":{"line":215,"column":3},"end":{"line":215,"column":null}},"145":{"start":{"line":218,"column":3},"end":{"line":218,"column":null}},"146":{"start":{"line":220,"column":1},"end":{"line":220,"column":null}},"147":{"start":{"line":234,"column":7},"end":{"line":234,"column":null}},"148":{"start":{"line":235,"column":14},"end":{"line":235,"column":null}},"149":{"start":{"line":237,"column":15},"end":{"line":243,"column":null}},"150":{"start":{"line":251,"column":1},"end":{"line":268,"column":null}},"151":{"start":{"line":252,"column":29},"end":{"line":252,"column":null}},"152":{"start":{"line":253,"column":2},"end":{"line":256,"column":null}},"153":{"start":{"line":254,"column":21},"end":{"line":254,"column":null}},"154":{"start":{"line":255,"column":3},"end":{"line":255,"column":null}},"155":{"start":{"line":257,"column":2},"end":{"line":257,"column":null}},"156":{"start":{"line":259,"column":15},"end":{"line":259,"column":null}},"157":{"start":{"line":260,"column":24},"end":{"line":260,"column":null}},"158":{"start":{"line":261,"column":2},"end":{"line":266,"column":null}},"159":{"start":{"line":262,"column":3},"end":{"line":262,"column":null}},"160":{"start":{"line":262,"column":20},"end":{"line":262,"column":null}},"161":{"start":{"line":263,"column":3},"end":{"line":263,"column":null}},"162":{"start":{"line":264,"column":3},"end":{"line":264,"column":null}},"163":{"start":{"line":265,"column":3},"end":{"line":265,"column":null}},"164":{"start":{"line":265,"column":28},"end":{"line":265,"column":null}},"165":{"start":{"line":267,"column":2},"end":{"line":267,"column":null}},"166":{"start":{"line":271,"column":15},"end":{"line":277,"column":null}},"167":{"start":{"line":278,"column":1},"end":{"line":278,"column":null}},"168":{"start":{"line":278,"column":41},"end":{"line":278,"column":55}},"169":{"start":{"line":283,"column":7},"end":{"line":283,"column":null}},"170":{"start":{"line":284,"column":1},"end":{"line":287,"column":null}},"171":{"start":{"line":285,"column":12},"end":{"line":285,"column":null}},"172":{"start":{"line":286,"column":2},"end":{"line":286,"column":null}},"173":{"start":{"line":286,"column":34},"end":{"line":286,"column":null}},"174":{"start":{"line":288,"column":1},"end":{"line":288,"column":null}},"175":{"start":{"line":300,"column":7},"end":{"line":300,"column":null}},"176":{"start":{"line":301,"column":15},"end":{"line":315,"column":null}},"177":{"start":{"line":316,"column":18},"end":{"line":316,"column":null}},"178":{"start":{"line":316,"column":43},"end":{"line":316,"column":72}},"179":{"start":{"line":317,"column":14},"end":{"line":317,"column":null}},"180":{"start":{"line":318,"column":15},"end":{"line":318,"column":null}},"181":{"start":{"line":319,"column":1},"end":{"line":325,"column":null}},"182":{"start":{"line":320,"column":15},"end":{"line":320,"column":null}},"183":{"start":{"line":321,"column":2},"end":{"line":324,"column":null}},"184":{"start":{"line":322,"column":13},"end":{"line":322,"column":null}},"185":{"start":{"line":323,"column":3},"end":{"line":323,"column":null}},"186":{"start":{"line":323,"column":18},"end":{"line":323,"column":null}},"187":{"start":{"line":326,"column":1},"end":{"line":326,"column":null}}},"fnMap":{"0":{"name":"parseTimeToMinutes","decl":{"start":{"line":18,"column":9},"end":{"line":18,"column":28}},"loc":{"start":{"line":18,"column":50},"end":{"line":38,"column":null}},"line":18},"1":{"name":"timeToDate","decl":{"start":{"line":40,"column":9},"end":{"line":40,"column":20}},"loc":{"start":{"line":40,"column":55},"end":{"line":45,"column":null}},"line":40},"2":{"name":"timeToDateUTC","decl":{"start":{"line":48,"column":9},"end":{"line":48,"column":23}},"loc":{"start":{"line":48,"column":58},"end":{"line":63,"column":null}},"line":48},"3":{"name":"addInterval","decl":{"start":{"line":65,"column":9},"end":{"line":65,"column":21}},"loc":{"start":{"line":65,"column":69},"end":{"line":85,"column":null}},"line":65},"4":{"name":"generateFromRule","decl":{"start":{"line":87,"column":9},"end":{"line":87,"column":null}},"loc":{"start":{"line":91,"column":12},"end":{"line":221,"column":null}},"line":91},"5":{"name":"generateSlots","decl":{"start":{"line":228,"column":16},"end":{"line":228,"column":null}},"loc":{"start":{"line":233,"column":12},"end":{"line":279,"column":null}},"line":233},"6":{"name":"(anonymous_6)","decl":{"start":{"line":278,"column":34},"end":{"line":278,"column":35}},"loc":{"start":{"line":278,"column":41},"end":{"line":278,"column":55}},"line":278},"7":{"name":"normalizeSlot","decl":{"start":{"line":282,"column":9},"end":{"line":282,"column":23}},"loc":{"start":{"line":282,"column":42},"end":{"line":289,"column":null}},"line":282},"8":{"name":"getNextFreeSlot","decl":{"start":{"line":295,"column":16},"end":{"line":295,"column":null}},"loc":{"start":{"line":299,"column":17},"end":{"line":327,"column":null}},"line":299},"9":{"name":"(anonymous_9)","decl":{"start":{"line":316,"column":36},"end":{"line":316,"column":37}},"loc":{"start":{"line":316,"column":43},"end":{"line":316,"column":72}},"line":316}},"branchMap":{"0":{"loc":{"start":{"line":23,"column":1},"end":{"line":27,"column":null}},"type":"if","locations":[{"start":{"line":23,"column":1},"end":{"line":27,"column":null}},{"start":{},"end":{}}],"line":23},"1":{"loc":{"start":{"line":30,"column":1},"end":{"line":36,"column":null}},"type":"if","locations":[{"start":{"line":30,"column":1},"end":{"line":36,"column":null}},{"start":{},"end":{}}],"line":30},"2":{"loc":{"start":{"line":32,"column":12},"end":{"line":32,"column":null}},"type":"cond-expr","locations":[{"start":{"line":32,"column":22},"end":{"line":32,"column":46}},{"start":{"line":32,"column":46},"end":{"line":32,"column":null}}],"line":32},"3":{"loc":{"start":{"line":33,"column":2},"end":{"line":33,"column":null}},"type":"if","locations":[{"start":{"line":33,"column":2},"end":{"line":33,"column":null}},{"start":{},"end":{}}],"line":33},"4":{"loc":{"start":{"line":33,"column":6},"end":{"line":33,"column":34}},"type":"binary-expr","locations":[{"start":{"line":33,"column":6},"end":{"line":33,"column":26}},{"start":{"line":33,"column":26},"end":{"line":33,"column":34}}],"line":33},"5":{"loc":{"start":{"line":34,"column":2},"end":{"line":34,"column":null}},"type":"if","locations":[{"start":{"line":34,"column":2},"end":{"line":34,"column":null}},{"start":{},"end":{}}],"line":34},"6":{"loc":{"start":{"line":34,"column":6},"end":{"line":34,"column":36}},"type":"binary-expr","locations":[{"start":{"line":34,"column":6},"end":{"line":34,"column":26}},{"start":{"line":34,"column":26},"end":{"line":34,"column":36}}],"line":34},"7":{"loc":{"start":{"line":67,"column":1},"end":{"line":83,"column":null}},"type":"switch","locations":[{"start":{"line":68,"column":2},"end":{"line":70,"column":null}},{"start":{"line":71,"column":2},"end":{"line":73,"column":null}},{"start":{"line":74,"column":2},"end":{"line":76,"column":null}},{"start":{"line":77,"column":2},"end":{"line":80,"column":null}},{"start":{"line":81,"column":2},"end":{"line":82,"column":null}}],"line":67},"8":{"loc":{"start":{"line":92,"column":27},"end":{"line":92,"column":46}},"type":"binary-expr","locations":[{"start":{"line":92,"column":27},"end":{"line":92,"column":42}},{"start":{"line":92,"column":42},"end":{"line":92,"column":46}}],"line":92},"9":{"loc":{"start":{"line":93,"column":15},"end":{"line":93,"column":null}},"type":"cond-expr","locations":[{"start":{"line":93,"column":31},"end":{"line":93,"column":57}},{"start":{"line":93,"column":57},"end":{"line":93,"column":null}}],"line":93},"10":{"loc":{"start":{"line":94,"column":13},"end":{"line":94,"column":null}},"type":"cond-expr","locations":[{"start":{"line":94,"column":27},"end":{"line":94,"column":51}},{"start":{"line":94,"column":51},"end":{"line":94,"column":null}}],"line":94},"11":{"loc":{"start":{"line":98,"column":1},"end":{"line":219,"column":null}},"type":"switch","locations":[{"start":{"line":99,"column":2},"end":{"line":105,"column":null}},{"start":{"line":106,"column":2},"end":{"line":126,"column":null}},{"start":{"line":127,"column":2},"end":{"line":140,"column":null}},{"start":{"line":141,"column":2},"end":{"line":159,"column":null}},{"start":{"line":160,"column":2},"end":{"line":186,"column":null}},{"start":{"line":187,"column":2},"end":{"line":205,"column":null}},{"start":{"line":206,"column":2},"end":{"line":216,"column":null}},{"start":{"line":217,"column":2},"end":{"line":218,"column":null}}],"line":98},"12":{"loc":{"start":{"line":101,"column":3},"end":{"line":101,"column":null}},"type":"if","locations":[{"start":{"line":101,"column":3},"end":{"line":101,"column":null}},{"start":{},"end":{}}],"line":101},"13":{"loc":{"start":{"line":103,"column":3},"end":{"line":103,"column":null}},"type":"if","locations":[{"start":{"line":103,"column":3},"end":{"line":103,"column":null}},{"start":{},"end":{}}],"line":103},"14":{"loc":{"start":{"line":103,"column":7},"end":{"line":103,"column":41}},"type":"binary-expr","locations":[{"start":{"line":103,"column":7},"end":{"line":103,"column":22}},{"start":{"line":103,"column":22},"end":{"line":103,"column":30}},{"start":{"line":103,"column":30},"end":{"line":103,"column":41}}],"line":103},"15":{"loc":{"start":{"line":108,"column":3},"end":{"line":108,"column":null}},"type":"if","locations":[{"start":{"line":108,"column":3},"end":{"line":108,"column":null}},{"start":{},"end":{}}],"line":108},"16":{"loc":{"start":{"line":111,"column":3},"end":{"line":111,"column":null}},"type":"if","locations":[{"start":{"line":111,"column":3},"end":{"line":111,"column":null}},{"start":{},"end":{}}],"line":111},"17":{"loc":{"start":{"line":114,"column":4},"end":{"line":114,"column":null}},"type":"if","locations":[{"start":{"line":114,"column":4},"end":{"line":114,"column":null}},{"start":{},"end":{}}],"line":114},"18":{"loc":{"start":{"line":119,"column":5},"end":{"line":119,"column":null}},"type":"if","locations":[{"start":{"line":119,"column":5},"end":{"line":119,"column":null}},{"start":{},"end":{}}],"line":119},"19":{"loc":{"start":{"line":119,"column":9},"end":{"line":119,"column":25}},"type":"binary-expr","locations":[{"start":{"line":119,"column":9},"end":{"line":119,"column":16}},{"start":{"line":119,"column":16},"end":{"line":119,"column":25}}],"line":119},"20":{"loc":{"start":{"line":128,"column":16},"end":{"line":128,"column":null}},"type":"binary-expr","locations":[{"start":{"line":128,"column":16},"end":{"line":128,"column":31}},{"start":{"line":128,"column":31},"end":{"line":128,"column":null}}],"line":128},"21":{"loc":{"start":{"line":130,"column":3},"end":{"line":132,"column":null}},"type":"if","locations":[{"start":{"line":130,"column":3},"end":{"line":132,"column":null}},{"start":{},"end":{}}],"line":130},"22":{"loc":{"start":{"line":134,"column":4},"end":{"line":134,"column":null}},"type":"if","locations":[{"start":{"line":134,"column":4},"end":{"line":134,"column":null}},{"start":{},"end":{}}],"line":134},"23":{"loc":{"start":{"line":134,"column":8},"end":{"line":134,"column":24}},"type":"binary-expr","locations":[{"start":{"line":134,"column":8},"end":{"line":134,"column":15}},{"start":{"line":134,"column":15},"end":{"line":134,"column":24}}],"line":134},"24":{"loc":{"start":{"line":142,"column":21},"end":{"line":142,"column":null}},"type":"binary-expr","locations":[{"start":{"line":142,"column":21},"end":{"line":142,"column":41}},{"start":{"line":142,"column":41},"end":{"line":142,"column":null}}],"line":142},"25":{"loc":{"start":{"line":143,"column":16},"end":{"line":143,"column":null}},"type":"binary-expr","locations":[{"start":{"line":143,"column":16},"end":{"line":143,"column":31}},{"start":{"line":143,"column":31},"end":{"line":143,"column":null}}],"line":143},"26":{"loc":{"start":{"line":146,"column":10},"end":{"line":146,"column":52}},"type":"binary-expr","locations":[{"start":{"line":146,"column":10},"end":{"line":146,"column":41}},{"start":{"line":146,"column":41},"end":{"line":146,"column":52}}],"line":146},"27":{"loc":{"start":{"line":152,"column":4},"end":{"line":152,"column":null}},"type":"if","locations":[{"start":{"line":152,"column":4},"end":{"line":152,"column":null}},{"start":{},"end":{}}],"line":152},"28":{"loc":{"start":{"line":152,"column":8},"end":{"line":152,"column":24}},"type":"binary-expr","locations":[{"start":{"line":152,"column":8},"end":{"line":152,"column":15}},{"start":{"line":152,"column":15},"end":{"line":152,"column":24}}],"line":152},"29":{"loc":{"start":{"line":161,"column":43},"end":{"line":161,"column":65}},"type":"binary-expr","locations":[{"start":{"line":161,"column":43},"end":{"line":161,"column":64}},{"start":{"line":161,"column":64},"end":{"line":161,"column":65}}],"line":161},"30":{"loc":{"start":{"line":162,"column":16},"end":{"line":162,"column":null}},"type":"binary-expr","locations":[{"start":{"line":162,"column":16},"end":{"line":162,"column":31}},{"start":{"line":162,"column":31},"end":{"line":162,"column":null}}],"line":162},"31":{"loc":{"start":{"line":167,"column":3},"end":{"line":174,"column":null}},"type":"if","locations":[{"start":{"line":167,"column":3},"end":{"line":174,"column":null}},{"start":{},"end":{}}],"line":167},"32":{"loc":{"start":{"line":169,"column":4},"end":{"line":172,"column":null}},"type":"if","locations":[{"start":{"line":169,"column":4},"end":{"line":172,"column":null}},{"start":{},"end":{}}],"line":169},"33":{"loc":{"start":{"line":176,"column":4},"end":{"line":176,"column":null}},"type":"if","locations":[{"start":{"line":176,"column":4},"end":{"line":176,"column":null}},{"start":{},"end":{}}],"line":176},"34":{"loc":{"start":{"line":176,"column":8},"end":{"line":176,"column":24}},"type":"binary-expr","locations":[{"start":{"line":176,"column":8},"end":{"line":176,"column":15}},{"start":{"line":176,"column":15},"end":{"line":176,"column":24}}],"line":176},"35":{"loc":{"start":{"line":179,"column":4},"end":{"line":182,"column":null}},"type":"if","locations":[{"start":{"line":179,"column":4},"end":{"line":182,"column":null}},{"start":{},"end":{}}],"line":179},"36":{"loc":{"start":{"line":188,"column":42},"end":{"line":188,"column":59}},"type":"binary-expr","locations":[{"start":{"line":188,"column":42},"end":{"line":188,"column":58}},{"start":{"line":188,"column":58},"end":{"line":188,"column":59}}],"line":188},"37":{"loc":{"start":{"line":189,"column":43},"end":{"line":189,"column":65}},"type":"binary-expr","locations":[{"start":{"line":189,"column":43},"end":{"line":189,"column":64}},{"start":{"line":189,"column":64},"end":{"line":189,"column":65}}],"line":189},"38":{"loc":{"start":{"line":190,"column":16},"end":{"line":190,"column":null}},"type":"binary-expr","locations":[{"start":{"line":190,"column":16},"end":{"line":190,"column":31}},{"start":{"line":190,"column":31},"end":{"line":190,"column":null}}],"line":190},"39":{"loc":{"start":{"line":194,"column":3},"end":{"line":197,"column":null}},"type":"if","locations":[{"start":{"line":194,"column":3},"end":{"line":197,"column":null}},{"start":{},"end":{}}],"line":194},"40":{"loc":{"start":{"line":199,"column":4},"end":{"line":199,"column":null}},"type":"if","locations":[{"start":{"line":199,"column":4},"end":{"line":199,"column":null}},{"start":{},"end":{}}],"line":199},"41":{"loc":{"start":{"line":199,"column":8},"end":{"line":199,"column":24}},"type":"binary-expr","locations":[{"start":{"line":199,"column":8},"end":{"line":199,"column":15}},{"start":{"line":199,"column":15},"end":{"line":199,"column":24}}],"line":199},"42":{"loc":{"start":{"line":207,"column":18},"end":{"line":207,"column":null}},"type":"binary-expr","locations":[{"start":{"line":207,"column":18},"end":{"line":207,"column":35}},{"start":{"line":207,"column":35},"end":{"line":207,"column":null}}],"line":207},"43":{"loc":{"start":{"line":208,"column":16},"end":{"line":208,"column":null}},"type":"binary-expr","locations":[{"start":{"line":208,"column":16},"end":{"line":208,"column":31}},{"start":{"line":208,"column":31},"end":{"line":208,"column":null}}],"line":208},"44":{"loc":{"start":{"line":211,"column":4},"end":{"line":211,"column":null}},"type":"if","locations":[{"start":{"line":211,"column":4},"end":{"line":211,"column":null}},{"start":{},"end":{}}],"line":211},"45":{"loc":{"start":{"line":211,"column":8},"end":{"line":211,"column":24}},"type":"binary-expr","locations":[{"start":{"line":211,"column":8},"end":{"line":211,"column":15}},{"start":{"line":211,"column":15},"end":{"line":211,"column":24}}],"line":211},"46":{"loc":{"start":{"line":235,"column":14},"end":{"line":235,"column":null}},"type":"binary-expr","locations":[{"start":{"line":235,"column":14},"end":{"line":235,"column":26}},{"start":{"line":235,"column":26},"end":{"line":235,"column":null}}],"line":235},"47":{"loc":{"start":{"line":240,"column":5},"end":{"line":240,"column":null}},"type":"cond-expr","locations":[{"start":{"line":240,"column":17},"end":{"line":240,"column":43}},{"start":{"line":240,"column":43},"end":{"line":240,"column":null}}],"line":240},"48":{"loc":{"start":{"line":243,"column":11},"end":{"line":243,"column":62}},"type":"cond-expr","locations":[{"start":{"line":243,"column":23},"end":{"line":243,"column":49}},{"start":{"line":243,"column":49},"end":{"line":243,"column":62}}],"line":243},"49":{"loc":{"start":{"line":251,"column":1},"end":{"line":268,"column":null}},"type":"if","locations":[{"start":{"line":251,"column":1},"end":{"line":268,"column":null}},{"start":{},"end":{}}],"line":251},"50":{"loc":{"start":{"line":262,"column":3},"end":{"line":262,"column":null}},"type":"if","locations":[{"start":{"line":262,"column":3},"end":{"line":262,"column":null}},{"start":{},"end":{}}],"line":262},"51":{"loc":{"start":{"line":265,"column":3},"end":{"line":265,"column":null}},"type":"if","locations":[{"start":{"line":265,"column":3},"end":{"line":265,"column":null}},{"start":{},"end":{}}],"line":265},"52":{"loc":{"start":{"line":274,"column":5},"end":{"line":274,"column":null}},"type":"cond-expr","locations":[{"start":{"line":274,"column":17},"end":{"line":274,"column":43}},{"start":{"line":274,"column":43},"end":{"line":274,"column":null}}],"line":274},"53":{"loc":{"start":{"line":277,"column":11},"end":{"line":277,"column":62}},"type":"cond-expr","locations":[{"start":{"line":277,"column":23},"end":{"line":277,"column":49}},{"start":{"line":277,"column":49},"end":{"line":277,"column":62}}],"line":277},"54":{"loc":{"start":{"line":283,"column":18},"end":{"line":283,"column":27}},"type":"binary-expr","locations":[{"start":{"line":283,"column":18},"end":{"line":283,"column":23}},{"start":{"line":283,"column":23},"end":{"line":283,"column":27}}],"line":283},"55":{"loc":{"start":{"line":284,"column":1},"end":{"line":287,"column":null}},"type":"if","locations":[{"start":{"line":284,"column":1},"end":{"line":287,"column":null}},{"start":{},"end":{}}],"line":284},"56":{"loc":{"start":{"line":286,"column":2},"end":{"line":286,"column":null}},"type":"if","locations":[{"start":{"line":286,"column":2},"end":{"line":286,"column":null}},{"start":{},"end":{}}],"line":286},"57":{"loc":{"start":{"line":304,"column":5},"end":{"line":304,"column":null}},"type":"cond-expr","locations":[{"start":{"line":304,"column":17},"end":{"line":304,"column":41}},{"start":{"line":304,"column":41},"end":{"line":304,"column":null}}],"line":304},"58":{"loc":{"start":{"line":305,"column":5},"end":{"line":305,"column":null}},"type":"cond-expr","locations":[{"start":{"line":305,"column":21},"end":{"line":305,"column":38}},{"start":{"line":305,"column":38},"end":{"line":305,"column":null}}],"line":305},"59":{"loc":{"start":{"line":308,"column":7},"end":{"line":314,"column":null}},"type":"cond-expr","locations":[{"start":{"line":309,"column":6},"end":{"line":311,"column":null}},{"start":{"line":312,"column":6},"end":{"line":314,"column":null}}],"line":308},"60":{"loc":{"start":{"line":309,"column":6},"end":{"line":311,"column":null}},"type":"cond-expr","locations":[{"start":{"line":310,"column":7},"end":{"line":310,"column":null}},{"start":{"line":311,"column":7},"end":{"line":311,"column":null}}],"line":309},"61":{"loc":{"start":{"line":312,"column":6},"end":{"line":314,"column":null}},"type":"cond-expr","locations":[{"start":{"line":313,"column":7},"end":{"line":313,"column":null}},{"start":{"line":314,"column":7},"end":{"line":314,"column":null}}],"line":312},"62":{"loc":{"start":{"line":321,"column":2},"end":{"line":324,"column":null}},"type":"if","locations":[{"start":{"line":321,"column":2},"end":{"line":324,"column":null}},{"start":{},"end":{}}],"line":321},"63":{"loc":{"start":{"line":323,"column":3},"end":{"line":323,"column":null}},"type":"if","locations":[{"start":{"line":323,"column":3},"end":{"line":323,"column":null}},{"start":{},"end":{}}],"line":323}},"s":{"0":1,"1":1,"2":0,"3":0,"4":0,"5":0,"6":0,"7":0,"8":0,"9":0,"10":0,"11":0,"12":0,"13":0,"14":0,"15":0,"16":0,"17":0,"18":0,"19":0,"20":0,"21":0,"22":0,"23":0,"24":0,"25":0,"26":0,"27":0,"28":0,"29":0,"30":0,"31":0,"32":0,"33":0,"34":0,"35":0,"36":0,"37":0,"38":0,"39":0,"40":0,"41":0,"42":0,"43":0,"44":0,"45":0,"46":0,"47":0,"48":0,"49":0,"50":0,"51":0,"52":0,"53":0,"54":0,"55":0,"56":0,"57":0,"58":0,"59":0,"60":0,"61":0,"62":0,"63":0,"64":0,"65":0,"66":0,"67":0,"68":0,"69":0,"70":0,"71":0,"72":0,"73":0,"74":0,"75":0,"76":0,"77":0,"78":0,"79":0,"80":0,"81":0,"82":0,"83":0,"84":0,"85":0,"86":0,"87":0,"88":0,"89":0,"90":0,"91":0,"92":0,"93":0,"94":0,"95":0,"96":0,"97":0,"98":0,"99":0,"100":0,"101":0,"102":0,"103":0,"104":0,"105":0,"106":0,"107":0,"108":0,"109":0,"110":0,"111":0,"112":0,"113":0,"114":0,"115":0,"116":0,"117":0,"118":0,"119":0,"120":0,"121":0,"122":0,"123":0,"124":0,"125":0,"126":0,"127":0,"128":0,"129":0,"130":0,"131":0,"132":0,"133":0,"134":0,"135":0,"136":0,"137":0,"138":0,"139":0,"140":0,"141":0,"142":0,"143":0,"144":0,"145":0,"146":0,"147":0,"148":0,"149":0,"150":0,"151":0,"152":0,"153":0,"154":0,"155":0,"156":0,"157":0,"158":0,"159":0,"160":0,"161":0,"162":0,"163":0,"164":0,"165":0,"166":0,"167":0,"168":0,"169":0,"170":0,"171":0,"172":0,"173":0,"174":0,"175":0,"176":0,"177":0,"178":0,"179":0,"180":0,"181":0,"182":0,"183":0,"184":0,"185":0,"186":0,"187":0},"f":{"0":0,"1":0,"2":0,"3":0,"4":0,"5":0,"6":0,"7":0,"8":0,"9":0},"b":{"0":[0,0],"1":[0,0],"2":[0,0],"3":[0,0],"4":[0,0],"5":[0,0],"6":[0,0],"7":[0,0,0,0,0],"8":[0,0],"9":[0,0],"10":[0,0],"11":[0,0,0,0,0,0,0,0],"12":[0,0],"13":[0,0],"14":[0,0,0],"15":[0,0],"16":[0,0],"17":[0,0],"18":[0,0],"19":[0,0],"20":[0,0],"21":[0,0],"22":[0,0],"23":[0,0],"24":[0,0],"25":[0,0],"26":[0,0],"27":[0,0],"28":[0,0],"29":[0,0],"30":[0,0],"31":[0,0],"32":[0,0],"33":[0,0],"34":[0,0],"35":[0,0],"36":[0,0],"37":[0,0],"38":[0,0],"39":[0,0],"40":[0,0],"41":[0,0],"42":[0,0],"43":[0,0],"44":[0,0],"45":[0,0],"46":[0,0],"47":[0,0],"48":[0,0],"49":[0,0],"50":[0,0],"51":[0,0],"52":[0,0],"53":[0,0],"54":[0,0],"55":[0,0],"56":[0,0],"57":[0,0],"58":[0,0],"59":[0,0],"60":[0,0],"61":[0,0],"62":[0,0],"63":[0,0]},"meta":{"lastBranch":64,"lastFunction":10,"lastStatement":188,"seen":{"s:4:27:4:Infinity":0,"s:5:24:5:Infinity":1,"f:18:9:18:28":0,"s:20:11:20:Infinity":2,"s:22:15:22:Infinity":3,"b:23:1:27:Infinity:undefined:undefined:undefined:undefined":0,"s:23:1:27:Infinity":4,"s:24:12:24:Infinity":5,"s:25:12:25:Infinity":6,"s:26:2:26:Infinity":7,"s:29:14:29:Infinity":8,"b:30:1:36:Infinity:undefined:undefined:undefined:undefined":1,"s:30:1:36:Infinity":9,"s:31:10:31:Infinity":10,"s:32:12:32:Infinity":11,"b:32:22:32:46:32:46:32:Infinity":2,"b:33:2:33:Infinity:undefined:undefined:undefined:undefined":3,"s:33:2:33:Infinity":12,"b:33:6:33:26:33:26:33:34":4,"s:33:34:33:Infinity":13,"b:34:2:34:Infinity:undefined:undefined:undefined:undefined":5,"s:34:2:34:Infinity":14,"b:34:6:34:26:34:26:34:36":6,"s:34:36:34:Infinity":15,"s:35:2:35:Infinity":16,"s:37:1:37:Infinity":17,"f:40:9:40:20":1,"s:41:17:41:Infinity":18,"s:42:11:42:Infinity":19,"s:43:1:43:Infinity":20,"s:44:1:44:Infinity":21,"f:48:9:48:23":2,"s:49:17:49:Infinity":22,"s:50:11:50:Infinity":23,"s:51:11:51:Infinity":24,"s:52:1:62:Infinity":25,"f:65:9:65:21":3,"s:66:11:66:Infinity":26,"b:68:2:70:Infinity:71:2:73:Infinity:74:2:76:Infinity:77:2:80:Infinity:81:2:82:Infinity":7,"s:67:1:83:Infinity":27,"s:69:3:69:Infinity":28,"s:70:3:70:Infinity":29,"s:72:3:72:Infinity":30,"s:73:3:73:Infinity":31,"s:75:3:75:Infinity":32,"s:76:3:76:Infinity":33,"s:79:3:79:Infinity":34,"s:80:3:80:Infinity":35,"s:82:3:82:Infinity":36,"s:84:1:84:Infinity":37,"f:87:9:87:Infinity":4,"s:92:16:92:Infinity":38,"b:92:27:92:42:92:42:92:46":8,"s:93:15:93:Infinity":39,"b:93:31:93:57:93:57:93:Infinity":9,"s:94:13:94:Infinity":40,"b:94:27:94:51:94:51:94:Infinity":10,"s:95:25:95:Infinity":41,"s:96:13:96:Infinity":42,"b:99:2:105:Infinity:106:2:126:Infinity:127:2:140:Infinity:141:2:159:Infinity:160:2:186:Infinity:187:2:205:Infinity:206:2:216:Infinity:217:2:218:Infinity":11,"s:98:1:219:Infinity":43,"s:100:14:100:Infinity":44,"b:101:3:101:Infinity:undefined:undefined:undefined:undefined":12,"s:101:3:101:Infinity":45,"s:101:12:101:Infinity":46,"s:102:13:102:Infinity":47,"b:103:3:103:Infinity:undefined:undefined:undefined:undefined":13,"s:103:3:103:Infinity":48,"b:103:7:103:22:103:22:103:30:103:30:103:41":14,"s:103:41:103:Infinity":49,"s:104:3:104:Infinity":50,"s:107:15:107:Infinity":51,"b:108:3:108:Infinity:undefined:undefined:undefined:undefined":15,"s:108:3:108:Infinity":52,"s:108:14:108:Infinity":53,"s:110:17:110:Infinity":54,"b:111:3:111:Infinity:undefined:undefined:undefined:undefined":16,"s:111:3:111:Infinity":55,"s:111:27:111:Infinity":56,"s:112:3:124:Infinity":57,"s:113:60:113:Infinity":58,"b:114:4:114:Infinity:undefined:undefined:undefined:undefined":17,"s:114:4:114:Infinity":59,"s:114:13:114:Infinity":60,"s:115:21:115:Infinity":61,"s:116:4:121:Infinity":62,"s:116:17:116:20":63,"s:117:18:117:Infinity":64,"s:118:15:118:Infinity":65,"b:119:5:119:Infinity:undefined:undefined:undefined:undefined":18,"s:119:5:119:Infinity":66,"b:119:9:119:16:119:16:119:25":19,"s:119:25:119:Infinity":67,"s:120:5:120:Infinity":68,"s:125:3:125:Infinity":69,"s:128:16:128:Infinity":70,"b:128:16:128:31:128:31:128:Infinity":20,"s:129:11:129:Infinity":71,"b:130:3:132:Infinity:undefined:undefined:undefined:undefined":21,"s:130:3:132:Infinity":72,"s:131:4:131:Infinity":73,"s:133:3:138:Infinity":74,"s:133:16:133:19":75,"b:134:4:134:Infinity:undefined:undefined:undefined:undefined":22,"s:134:4:134:Infinity":76,"b:134:8:134:15:134:15:134:24":23,"s:134:24:134:Infinity":77,"s:135:4:135:Infinity":78,"s:137:4:137:Infinity":79,"s:139:3:139:Infinity":80,"s:142:21:142:Infinity":81,"b:142:21:142:41:142:41:142:Infinity":24,"s:143:16:143:Infinity":82,"b:143:16:143:31:143:31:143:Infinity":25,"s:145:11:145:Infinity":83,"s:146:3:149:Infinity":84,"b:146:10:146:41:146:41:146:52":26,"s:147:4:147:Infinity":85,"s:148:4:148:Infinity":86,"s:150:23:150:Infinity":87,"s:151:3:157:Infinity":88,"s:151:16:151:19":89,"b:152:4:152:Infinity:undefined:undefined:undefined:undefined":27,"s:152:4:152:Infinity":90,"b:152:8:152:15:152:15:152:24":28,"s:152:24:152:Infinity":91,"s:153:4:153:Infinity":92,"s:156:4:156:Infinity":93,"s:158:3:158:Infinity":94,"s:161:18:161:Infinity":95,"b:161:43:161:64:161:64:161:65":29,"s:162:16:162:Infinity":96,"b:162:16:162:31:162:31:162:Infinity":30,"s:163:11:163:Infinity":97,"s:164:11:164:Infinity":98,"s:165:11:165:Infinity":99,"s:166:3:166:Infinity":100,"b:167:3:174:Infinity:undefined:undefined:undefined:undefined":31,"s:167:3:174:Infinity":101,"s:168:4:168:Infinity":102,"b:169:4:172:Infinity:undefined:undefined:undefined:undefined":32,"s:169:4:172:Infinity":103,"s:170:5:170:Infinity":104,"s:171:5:171:Infinity":105,"s:173:4:173:Infinity":106,"s:175:3:184:Infinity":107,"s:175:16:175:19":108,"b:176:4:176:Infinity:undefined:undefined:undefined:undefined":33,"s:176:4:176:Infinity":109,"b:176:8:176:15:176:15:176:24":34,"s:176:24:176:Infinity":110,"s:177:4:177:Infinity":111,"s:178:4:178:Infinity":112,"b:179:4:182:Infinity:undefined:undefined:undefined:undefined":35,"s:179:4:182:Infinity":113,"s:180:5:180:Infinity":114,"s:181:5:181:Infinity":115,"s:183:4:183:Infinity":116,"s:185:3:185:Infinity":117,"s:188:17:188:Infinity":118,"b:188:42:188:58:188:58:188:59":36,"s:189:18:189:Infinity":119,"b:189:43:189:64:189:64:189:65":37,"s:190:16:190:Infinity":120,"b:190:16:190:31:190:31:190:Infinity":38,"s:191:11:191:Infinity":121,"s:192:11:192:Infinity":122,"s:193:3:193:Infinity":123,"b:194:3:197:Infinity:undefined:undefined:undefined:undefined":39,"s:194:3:197:Infinity":124,"s:195:4:195:Infinity":125,"s:196:4:196:Infinity":126,"s:198:3:203:Infinity":127,"s:198:16:198:19":128,"b:199:4:199:Infinity:undefined:undefined:undefined:undefined":40,"s:199:4:199:Infinity":129,"b:199:8:199:15:199:15:199:24":41,"s:199:24:199:Infinity":130,"s:200:4:200:Infinity":131,"s:201:4:201:Infinity":132,"s:202:4:202:Infinity":133,"s:204:3:204:Infinity":134,"s:207:18:207:Infinity":135,"b:207:18:207:35:207:35:207:Infinity":42,"s:208:16:208:Infinity":136,"b:208:16:208:31:208:31:208:Infinity":43,"s:209:11:209:Infinity":137,"s:210:3:214:Infinity":138,"s:210:16:210:19":139,"b:211:4:211:Infinity:undefined:undefined:undefined:undefined":44,"s:211:4:211:Infinity":140,"b:211:8:211:15:211:15:211:24":45,"s:211:24:211:Infinity":141,"s:212:4:212:Infinity":142,"s:213:4:213:Infinity":143,"s:215:3:215:Infinity":144,"s:218:3:218:Infinity":145,"s:220:1:220:Infinity":146,"f:228:16:228:Infinity":5,"s:234:7:234:Infinity":147,"s:235:14:235:Infinity":148,"b:235:14:235:26:235:26:235:Infinity":46,"s:237:15:243:Infinity":149,"b:240:17:240:43:240:43:240:Infinity":47,"b:243:23:243:49:243:49:243:62":48,"b:251:1:268:Infinity:undefined:undefined:undefined:undefined":49,"s:251:1:268:Infinity":150,"s:252:29:252:Infinity":151,"s:253:2:256:Infinity":152,"s:254:21:254:Infinity":153,"s:255:3:255:Infinity":154,"s:257:2:257:Infinity":155,"s:259:15:259:Infinity":156,"s:260:24:260:Infinity":157,"s:261:2:266:Infinity":158,"b:262:3:262:Infinity:undefined:undefined:undefined:undefined":50,"s:262:3:262:Infinity":159,"s:262:20:262:Infinity":160,"s:263:3:263:Infinity":161,"s:264:3:264:Infinity":162,"b:265:3:265:Infinity:undefined:undefined:undefined:undefined":51,"s:265:3:265:Infinity":163,"s:265:28:265:Infinity":164,"s:267:2:267:Infinity":165,"s:271:15:277:Infinity":166,"b:274:17:274:43:274:43:274:Infinity":52,"b:277:23:277:49:277:49:277:62":53,"s:278:1:278:Infinity":167,"f:278:34:278:35":6,"s:278:41:278:55":168,"f:282:9:282:23":7,"s:283:7:283:Infinity":169,"b:283:18:283:23:283:23:283:27":54,"b:284:1:287:Infinity:undefined:undefined:undefined:undefined":55,"s:284:1:287:Infinity":170,"s:285:12:285:Infinity":171,"b:286:2:286:Infinity:undefined:undefine
[...]
},"end":{"line":180,"column":92}}],"line":180},"37":{"loc":{"start":{"line":186,"column":2},"end":{"line":186,"column":null}},"type":"if","locations":[{"start":{"line":186,"column":2},"end":{"line":186,"column":null}},{"start":{},"end":{}}],"line":186},"38":{"loc":{"start":{"line":188,"column":2},"end":{"line":188,"column":null}},"type":"if","locations":[{"start":{"line":188,"column":2},"end":{"line":188,"column":null}},{"start":{},"end":{}}],"line":188},"39":{"loc":{"start":{"line":195,"column":2},"end":{"line":195,"column":null}},"type":"if","locations":[{"start":{"line":195,"column":2},"end":{"line":195,"column":null}},{"start":{},"end":{}}],"line":195},"40":{"loc":{"start":{"line":198,"column":17},"end":{"line":198,"column":null}},"type":"binary-expr","locations":[{"start":{"line":198,"column":17},"end":{"line":198,"column":57}},{"start":{"line":198,"column":57},"end":{"line":198,"column":null}}],"line":198},"41":{"loc":{"start":{"line":199,"column":16},"end":{"line":199,"column":null}},"type":"binary-expr","locations":[{"start":{"line":199,"column":16},"end":{"line":199,"column":47}},{"start":{"line":199,"column":47},"end":{"line":199,"column":null}}],"line":199},"42":{"loc":{"start":{"line":200,"column":2},"end":{"line":200,"column":null}},"type":"if","locations":[{"start":{"line":200,"column":2},"end":{"line":200,"column":null}},{"start":{},"end":{}}],"line":200},"43":{"loc":{"start":{"line":211,"column":2},"end":{"line":211,"column":null}},"type":"if","locations":[{"start":{"line":211,"column":2},"end":{"line":211,"column":null}},{"start":{},"end":{}}],"line":211},"44":{"loc":{"start":{"line":215,"column":17},"end":{"line":215,"column":null}},"type":"binary-expr","locations":[{"start":{"line":215,"column":17},"end":{"line":215,"column":57}},{"start":{"line":215,"column":57},"end":{"line":215,"column":null}}],"line":215},"45":{"loc":{"start":{"line":216,"column":16},"end":{"line":216,"column":null}},"type":"binary-expr","locations":[{"start":{"line":216,"column":16},"end":{"line":216,"column":47}},{"start":{"line":216,"column":47},"end":{"line":216,"column":null}}],"line":216},"46":{"loc":{"start":{"line":217,"column":2},"end":{"line":217,"column":null}},"type":"if","locations":[{"start":{"line":217,"column":2},"end":{"line":217,"column":null}},{"start":{},"end":{}}],"line":217},"47":{"loc":{"start":{"line":217,"column":6},"end":{"line":217,"column":19}},"type":"binary-expr","locations":[{"start":{"line":217,"column":6},"end":{"line":217,"column":13}},{"start":{"line":217,"column":13},"end":{"line":217,"column":19}}],"line":217},"48":{"loc":{"start":{"line":223,"column":2},"end":{"line":223,"column":null}},"type":"if","locations":[{"start":{"line":223,"column":2},"end":{"line":223,"column":null}},{"start":{},"end":{}}],"line":223},"49":{"loc":{"start":{"line":225,"column":2},"end":{"line":225,"column":null}},"type":"if","locations":[{"start":{"line":225,"column":2},"end":{"line":225,"column":null}},{"start":{},"end":{}}],"line":225},"50":{"loc":{"start":{"line":232,"column":2},"end":{"line":232,"column":null}},"type":"if","locations":[{"start":{"line":232,"column":2},"end":{"line":232,"column":null}},{"start":{},"end":{}}],"line":232},"51":{"loc":{"start":{"line":234,"column":22},"end":{"line":234,"column":44}},"type":"binary-expr","locations":[{"start":{"line":234,"column":22},"end":{"line":234,"column":42}},{"start":{"line":234,"column":42},"end":{"line":234,"column":44}}],"line":234},"52":{"loc":{"start":{"line":235,"column":28},"end":{"line":235,"column":59}},"type":"binary-expr","locations":[{"start":{"line":235,"column":28},"end":{"line":235,"column":55}},{"start":{"line":235,"column":55},"end":{"line":235,"column":59}}],"line":235},"53":{"loc":{"start":{"line":236,"column":2},"end":{"line":236,"column":null}},"type":"if","locations":[{"start":{"line":236,"column":2},"end":{"line":236,"column":null}},{"start":{},"end":{}}],"line":236},"54":{"loc":{"start":{"line":238,"column":2},"end":{"line":238,"column":null}},"type":"if","locations":[{"start":{"line":238,"column":2},"end":{"line":238,"column":null}},{"start":{},"end":{}}],"line":238},"55":{"loc":{"start":{"line":255,"column":2},"end":{"line":255,"column":null}},"type":"if","locations":[{"start":{"line":255,"column":2},"end":{"line":255,"column":null}},{"start":{},"end":{}}],"line":255},"56":{"loc":{"start":{"line":257,"column":20},"end":{"line":257,"column":40}},"type":"binary-expr","locations":[{"start":{"line":257,"column":20},"end":{"line":257,"column":38}},{"start":{"line":257,"column":38},"end":{"line":257,"column":40}}],"line":257},"57":{"loc":{"start":{"line":258,"column":22},"end":{"line":258,"column":44}},"type":"binary-expr","locations":[{"start":{"line":258,"column":22},"end":{"line":258,"column":42}},{"start":{"line":258,"column":42},"end":{"line":258,"column":44}}],"line":258},"58":{"loc":{"start":{"line":259,"column":28},"end":{"line":259,"column":59}},"type":"binary-expr","locations":[{"start":{"line":259,"column":28},"end":{"line":259,"column":55}},{"start":{"line":259,"column":55},"end":{"line":259,"column":59}}],"line":259},"59":{"loc":{"start":{"line":260,"column":2},"end":{"line":260,"column":null}},"type":"if","locations":[{"start":{"line":260,"column":2},"end":{"line":260,"column":null}},{"start":{},"end":{}}],"line":260},"60":{"loc":{"start":{"line":260,"column":6},"end":{"line":260,"column":20}},"type":"binary-expr","locations":[{"start":{"line":260,"column":6},"end":{"line":260,"column":13}},{"start":{"line":260,"column":13},"end":{"line":260,"column":20}}],"line":260},"61":{"loc":{"start":{"line":262,"column":2},"end":{"line":262,"column":null}},"type":"if","locations":[{"start":{"line":262,"column":2},"end":{"line":262,"column":null}},{"start":{},"end":{}}],"line":262},"62":{"loc":{"start":{"line":268,"column":2},"end":{"line":268,"column":null}},"type":"if","locations":[{"start":{"line":268,"column":2},"end":{"line":268,"column":null}},{"start":{},"end":{}}],"line":268},"63":{"loc":{"start":{"line":269,"column":2},"end":{"line":271,"column":null}},"type":"if","locations":[{"start":{"line":269,"column":2},"end":{"line":271,"column":null}},{"start":{},"end":{}}],"line":269},"64":{"loc":{"start":{"line":289,"column":2},"end":{"line":289,"column":null}},"type":"if","locations":[{"start":{"line":289,"column":2},"end":{"line":289,"column":null}},{"start":{},"end":{}}],"line":289},"65":{"loc":{"start":{"line":290,"column":13},"end":{"line":290,"column":62}},"type":"binary-expr","locations":[{"start":{"line":290,"column":13},"end":{"line":290,"column":60}},{"start":{"line":290,"column":60},"end":{"line":290,"column":62}}],"line":290},"66":{"loc":{"start":{"line":291,"column":2},"end":{"line":291,"column":null}},"type":"if","locations":[{"start":{"line":291,"column":2},"end":{"line":291,"column":null}},{"start":{},"end":{}}],"line":291},"67":{"loc":{"start":{"line":296,"column":2},"end":{"line":296,"column":null}},"type":"if","locations":[{"start":{"line":296,"column":2},"end":{"line":296,"column":null}},{"start":{},"end":{}}],"line":296},"68":{"loc":{"start":{"line":297,"column":2},"end":{"line":297,"column":null}},"type":"if","locations":[{"start":{"line":297,"column":2},"end":{"line":297,"column":null}},{"start":{},"end":{}}],"line":297},"69":{"loc":{"start":{"line":303,"column":2},"end":{"line":303,"column":null}},"type":"if","locations":[{"start":{"line":303,"column":2},"end":{"line":303,"column":null}},{"start":{},"end":{}}],"line":303},"70":{"loc":{"start":{"line":310,"column":2},"end":{"line":310,"column":null}},"type":"if","locations":[{"start":{"line":310,"column":2},"end":{"line":310,"column":null}},{"start":{},"end":{}}],"line":310}},"s":{"0":0,"1":0,"2":0,"3":0,"4":0,"5":0,"6":0,"7":0,"8":0,"9":0,"10":0,"11":0,"12":0,"13":0,"14":0,"15":0,"16":0,"17":0,"18":0,"19":0,"20":0,"21":0,"22":0,"23":0,"24":0,"25":0,"26":0,"27":0,"28":0,"29":0,"30":0,"31":0,"32":0,"33":0,"34":0,"35":0,"36":0,"37":0,"38":0,"39":0,"40":0,"41":0,"42":0,"43":0,"44":0,"45":0,"46":0,"47":0,"48":0,"49":0,"50":0,"51":0,"52":0,"53":0,"54":0,"55":0,"56":0,"57":0,"58":0,"59":0,"60":0,"61":0,"62":0,"63":0,"64":0,"65":0,"66":0,"67":0,"68":0,"69":0,"70":0,"71":0,"72":0,"73":0,"74":0,"75":0,"76":0,"77":0,"78":0,"79":0,"80":0,"81":0,"82":0,"83":0,"84":0,"85":0,"86":0,"87":0,"88":0,"89":0,"90":0,"91":0,"92":0,"93":0,"94":0,"95":0,"96":0,"97":0,"98":0,"99":0,"100":0,"101":0,"102":0,"103":0,"104":0,"105":0,"106":0,"107":0,"108":0,"109":0,"110":0,"111":0,"112":0,"113":0,"114":0,"115":0,"116":0,"117":0,"118":0,"119":0,"120":0,"121":0,"122":0,"123":0,"124":0,"125":0,"126":0,"127":0,"128":0,"129":0,"130":0,"131":0,"132":0,"133":0,"134":0,"135":0,"136":0,"137":0,"138":0,"139":0,"140":0,"141":0,"142":0,"143":0,"144":0,"145":0,"146":0,"147":0,"148":0,"149":0,"150":0,"151":0,"152":0,"153":0,"154":0,"155":0,"156":0,"157":0,"158":0,"159":0,"160":0,"161":0,"162":0,"163":0,"164":0,"165":0,"166":0,"167":0,"168":0,"169":0,"170":0,"171":0,"172":0,"173":0,"174":0,"175":0,"176":0,"177":0,"178":0,"179":0,"180":0,"181":0,"182":0,"183":0,"184":0,"185":0,"186":0,"187":0,"188":0,"189":0,"190":0,"191":0,"192":0,"193":0,"194":0,"195":0,"196":0,"197":0,"198":0,"199":0,"200":0,"201":0,"202":0,"203":0,"204":0,"205":0,"206":0,"207":0,"208":0,"209":0},"f":{"0":0,"1":0,"2":0,"3":0,"4":0,"5":0,"6":0,"7":0,"8":0,"9":0,"10":0,"11":0,"12":0,"13":0,"14":0,"15":0,"16":0,"17":0,"18":0,"19":0,"20":0,"21":0,"22":0,"23":0,"24":0},"b":{"0":[0,0],"1":[0,0],"2":[0,0,0],"3":[0,0],"4":[0,0],"5":[0,0],"6":[0,0,0],"7":[0,0],"8":[0,0,0,0],"9":[0,0],"10":[0,0],"11":[0,0],"12":[0,0],"13":[0,0],"14":[0,0],"15":[0,0],"16":[0,0],"17":[0,0],"18":[0,0],"19":[0,0],"20":[0,0],"21":[0,0],"22":[0,0],"23":[0,0],"24":[0,0],"25":[0,0],"26":[0,0],"27":[0,0],"28":[0,0],"29":[0,0],"30":[0,0],"31":[0,0],"32":[0,0,0],"33":[0,0],"34":[0,0],"35":[0,0],"36":[0,0],"37":[0,0],"38":[0,0],"39":[0,0],"40":[0,0],"41":[0,0],"42":[0,0],"43":[0,0],"44":[0,0],"45":[0,0],"46":[0,0],"47":[0,0],"48":[0,0],"49":[0,0],"50":[0,0],"51":[0,0],"52":[0,0],"53":[0,0],"54":[0,0],"55":[0,0],"56":[0,0],"57":[0,0],"58":[0,0],"59":[0,0],"60":[0,0],"61":[0,0],"62":[0,0],"63":[0,0],"64":[0,0],"65":[0,0],"66":[0,0],"67":[0,0],"68":[0,0],"69":[0,0],"70":[0,0]},"meta":{"lastBranch":71,"lastFunction":25,"lastStatement":210,"seen":{"f:6:9:6:26":0,"b:7:1:7:Infinity:undefined:undefined:undefined:undefined":0,"s:7:1:7:Infinity":0,"s:7:20:7:Infinity":1,"s:8:1:13:Infinity":2,"s:9:14:9:Infinity":3,"s:10:2:10:Infinity":4,"b:10:30:10:278:10:278:10:Infinity":1,"f:10:41:10:42":1,"s:10:85:10:170":5,"b:10:85:10:98:10:98:10:123:10:123:10:170":2,"f:10:176:10:177":2,"s:10:184:10:274":6,"b:10:234:10:268:10:268:10:270":3,"s:12:2:12:Infinity":7,"f:16:9:16:Infinity":3,"b:19:1:19:Infinity:undefined:undefined:undefined:undefined":4,"s:19:1:19:Infinity":8,"s:19:20:19:Infinity":9,"s:20:1:38:Infinity":10,"s:21:14:21:Infinity":11,"b:22:2:22:Infinity:undefined:undefined:undefined:undefined":5,"s:22:2:22:Infinity":12,"s:22:27:22:Infinity":13,"s:23:2:35:Infinity":14,"f:24:11:24:12":4,"s:25:4:25:Infinity":15,"b:25:11:25:24:25:24:25:49:25:49:25:Infinity":6,"f:27:8:27:9":5,"s:27:16:34:5":16,"b:31:8:31:Infinity:32:8:32:Infinity":7,"b:30:5:30:28:30:28:30:52:30:52:30:73:30:73:30:Infinity":8,"b:33:18:33:29:33:29:33:31":9,"f:35:11:35:12":6,"s:35:18:35:34":17,"s:37:2:37:Infinity":18,"s:41:36:130:Infinity":19,"f:41:36:41:43":7,"s:42:19:42:Infinity":20,"b:43:1:43:Infinity:undefined:undefined:undefined:undefined":10,"s:43:1:43:Infinity":21,"s:43:17:43:Infinity":22,"s:44:7:44:Infinity":23,"s:45:18:45:Infinity":24,"s:51:20:51:Infinity":25,"s:57:26:57:Infinity":26,"s:58:1:62:Infinity":27,"s:59:15:59:Infinity":28,"b:59:15:59:53:59:53:59:Infinity":11,"s:60:2:60:Infinity":29,"s:61:2:61:Infinity":30,"s:63:19:67:Infinity":31,"s:68:28:76:Infinity":32,"s:83:26:83:Infinity":33,"s:84:1:88:Infinity":34,"s:85:15:85:Infinity":35,"b:85:15:85:56:85:56:85:Infinity":12,"s:86:2:86:Infinity":36,"b:86:51:86:64:86:64:86:67":13,"s:87:2:87:Infinity":37,"s:90:14:90:Infinity":38,"s:91:27:91:Infinity":39,"b:91:34:91:86:91:86:91:Infinity":14,"s:93:20:93:Infinity":40,"b:93:20:93:55:93:55:93:Infinity":15,"s:95:2:95:Infinity":41,"b:95:29:95:41:95:41:95:Infinity":16,"b:95:98:95:109:95:109:95:Infinity":17,"b:95:41:95:69:95:69:95:98":18,"s:98:1:129:Infinity":42,"f:100:25:100:26":8,"s:100:33:104:4":43,"b:102:24:102:37:102:37:102:Infinity":19,"b:103:12:103:42:103:42:103:Infinity":20,"f:111:27:111:28":9,"s:111:35:115:4":44,"b:114:11:114:41:114:41:114:Infinity":21,"f:116:24:116:30":10,"s:117:15:117:Infinity":45,"s:120:13:120:Infinity":46,"b:121:3:121:Infinity:undefined:undefined:undefined:undefined":22,"s:121:3:121:Infinity":47,"s:121:11:121:Infinity":48,"s:122:3:122:Infinity":49,"f:124:16:124:22":11,"b:125:3:125:Infinity:undefined:undefined:undefined:undefined":23,"s:125:3:125:Infinity":50,"s:125:14:125:Infinity":51,"s:126:3:126:Infinity":52,"s:132:32:314:Infinity":53,"f:134:16:134:23":12,"s:135:20:135:Infinity":54,"b:136:2:136:Infinity:undefined:undefined:undefined:undefined":24,"s:136:2:136:Infinity":55,"s:136:18:136:Infinity":56,"s:137:15:137:Infinity":57,"s:138:16:138:Infinity":58,"s:139:15:139:Infinity":59,"s:140:19:140:Infinity":60,"b:140:19:140:61:140:61:140:Infinity":25,"s:141:22:141:Infinity":61,"b:142:2:142:Infinity:undefined:undefined:undefined:undefined":26,"s:142:2:142:Infinity":62,"b:142:6:142:15:142:15:142:21":27,"s:142:21:142:Infinity":63,"s:143:13:143:Infinity":64,"s:144:8:144:Infinity":65,"s:145:2:154:Infinity":66,"s:146:3:146:Infinity":67,"s:147:19:147:Infinity":68,"s:148:24:148:Infinity":69,"s:149:3:151:Infinity":70,"b:150:4:150:Infinity:undefined:undefined:undefined:undefined":28,"s:150:4:150:Infinity":71,"s:150:20:150:Infinity":72,"b:150:74:150:91:150:91:150:93":29,"s:153:3:153:Infinity":73,"s:155:2:155:Infinity":74,"f:157:16:157:23":13,"s:158:20:158:Infinity":75,"b:159:2:159:Infinity:undefined:undefined:undefined:undefined":30,"s:159:2:159:Infinity":76,"s:159:18:159:Infinity":77,"s:160:15:160:Infinity":78,"s:161:13:161:Infinity":79,"s:162:16:162:Infinity":80,"s:163:15:163:Infinity":81,"s:164:22:164:Infinity":82,"s:165:22:165:Infinity":83,"b:166:2:166:Infinity:undefined:undefined:undefined:undefined":31,"s:166:2:166:Infinity":84,"b:166:6:166:13:166:13:166:22:166:22:166:28":32,"s:166:28:166:Infinity":85,"s:167:8:167:Infinity":86,"s:168:37:168:Infinity":87,"s:169:19:169:Infinity":88,"b:170:2:173:Infinity:undefined:undefined:undefined:undefined":33,"s:170:2:173:Infinity":89,"b:170:6:170:28:170:28:170:56":34,"s:171:3:171:Infinity":90,"s:172:3:172:Infinity":91,"s:174:2:174:Infinity":92,"s:175:2:175:Infinity":93,"s:176:2:176:Infinity":94,"s:177:18:177:Infinity":95,"s:178:23:178:Infinity":96,"s:179:2:181:Infinity":97,"b:180:3:180:Infinity:undefined:undefined:undefined:undefined":35,"s:180:3:180:Infinity":98,"s:180:19:180:Infinity":99,"b:180:73:180:90:180:90:180:92":36,"s:182:2:182:Infinity":100,"f:184:16:184:23":14,"s:185:20:185:Infinity":101,"b:186:2:186:Infinity:undefined:undefined:undefined:undefined":37,"s:186:2:186:Infinity":102,"s:186:18:186:Infinity":103,"s:187:8:187:Infinity":104,"b:188:2:188:Infinity:undefined:undefined:undefined:undefined":38,"s:188:2:188:Infinity":105,"s:188:11:188:Infinity":106,"s:189:2:189:Infinity":107,"s:190:2:190:Infinity":108,"f:193:15:193:22":15,"s:194:20:194:Infinity":109,"b:195:2:195:Infinity:undefined:undefined:undefined:undefined":39,"s:195:2:195:Infinity":110,"s:195:18:195:Infinity":111,"s:196:15:196:Infinity":112,"s:197:15:197:Infinity":113,"s:198:17:198:Infinity":114,"b:198:17:198:57:198:57:198:Infinity":40,"s:199:16:199:Infinity":115,"b:199:16:199:47:199:47:199:Infinity":41,"b:200:2:200:Infinity:undefined:undefined:undefined:undefined":42,"s:200:2:200:Infinity":116,"s:200:12:200:Infinity":117,"s:201:13:201:Infinity":118,"s:202:2:206:Infinity":119,"s:203:3:203:Infinity":120,"s:205:3:205:Infinity":121,"s:207:2:207:Infinity":122,"f:209:15:209:22":16,"s:210:20:210:Infinity":123,"b:211:2:211:Infinity:undefined:undefined:undefined:undefined":43,"s:211:2:211:Infinity":124,"s:211:18:211:Infinity":125,"s:212:15:212:Infinity":126,"s:213:13:213:Infinity":127,"s:214:15:214:Infinity":128,"s:215:17:215:Infinity":129,"b:215:17:215:57:215:57:215:Infinity":44,"s:216:16:216:Infinity":130,"b:216:16:216:47:216:47:216:Infinity":45,"b:217:2:217:Infinity:undefined:undefined:undefined:undefined":46,"s:217:2:217:Infinity":131,"b:217:6:217:13:217:13:217:19":47,"s:217:19:217:Infinity":132,"s:218:2:218:Infinity":133,"s:219:2:219:Infinity":134,"f:221:15:221:22":17,"s:222:20:222:Infinity":135,"b:223:2:223:Infinity:undefined:undefined:undefined:undefined":48,"s:223:2:223:Infinity":136,"s:223:18:223:Infinity":137,"s:224:8:224:Infinity":138,"b:225:2:225:Infinity:undefined:undefined:undefined:undefined":49,"s:225:2:225:Infinity":139,"s:225:11:225:Infinity":140,"s:226:2:226:Infinity":141,"s:227:2:227:Infinity":142,"f:230:17:230:24":18,"s:231:20:231:Infinity":143,"b:232:2:232:Infinity:undefined:undefined:undefined:undefined":50,"s:232:2:232:Infinity":144,"s:232:18:232:Infinity":145,"s:233:15:233:Infinity":146,"s:234:15:234:Infinity":147,"b:234:22:234:42:234:42:234:44":51,"s:235:21:235:Infinity":148,"b:235:28:235:55:235:55:235:59":52,"b:236:2:236:Infinity:undefined:undefined:undefined:undefined":53,"s:236:2:236:Infinity":149,"s:236:13:236:Infinity":150,"s:237:17:237:Infinity":151,"b:238:2:238:Infinity:undefined:undefined:undefined:undefined":54,"s:238:2:238:Infinity":152,"s:238:27:238:Infinity":153,"s:240:8:240:Infinity":154,"s:241:21:241:Infinity":155,"s:242:2:244:Infinity":156,"s:245:22:247:Infinity":157,"s:248:2:250:Infinity":158,"f:248:17:248:18":19,"s:249:3:249:Infinity":159,"s:251:2:251:Infinity":160,"f:253:17:253:24":20,"s:254:20:254:Infinity":161,"b:255:2:255:Infinity:undefined:undefined:undefined:undefined":55,"s:255:2:255:Infinity":162,"s:255:18:255:Infinity":163,"s:256:15:256:Infinity":164,"s:257:13:257:Infinity":165,"b:257:20:257:38:257:38:257:40":56,"s:258:15:258:Infinity":166,"b:258:22:258:42:258:42:258:44":57,"s:259:21:259:Infinity":167,"b:259:28:259:55:259:55:259:59":58,"b:260:2:260:Infinity:undefined:undefined:undefined:undefined":59,"s:260:2:260:Infinity":168,"b:260:6:260:13:260:13:260:20":60,"s:260:20:260:Infinity":169,"s:261:17:261:Infinity":170,"b:262:2:262:Infinity:undefined:undefined:undefined:undefined":61,"s:262:2:262:Infinity":171,"s:262:27:262:Infinity":172,"s:264:8:264:Infinity":173,"s:265:19:267:Infinity":174,"b:268:2:268:Infinity:undefined:undefined:undefined:undefined":62,"s:268:2:268:Infinity":175,"s:268:17:268:Infinity":176,"b:269:2:271:Infinity:undefined:undefined:undefined:undefined":63,"s:269:2:271:Infinity":177,"s:270:3:270:Infinity":178,"s:273:2:277:Infinity":179,"s:278:2:278:Infinity":180,"s:279:22:281:Infinity":181,"s:282:2:284:Infinity":182,"f:282:17:282:18":21,"s:283:3:283:Infinity":183,"s:285:2:285:Infinity":184,"f:287:17:287:24":22,"s:288:20:288:Infinity":185,"b:289:2:289:Infinity:undefined:undefined:undefined:undefined":64,"s:289:2:289:Infinity":186,"s:289:18:289:Infinity":187,"s:290:13:290:Infinity":188,"b:290:13:290:60:290:60:290:62":65,"b:291:2:291:Infinity:undefined:undefined:undefined:undefined":66,"s:291:2:291:Infinity":189,"s:291:11:291:Infinity":190,"s:292:8:292:Infinity":191,"s:293:14:295:Infinity":192,"b:296:2:296:Infinity:undefined:undefined:undefined:undefined":67,"s:296:2:296:Infinity":193,"s:296:12:296:Infinity":194,"b:297:2:297:Infinity:undefined:undefined:undefined:undefined":68,"s:297:2:297:Infinity":195,"s:297:28:297:Infinity":196,"s:298:2:298:Infinity":197,"s:299:2:299:Infinity":198,"f:301:24:301:31":23,"s:302:20:302:Infinity":199,"b:303:2:303:Infinity:undefined:undefined:undefined:undefined":69,"s:303:2:303:Infinity":200,"s:303:18:303:Infinity":201,"s:304:16:304:Infinity":202,"s:305:2:305:Infinity":203,"s:306:2:306:Infinity":204,"f:308:22:308:29":24,"s:309:20:309:Infinity":205,"b:310:2:310:Infinity:undefined:undefined:undefined:undefined":70,"s:310:2:310:Infinity":206,"s:310:18:310:Infinity":207,"s:311:2:311:Infinity":208,"s:312:2:312:Infinity":209}}}
}
